{"/var/home/jflessenkemper/ASAP-discord/src/discord/circuitBreaker.ts": {"path":"/var/home/jflessenkemper/ASAP-discord/src/discord/circuitBreaker.ts","statementMap":{"0":{"start":{"line":15,"column":0},"end":{"line":15,"column":62}},"1":{"start":{"line":16,"column":0},"end":{"line":16,"column":59}},"2":{"start":{"line":17,"column":0},"end":{"line":17,"column":60}},"3":{"start":{"line":18,"column":0},"end":{"line":18,"column":46}},"4":{"start":{"line":19,"column":0},"end":{"line":19,"column":62}},"5":{"start":{"line":23,"column":8},"end":{"line":23,"column":124}},"6":{"start":{"line":24,"column":8},"end":{"line":24,"column":39}},"7":{"start":{"line":25,"column":8},"end":{"line":25,"column":39}},"8":{"start":{"line":28,"column":0},"end":{"line":28,"column":44}},"9":{"start":{"line":34,"column":12},"end":{"line":34,"column":20}},"10":{"start":{"line":35,"column":15},"end":{"line":35,"column":16}},"11":{"start":{"line":36,"column":16},"end":{"line":36,"column":17}},"12":{"start":{"line":37,"column":20},"end":{"line":37,"column":21}},"13":{"start":{"line":38,"column":20},"end":{"line":38,"column":21}},"14":{"start":{"line":39,"column":15},"end":{"line":39,"column":16}},"15":{"start":{"line":40,"column":28},"end":{"line":40,"column":33}},"16":{"start":{"line":42,"column":8},"end":{"line":42,"column":25}},"17":{"start":{"line":43,"column":8},"end":{"line":43,"column":49}},"18":{"start":{"line":44,"column":8},"end":{"line":44,"column":37}},"19":{"start":{"line":45,"column":8},"end":{"line":45,"column":33}},"20":{"start":{"line":52,"column":8},"end":{"line":52,"column":28}},"21":{"start":{"line":53,"column":8},"end":{"line":60,"column":9}},"22":{"start":{"line":54,"column":12},"end":{"line":59,"column":13}},"23":{"start":{"line":55,"column":16},"end":{"line":55,"column":41}},"24":{"start":{"line":58,"column":16},"end":{"line":58,"column":54}},"25":{"start":{"line":61,"column":8},"end":{"line":67,"column":9}},"26":{"start":{"line":62,"column":12},"end":{"line":65,"column":13}},"27":{"start":{"line":64,"column":16},"end":{"line":64,"column":54}},"28":{"start":{"line":66,"column":12},"end":{"line":66,"column":46}},"29":{"start":{"line":68,"column":8},"end":{"line":76,"column":9}},"30":{"start":{"line":69,"column":27},"end":{"line":69,"column":37}},"31":{"start":{"line":70,"column":12},"end":{"line":70,"column":29}},"32":{"start":{"line":71,"column":12},"end":{"line":71,"column":26}},"33":{"start":{"line":74,"column":12},"end":{"line":74,"column":29}},"34":{"start":{"line":75,"column":12},"end":{"line":75,"column":22}},"35":{"start":{"line":80,"column":8},"end":{"line":80,"column":28}},"36":{"start":{"line":81,"column":8},"end":{"line":82,"column":24}},"37":{"start":{"line":82,"column":12},"end":{"line":82,"column":24}},"38":{"start":{"line":83,"column":8},"end":{"line":85,"column":9}},"39":{"start":{"line":84,"column":12},"end":{"line":84,"column":65}},"40":{"start":{"line":87,"column":8},"end":{"line":87,"column":43}},"41":{"start":{"line":91,"column":8},"end":{"line":91,"column":30}},"42":{"start":{"line":92,"column":8},"end":{"line":92,"column":26}},"43":{"start":{"line":93,"column":8},"end":{"line":93,"column":27}},"44":{"start":{"line":94,"column":8},"end":{"line":94,"column":43}},"45":{"start":{"line":98,"column":8},"end":{"line":98,"column":25}},"46":{"start":{"line":102,"column":8},"end":{"line":102,"column":25}},"47":{"start":{"line":106,"column":8},"end":{"line":115,"column":10}},"48":{"start":{"line":118,"column":8},"end":{"line":118,"column":25}},"49":{"start":{"line":119,"column":8},"end":{"line":119,"column":40}},"50":{"start":{"line":120,"column":8},"end":{"line":120,"column":43}},"51":{"start":{"line":121,"column":8},"end":{"line":125,"column":9}},"52":{"start":{"line":123,"column":12},"end":{"line":123,"column":34}},"53":{"start":{"line":124,"column":12},"end":{"line":124,"column":30}},"54":{"start":{"line":128,"column":8},"end":{"line":128,"column":24}},"55":{"start":{"line":129,"column":8},"end":{"line":129,"column":40}},"56":{"start":{"line":130,"column":8},"end":{"line":130,"column":43}},"57":{"start":{"line":131,"column":8},"end":{"line":136,"column":9}},"58":{"start":{"line":133,"column":12},"end":{"line":133,"column":32}},"59":{"start":{"line":134,"column":12},"end":{"line":134,"column":39}},"60":{"start":{"line":135,"column":12},"end":{"line":135,"column":19}},"61":{"start":{"line":137,"column":8},"end":{"line":141,"column":9}},"62":{"start":{"line":138,"column":12},"end":{"line":138,"column":32}},"63":{"start":{"line":139,"column":12},"end":{"line":139,"column":39}},"64":{"start":{"line":140,"column":12},"end":{"line":140,"column":135}},"65":{"start":{"line":145,"column":26},"end":{"line":145,"column":74}},"66":{"start":{"line":146,"column":8},"end":{"line":152,"column":9}},"67":{"start":{"line":147,"column":12},"end":{"line":147,"column":58}},"68":{"start":{"line":148,"column":12},"end":{"line":148,"column":60}},"69":{"start":{"line":149,"column":12},"end":{"line":151,"column":13}},"70":{"start":{"line":150,"column":16},"end":{"line":150,"column":38}},"71":{"start":{"line":155,"column":0},"end":{"line":155,"column":40}},"72":{"start":{"line":158,"column":25},"end":{"line":191,"column":1}},"73":{"start":{"line":192,"column":17},"end":{"line":192,"column":26}},"74":{"start":{"line":195,"column":18},"end":{"line":195,"column":39}},"75":{"start":{"line":196,"column":4},"end":{"line":199,"column":5}},"76":{"start":{"line":197,"column":8},"end":{"line":197,"column":46}},"77":{"start":{"line":198,"column":8},"end":{"line":198,"column":39}},"78":{"start":{"line":200,"column":4},"end":{"line":200,"column":19}},"79":{"start":{"line":207,"column":20},"end":{"line":207,"column":46}},"80":{"start":{"line":208,"column":4},"end":{"line":209,"column":25}},"81":{"start":{"line":209,"column":8},"end":{"line":209,"column":25}},"82":{"start":{"line":210,"column":4},"end":{"line":210,"column":39}},"83":{"start":{"line":216,"column":4},"end":{"line":216,"column":43}},"84":{"start":{"line":222,"column":4},"end":{"line":222,"column":66}},"85":{"start":{"line":222,"column":52},"end":{"line":222,"column":64}}},"fnMap":{"0":{"name":"(anonymous_0)","decl":{"start":{"line":22,"column":4},"end":{"line":22,"column":5}},"loc":{"start":{"line":22,"column":29},"end":{"line":26,"column":5}},"line":22},"1":{"name":"(anonymous_1)","decl":{"start":{"line":41,"column":4},"end":{"line":41,"column":5}},"loc":{"start":{"line":41,"column":85},"end":{"line":46,"column":5}},"line":41},"2":{"name":"(anonymous_2)","decl":{"start":{"line":51,"column":4},"end":{"line":51,"column":5}},"loc":{"start":{"line":51,"column":19},"end":{"line":77,"column":5}},"line":51},"3":{"name":"(anonymous_3)","decl":{"start":{"line":79,"column":4},"end":{"line":79,"column":5}},"loc":{"start":{"line":79,"column":18},"end":{"line":88,"column":5}},"line":79},"4":{"name":"(anonymous_4)","decl":{"start":{"line":90,"column":4},"end":{"line":90,"column":5}},"loc":{"start":{"line":90,"column":12},"end":{"line":95,"column":5}},"line":90},"5":{"name":"(anonymous_5)","decl":{"start":{"line":97,"column":4},"end":{"line":97,"column":5}},"loc":{"start":{"line":97,"column":20},"end":{"line":99,"column":5}},"line":97},"6":{"name":"(anonymous_6)","decl":{"start":{"line":101,"column":4},"end":{"line":101,"column":5}},"loc":{"start":{"line":101,"column":20},"end":{"line":103,"column":5}},"line":101},"7":{"name":"(anonymous_7)","decl":{"start":{"line":105,"column":4},"end":{"line":105,"column":5}},"loc":{"start":{"line":105,"column":15},"end":{"line":116,"column":5}},"line":105},"8":{"name":"(anonymous_8)","decl":{"start":{"line":117,"column":4},"end":{"line":117,"column":5}},"loc":{"start":{"line":117,"column":16},"end":{"line":126,"column":5}},"line":117},"9":{"name":"(anonymous_9)","decl":{"start":{"line":127,"column":4},"end":{"line":127,"column":5}},"loc":{"start":{"line":127,"column":16},"end":{"line":142,"column":5}},"line":127},"10":{"name":"(anonymous_10)","decl":{"start":{"line":144,"column":4},"end":{"line":144,"column":5}},"loc":{"start":{"line":144,"column":19},"end":{"line":153,"column":5}},"line":144},"11":{"name":"getOrCreateBreaker","decl":{"start":{"line":194,"column":9},"end":{"line":194,"column":27}},"loc":{"start":{"line":194,"column":37},"end":{"line":201,"column":1}},"line":194},"12":{"name":"getCircuitBreakerForTool","decl":{"start":{"line":206,"column":9},"end":{"line":206,"column":33}},"loc":{"start":{"line":206,"column":44},"end":{"line":211,"column":1}},"line":206},"13":{"name":"getCircuitBreaker","decl":{"start":{"line":215,"column":9},"end":{"line":215,"column":26}},"loc":{"start":{"line":215,"column":40},"end":{"line":217,"column":1}},"line":215},"14":{"name":"getAllCircuitBreakerStats","decl":{"start":{"line":221,"column":9},"end":{"line":221,"column":34}},"loc":{"start":{"line":221,"column":37},"end":{"line":223,"column":1}},"line":221},"15":{"name":"(anonymous_15)","decl":{"start":{"line":222,"column":45},"end":{"line":222,"column":46}},"loc":{"start":{"line":222,"column":52},"end":{"line":222,"column":64}},"line":222}},"branchMap":{"0":{"loc":{"start":{"line":41,"column":22},"end":{"line":41,"column":42}},"type":"default-arg","locations":[{"start":{"line":41,"column":41},"end":{"line":41,"column":42}}],"line":41},"1":{"loc":{"start":{"line":41,"column":44},"end":{"line":41,"column":63}},"type":"default-arg","locations":[{"start":{"line":41,"column":57},"end":{"line":41,"column":63}}],"line":41},"2":{"loc":{"start":{"line":41,"column":65},"end":{"line":41,"column":83}},"type":"default-arg","locations":[{"start":{"line":41,"column":76},"end":{"line":41,"column":83}}],"line":41},"3":{"loc":{"start":{"line":53,"column":8},"end":{"line":60,"column":9}},"type":"if","locations":[{"start":{"line":53,"column":8},"end":{"line":60,"column":9}},{"start":{},"end":{}}],"line":53},"4":{"loc":{"start":{"line":54,"column":12},"end":{"line":59,"column":13}},"type":"if","locations":[{"start":{"line":54,"column":12},"end":{"line":59,"column":13}},{"start":{"line":57,"column":17},"end":{"line":59,"column":13}}],"line":54},"5":{"loc":{"start":{"line":61,"column":8},"end":{"line":67,"column":9}},"type":"if","locations":[{"start":{"line":61,"column":8},"end":{"line":67,"column":9}},{"start":{},"end":{}}],"line":61},"6":{"loc":{"start":{"line":62,"column":12},"end":{"line":65,"column":13}},"type":"if","locations":[{"start":{"line":62,"column":12},"end":{"line":65,"column":13}},{"start":{},"end":{}}],"line":62},"7":{"loc":{"start":{"line":81,"column":8},"end":{"line":82,"column":24}},"type":"if","locations":[{"start":{"line":81,"column":8},"end":{"line":82,"column":24}},{"start":{},"end":{}}],"line":81},"8":{"loc":{"start":{"line":83,"column":8},"end":{"line":85,"column":9}},"type":"if","locations":[{"start":{"line":83,"column":8},"end":{"line":85,"column":9}},{"start":{},"end":{}}],"line":83},"9":{"loc":{"start":{"line":121,"column":8},"end":{"line":125,"column":9}},"type":"if","locations":[{"start":{"line":121,"column":8},"end":{"line":125,"column":9}},{"start":{},"end":{}}],"line":121},"10":{"loc":{"start":{"line":131,"column":8},"end":{"line":136,"column":9}},"type":"if","locations":[{"start":{"line":131,"column":8},"end":{"line":136,"column":9}},{"start":{},"end":{}}],"line":131},"11":{"loc":{"start":{"line":137,"column":8},"end":{"line":141,"column":9}},"type":"if","locations":[{"start":{"line":137,"column":8},"end":{"line":141,"column":9}},{"start":{},"end":{}}],"line":137},"12":{"loc":{"start":{"line":146,"column":8},"end":{"line":152,"column":9}},"type":"if","locations":[{"start":{"line":146,"column":8},"end":{"line":152,"column":9}},{"start":{},"end":{}}],"line":146},"13":{"loc":{"start":{"line":146,"column":12},"end":{"line":146,"column":67}},"type":"binary-expr","locations":[{"start":{"line":146,"column":12},"end":{"line":146,"column":25}},{"start":{"line":146,"column":29},"end":{"line":146,"column":67}}],"line":146},"14":{"loc":{"start":{"line":149,"column":12},"end":{"line":151,"column":13}},"type":"if","locations":[{"start":{"line":149,"column":12},"end":{"line":151,"column":13}},{"start":{},"end":{}}],"line":149},"15":{"loc":{"start":{"line":149,"column":16},"end":{"line":149,"column":78}},"type":"binary-expr","locations":[{"start":{"line":149,"column":16},"end":{"line":149,"column":37}},{"start":{"line":149,"column":41},"end":{"line":149,"column":78}}],"line":149},"16":{"loc":{"start":{"line":196,"column":4},"end":{"line":199,"column":5}},"type":"if","locations":[{"start":{"line":196,"column":4},"end":{"line":199,"column":5}},{"start":{},"end":{}}],"line":196},"17":{"loc":{"start":{"line":208,"column":4},"end":{"line":209,"column":25}},"type":"if","locations":[{"start":{"line":208,"column":4},"end":{"line":209,"column":25}},{"start":{},"end":{}}],"line":208}},"s":{"0":5,"1":5,"2":5,"3":5,"4":5,"5":5,"6":5,"7":5,"8":5,"9":24,"10":24,"11":24,"12":24,"13":24,"14":24,"15":24,"16":24,"17":24,"18":24,"19":24,"20":51,"21":51,"22":9,"23":5,"24":4,"25":47,"26":5,"27":0,"28":5,"29":47,"30":47,"31":5,"32":5,"33":42,"34":42,"35":6,"36":6,"37":4,"38":2,"39":2,"40":0,"41":2,"42":2,"43":2,"44":2,"45":2,"46":3,"47":32,"48":7,"49":7,"50":7,"51":7,"52":1,"53":1,"54":45,"55":45,"56":45,"57":45,"58":4,"59":4,"60":4,"61":41,"62":15,"63":15,"64":15,"65":57,"66":57,"67":2,"68":2,"69":2,"70":2,"71":5,"72":5,"73":5,"74":5,"75":5,"76":2,"77":2,"78":5,"79":5,"80":5,"81":1,"82":4,"83":1,"84":1,"85":2},"f":{"0":5,"1":24,"2":51,"3":6,"4":2,"5":2,"6":3,"7":32,"8":7,"9":45,"10":57,"11":5,"12":5,"13":1,"14":1,"15":2},"b":{"0":[2],"1":[2],"2":[10],"3":[9,42],"4":[5,4],"5":[5,42],"6":[0,5],"7":[4,2],"8":[2,0],"9":[1,6],"10":[4,41],"11":[15,26],"12":[2,55],"13":[57,39],"14":[2,0],"15":[2,2],"16":[2,3],"17":[1,4]},"_coverageSchema":"1a1c01bbd47fc00a2c39e90264f33305004495a9","hash":"2d4b1826a9855434da7da029fd17db3208f4d697"}
}
