{"total": {"lines":{"total":14030,"covered":6005,"skipped":0,"pct":42.8},"statements":{"total":14613,"covered":6170,"skipped":0,"pct":42.22},"functions":{"total":2108,"covered":863,"skipped":0,"pct":40.93},"branches":{"total":10615,"covered":3476,"skipped":0,"pct":32.74},"branchesTrue":{"total":0,"covered":0,"skipped":0,"pct":100}}
,"/var/home/jflessenkemper/ASAP-discord/src/db/checkAndGrantAgentMemoryPerms.ts": {"lines":{"total":134,"covered":131,"skipped":0,"pct":97.76},"functions":{"total":18,"covered":18,"skipped":0,"pct":100},"statements":{"total":135,"covered":132,"skipped":0,"pct":97.77},"branches":{"total":66,"covered":58,"skipped":0,"pct":87.87}}
,"/var/home/jflessenkemper/ASAP-discord/src/db/migrate.ts": {"lines":{"total":54,"covered":54,"skipped":0,"pct":100},"functions":{"total":8,"covered":8,"skipped":0,"pct":100},"statements":{"total":56,"covered":56,"skipped":0,"pct":100},"branches":{"total":17,"covered":17,"skipped":0,"pct":100}}
,"/var/home/jflessenkemper/ASAP-discord/src/db/pool.ts": {"lines":{"total":81,"covered":78,"skipped":0,"pct":96.29},"functions":{"total":11,"covered":11,"skipped":0,"pct":100},"statements":{"total":82,"covered":79,"skipped":0,"pct":96.34},"branches":{"total":91,"covered":85,"skipped":0,"pct":93.4}}
,"/var/home/jflessenkemper/ASAP-discord/src/db/seed.ts": {"lines":{"total":17,"covered":17,"skipped":0,"pct":100},"functions":{"total":3,"covered":3,"skipped":0,"pct":100},"statements":{"total":17,"covered":17,"skipped":0,"pct":100},"branches":{"total":9,"covered":9,"skipped":0,"pct":100}}
,"/var/home/jflessenkemper/ASAP-discord/src/discord/activityLog.ts": {"lines":{"total":44,"covered":44,"skipped":0,"pct":100},"functions":{"total":6,"covered":6,"skipped":0,"pct":100},"statements":{"total":44,"covered":44,"skipped":0,"pct":100},"branches":{"total":70,"covered":67,"skipped":0,"pct":95.71}}
,"/var/home/jflessenkemper/ASAP-discord/src/discord/agents.ts": {"lines":{"total":109,"covered":108,"skipped":0,"pct":99.08},"functions":{"total":23,"covered":23,"skipped":0,"pct":100},"statements":{"total":112,"covered":111,"skipped":0,"pct":99.1},"branches":{"total":55,"covered":48,"skipped":0,"pct":87.27}}
,"/var/home/jflessenkemper/ASAP-discord/src/discord/bot.single.ts": {"lines":{"total":23,"covered":23,"skipped":0,"pct":100},"functions":{"total":14,"covered":14,"skipped":0,"pct":100},"statements":{"total":37,"covered":37,"skipped":0,"pct":100},"branches":{"total":0,"covered":0,"skipped":0,"pct":100}}
,"/var/home/jflessenkemper/ASAP-discord/src/discord/bot.ts": {"lines":{"total":528,"covered":19,"skipped":0,"pct":3.59},"functions":{"total":72,"covered":1,"skipped":0,"pct":1.38},"statements":{"total":540,"covered":19,"skipped":0,"pct":3.51},"branches":{"total":415,"covered":6,"skipped":0,"pct":1.44}}
,"/var/home/jflessenkemper/ASAP-discord/src/discord/channelCompletionCheck.ts": {"lines":{"total":154,"covered":139,"skipped":0,"pct":90.25},"functions":{"total":32,"covered":30,"skipped":0,"pct":93.75},"statements":{"total":170,"covered":153,"skipped":0,"pct":90},"branches":{"total":89,"covered":69,"skipped":0,"pct":77.52}}
,"/var/home/jflessenkemper/ASAP-discord/src/discord/circuitBreaker.ts": {"lines":{"total":85,"covered":83,"skipped":0,"pct":97.64},"functions":{"total":16,"covered":16,"skipped":0,"pct":100},"statements":{"total":86,"covered":84,"skipped":0,"pct":97.67},"branches":{"total":33,"covered":30,"skipped":0,"pct":90.9}}
,"/var/home/jflessenkemper/ASAP-discord/src/discord/claude.ts": {"lines":{"total":1757,"covered":238,"skipped":0,"pct":13.54},"functions":{"total":253,"covered":12,"skipped":0,"pct":4.74},"statements":{"total":1839,"covered":240,"skipped":0,"pct":13.05},"branches":{"total":1747,"covered":218,"skipped":0,"pct":12.47}}
,"/var/home/jflessenkemper/ASAP-discord/src/discord/commands.ts": {"lines":{"total":15,"covered":15,"skipped":0,"pct":100},"functions":{"total":6,"covered":6,"skipped":0,"pct":100},"statements":{"total":15,"covered":15,"skipped":0,"pct":100},"branches":{"total":0,"covered":0,"skipped":0,"pct":100}}
,"/var/home/jflessenkemper/ASAP-discord/src/discord/contextCache.ts": {"lines":{"total":90,"covered":87,"skipped":0,"pct":96.66},"functions":{"total":8,"covered":8,"skipped":0,"pct":100},"statements":{"total":91,"covered":88,"skipped":0,"pct":96.7},"branches":{"total":47,"covered":40,"skipped":0,"pct":85.1}}
,"/var/home/jflessenkemper/ASAP-discord/src/discord/envSandbox.ts": {"lines":{"total":21,"covered":21,"skipped":0,"pct":100},"functions":{"total":3,"covered":3,"skipped":0,"pct":100},"statements":{"total":22,"covered":22,"skipped":0,"pct":100},"branches":{"total":8,"covered":8,"skipped":0,"pct":100}}
,"/var/home/jflessenkemper/ASAP-discord/src/discord/guardrails.ts": {"lines":{"total":146,"covered":139,"skipped":0,"pct":95.2},"functions":{"total":20,"covered":15,"skipped":0,"pct":75},"statements":{"total":160,"covered":147,"skipped":0,"pct":91.87},"branches":{"total":122,"covered":104,"skipped":0,"pct":85.24}}
,"/var/home/jflessenkemper/ASAP-discord/src/discord/handoff.ts": {"lines":{"total":47,"covered":47,"skipped":0,"pct":100},"functions":{"total":5,"covered":5,"skipped":0,"pct":100},"statements":{"total":47,"covered":47,"skipped":0,"pct":100},"branches":{"total":40,"covered":40,"skipped":0,"pct":100}}
,"/var/home/jflessenkemper/ASAP-discord/src/discord/memory.ts": {"lines":{"total":255,"covered":208,"skipped":0,"pct":81.56},"functions":{"total":49,"covered":40,"skipped":0,"pct":81.63},"statements":{"total":273,"covered":220,"skipped":0,"pct":80.58},"branches":{"total":162,"covered":105,"skipped":0,"pct":64.81}}
,"/var/home/jflessenkemper/ASAP-discord/src/discord/metrics.ts": {"lines":{"total":91,"covered":91,"skipped":0,"pct":100},"functions":{"total":21,"covered":21,"skipped":0,"pct":100},"statements":{"total":93,"covered":93,"skipped":0,"pct":100},"branches":{"total":38,"covered":29,"skipped":0,"pct":76.31}}
,"/var/home/jflessenkemper/ASAP-discord/src/discord/modelHealth.ts": {"lines":{"total":96,"covered":89,"skipped":0,"pct":92.7},"functions":{"total":14,"covered":14,"skipped":0,"pct":100},"statements":{"total":96,"covered":89,"skipped":0,"pct":92.7},"branches":{"total":59,"covered":45,"skipped":0,"pct":76.27}}
,"/var/home/jflessenkemper/ASAP-discord/src/discord/setup.ts": {"lines":{"total":250,"covered":229,"skipped":0,"pct":91.6},"functions":{"total":32,"covered":32,"skipped":0,"pct":100},"statements":{"total":271,"covered":249,"skipped":0,"pct":91.88},"branches":{"total":127,"covered":100,"skipped":0,"pct":78.74}}
,"/var/home/jflessenkemper/ASAP-discord/src/discord/test-definitions.ts": {"lines":{"total":6,"covered":6,"skipped":0,"pct":100},"functions":{"total":1,"covered":1,"skipped":0,"pct":100},"statements":{"total":6,"covered":6,"skipped":0,"pct":100},"branches":{"total":0,"covered":0,"skipped":0,"pct":100}}
,"/var/home/jflessenkemper/ASAP-discord/src/discord/tester.ts": {"lines":{"total":1258,"covered":0,"skipped":0,"pct":0},"functions":{"total":200,"covered":0,"skipped":0,"pct":0},"statements":{"total":1351,"covered":0,"skipped":0,"pct":0},"branches":{"total":1014,"covered":0,"skipped":0,"pct":0}}
,"/var/home/jflessenkemper/ASAP-discord/src/discord/tools.ts": {"lines":{"total":1582,"covered":203,"skipped":0,"pct":12.83},"functions":{"total":197,"covered":26,"skipped":0,"pct":13.19},"statements":{"total":1664,"covered":213,"skipped":0,"pct":12.8},"branches":{"total":1286,"covered":106,"skipped":0,"pct":8.24}}
,"/var/home/jflessenkemper/ASAP-discord/src/discord/toolsDb.ts": {"lines":{"total":108,"covered":90,"skipped":0,"pct":83.33},"functions":{"total":22,"covered":15,"skipped":0,"pct":68.18},"statements":{"total":125,"covered":97,"skipped":0,"pct":77.6},"branches":{"total":89,"covered":64,"skipped":0,"pct":71.91}}
,"/var/home/jflessenkemper/ASAP-discord/src/discord/toolsGcp.ts": {"lines":{"total":183,"covered":181,"skipped":0,"pct":98.9},"functions":{"total":27,"covered":27,"skipped":0,"pct":100},"statements":{"total":186,"covered":184,"skipped":0,"pct":98.92},"branches":{"total":96,"covered":79,"skipped":0,"pct":82.29}}
,"/var/home/jflessenkemper/ASAP-discord/src/discord/tracing.ts": {"lines":{"total":61,"covered":60,"skipped":0,"pct":98.36},"functions":{"total":11,"covered":11,"skipped":0,"pct":100},"statements":{"total":61,"covered":60,"skipped":0,"pct":98.36},"branches":{"total":82,"covered":72,"skipped":0,"pct":87.8}}
,"/var/home/jflessenkemper/ASAP-discord/src/discord/usage.ts": {"lines":{"total":398,"covered":313,"skipped":0,"pct":78.64},"functions":{"total":53,"covered":45,"skipped":0,"pct":84.9},"statements":{"total":401,"covered":315,"skipped":0,"pct":78.55},"branches":{"total":283,"covered":173,"skipped":0,"pct":61.13}}
,"/var/home/jflessenkemper/ASAP-discord/src/discord/vectorMemory.ts": {"lines":{"total":165,"covered":158,"skipped":0,"pct":95.75},"functions":{"total":26,"covered":21,"skipped":0,"pct":80.76},"statements":{"total":180,"covered":167,"skipped":0,"pct":92.77},"branches":{"total":132,"covered":112,"skipped":0,"pct":84.84}}
,"/var/home/jflessenkemper/ASAP-discord/src/discord/handlers/callSession.ts": {"lines":{"total":650,"covered":391,"skipped":0,"pct":60.15},"functions":{"total":74,"covered":32,"skipped":0,"pct":43.24},"statements":{"total":672,"covered":396,"skipped":0,"pct":58.92},"branches":{"total":491,"covered":240,"skipped":0,"pct":48.87}}
,"/var/home/jflessenkemper/ASAP-discord/src/discord/handlers/designDeliverable.ts": {"lines":{"total":17,"covered":17,"skipped":0,"pct":100},"functions":{"total":4,"covered":4,"skipped":0,"pct":100},"statements":{"total":17,"covered":17,"skipped":0,"pct":100},"branches":{"total":4,"covered":4,"skipped":0,"pct":100}}
,"/var/home/jflessenkemper/ASAP-discord/src/discord/handlers/documentation.ts": {"lines":{"total":15,"covered":15,"skipped":0,"pct":100},"functions":{"total":2,"covered":2,"skipped":0,"pct":100},"statements":{"total":15,"covered":15,"skipped":0,"pct":100},"branches":{"total":6,"covered":5,"skipped":0,"pct":83.33}}
,"/var/home/jflessenkemper/ASAP-discord/src/discord/handlers/github.ts": {"lines":{"total":93,"covered":93,"skipped":0,"pct":100},"functions":{"total":7,"covered":7,"skipped":0,"pct":100},"statements":{"total":93,"covered":93,"skipped":0,"pct":100},"branches":{"total":147,"covered":136,"skipped":0,"pct":92.51}}
,"/var/home/jflessenkemper/ASAP-discord/src/discord/handlers/goalState.ts": {"lines":{"total":60,"covered":60,"skipped":0,"pct":100},"functions":{"total":11,"covered":11,"skipped":0,"pct":100},"statements":{"total":60,"covered":60,"skipped":0,"pct":100},"branches":{"total":32,"covered":29,"skipped":0,"pct":90.62}}
,"/var/home/jflessenkemper/ASAP-discord/src/discord/handlers/groupchat.ts": {"lines":{"total":1851,"covered":29,"skipped":0,"pct":1.56},"functions":{"total":286,"covered":2,"skipped":0,"pct":0.69},"statements":{"total":1895,"covered":29,"skipped":0,"pct":1.53},"branches":{"total":1456,"covered":17,"skipped":0,"pct":1.16}}
,"/var/home/jflessenkemper/ASAP-discord/src/discord/handlers/responseNormalization.ts": {"lines":{"total":5,"covered":5,"skipped":0,"pct":100},"functions":{"total":1,"covered":1,"skipped":0,"pct":100},"statements":{"total":5,"covered":5,"skipped":0,"pct":100},"branches":{"total":0,"covered":0,"skipped":0,"pct":100}}
,"/var/home/jflessenkemper/ASAP-discord/src/discord/handlers/review.ts": {"lines":{"total":46,"covered":46,"skipped":0,"pct":100},"functions":{"total":4,"covered":4,"skipped":0,"pct":100},"statements":{"total":48,"covered":48,"skipped":0,"pct":100},"branches":{"total":14,"covered":14,"skipped":0,"pct":100}}
,"/var/home/jflessenkemper/ASAP-discord/src/discord/handlers/textChannel.ts": {"lines":{"total":458,"covered":56,"skipped":0,"pct":12.22},"functions":{"total":68,"covered":3,"skipped":0,"pct":4.41},"statements":{"total":465,"covered":56,"skipped":0,"pct":12.04},"branches":{"total":350,"covered":37,"skipped":0,"pct":10.57}}
,"/var/home/jflessenkemper/ASAP-discord/src/discord/services/agentErrors.ts": {"lines":{"total":16,"covered":16,"skipped":0,"pct":100},"functions":{"total":3,"covered":3,"skipped":0,"pct":100},"statements":{"total":16,"covered":16,"skipped":0,"pct":100},"branches":{"total":21,"covered":19,"skipped":0,"pct":90.47}}
,"/var/home/jflessenkemper/ASAP-discord/src/discord/services/browserRuntime.ts": {"lines":{"total":20,"covered":20,"skipped":0,"pct":100},"functions":{"total":2,"covered":2,"skipped":0,"pct":100},"statements":{"total":20,"covered":20,"skipped":0,"pct":100},"branches":{"total":19,"covered":19,"skipped":0,"pct":100}}
,"/var/home/jflessenkemper/ASAP-discord/src/discord/services/diagnosticsWebhook.ts": {"lines":{"total":44,"covered":44,"skipped":0,"pct":100},"functions":{"total":7,"covered":7,"skipped":0,"pct":100},"statements":{"total":45,"covered":45,"skipped":0,"pct":100},"branches":{"total":39,"covered":36,"skipped":0,"pct":92.3}}
,"/var/home/jflessenkemper/ASAP-discord/src/discord/services/mobileHarness.ts": {"lines":{"total":94,"covered":91,"skipped":0,"pct":96.8},"functions":{"total":23,"covered":20,"skipped":0,"pct":86.95},"statements":{"total":102,"covered":99,"skipped":0,"pct":97.05},"branches":{"total":50,"covered":44,"skipped":0,"pct":88}}
,"/var/home/jflessenkemper/ASAP-discord/src/discord/services/modelHealth.ts": {"lines":{"total":198,"covered":178,"skipped":0,"pct":89.89},"functions":{"total":25,"covered":22,"skipped":0,"pct":88},"statements":{"total":207,"covered":184,"skipped":0,"pct":88.88},"branches":{"total":126,"covered":99,"skipped":0,"pct":78.57}}
,"/var/home/jflessenkemper/ASAP-discord/src/discord/services/opsFeed.ts": {"lines":{"total":131,"covered":128,"skipped":0,"pct":97.7},"functions":{"total":28,"covered":24,"skipped":0,"pct":85.71},"statements":{"total":132,"covered":129,"skipped":0,"pct":97.72},"branches":{"total":111,"covered":97,"skipped":0,"pct":87.38}}
,"/var/home/jflessenkemper/ASAP-discord/src/discord/services/screenshots.ts": {"lines":{"total":120,"covered":103,"skipped":0,"pct":85.83},"functions":{"total":29,"covered":16,"skipped":0,"pct":55.17},"statements":{"total":128,"covered":109,"skipped":0,"pct":85.15},"branches":{"total":53,"covered":41,"skipped":0,"pct":77.35}}
,"/var/home/jflessenkemper/ASAP-discord/src/discord/services/telephony.ts": {"lines":{"total":349,"covered":144,"skipped":0,"pct":41.26},"functions":{"total":54,"covered":24,"skipped":0,"pct":44.44},"statements":{"total":373,"covered":147,"skipped":0,"pct":39.41},"branches":{"total":215,"covered":78,"skipped":0,"pct":36.27}}
,"/var/home/jflessenkemper/ASAP-discord/src/discord/services/webhooks.ts": {"lines":{"total":50,"covered":50,"skipped":0,"pct":100},"functions":{"total":7,"covered":7,"skipped":0,"pct":100},"statements":{"total":51,"covered":51,"skipped":0,"pct":100},"branches":{"total":43,"covered":40,"skipped":0,"pct":93.02}}
,"/var/home/jflessenkemper/ASAP-discord/src/discord/ui/constants.ts": {"lines":{"total":19,"covered":19,"skipped":0,"pct":100},"functions":{"total":2,"covered":2,"skipped":0,"pct":100},"statements":{"total":19,"covered":19,"skipped":0,"pct":100},"branches":{"total":10,"covered":10,"skipped":0,"pct":100}}
,"/var/home/jflessenkemper/ASAP-discord/src/discord/voice/connection.ts": {"lines":{"total":578,"covered":418,"skipped":0,"pct":72.31},"functions":{"total":84,"covered":59,"skipped":0,"pct":70.23},"statements":{"total":581,"covered":419,"skipped":0,"pct":72.11},"branches":{"total":299,"covered":164,"skipped":0,"pct":54.84}}
,"/var/home/jflessenkemper/ASAP-discord/src/discord/voice/deepgram.ts": {"lines":{"total":40,"covered":40,"skipped":0,"pct":100},"functions":{"total":8,"covered":8,"skipped":0,"pct":100},"statements":{"total":40,"covered":40,"skipped":0,"pct":100},"branches":{"total":29,"covered":28,"skipped":0,"pct":96.55}}
,"/var/home/jflessenkemper/ASAP-discord/src/discord/voice/elevenlabs.ts": {"lines":{"total":77,"covered":76,"skipped":0,"pct":98.7},"functions":{"total":12,"covered":12,"skipped":0,"pct":100},"statements":{"total":79,"covered":78,"skipped":0,"pct":98.73},"branches":{"total":51,"covered":46,"skipped":0,"pct":90.19}}
,"/var/home/jflessenkemper/ASAP-discord/src/discord/voice/elevenlabsConvai.ts": {"lines":{"total":105,"covered":100,"skipped":0,"pct":95.23},"functions":{"total":18,"covered":17,"skipped":0,"pct":94.44},"statements":{"total":106,"covered":100,"skipped":0,"pct":94.33},"branches":{"total":86,"covered":75,"skipped":0,"pct":87.2}}
,"/var/home/jflessenkemper/ASAP-discord/src/discord/voice/elevenlabsRealtime.ts": {"lines":{"total":103,"covered":99,"skipped":0,"pct":96.11},"functions":{"total":15,"covered":15,"skipped":0,"pct":100},"statements":{"total":106,"covered":102,"skipped":0,"pct":96.22},"branches":{"total":80,"covered":71,"skipped":0,"pct":88.75}}
,"/var/home/jflessenkemper/ASAP-discord/src/discord/voice/testerClient.ts": {"lines":{"total":192,"covered":180,"skipped":0,"pct":93.75},"functions":{"total":31,"covered":27,"skipped":0,"pct":87.09},"statements":{"total":193,"covered":180,"skipped":0,"pct":93.26},"branches":{"total":83,"covered":71,"skipped":0,"pct":85.54}}
,"/var/home/jflessenkemper/ASAP-discord/src/discord/voice/tts.ts": {"lines":{"total":168,"covered":155,"skipped":0,"pct":92.26},"functions":{"total":14,"covered":12,"skipped":0,"pct":85.71},"statements":{"total":173,"covered":158,"skipped":0,"pct":91.32},"branches":{"total":100,"covered":82,"skipped":0,"pct":82}}
,"/var/home/jflessenkemper/ASAP-discord/src/services/billing.ts": {"lines":{"total":63,"covered":60,"skipped":0,"pct":95.23},"functions":{"total":8,"covered":8,"skipped":0,"pct":100},"statements":{"total":63,"covered":60,"skipped":0,"pct":95.23},"branches":{"total":47,"covered":39,"skipped":0,"pct":82.97}}
,"/var/home/jflessenkemper/ASAP-discord/src/services/cloudrun.ts": {"lines":{"total":48,"covered":48,"skipped":0,"pct":100},"functions":{"total":10,"covered":10,"skipped":0,"pct":100},"statements":{"total":52,"covered":52,"skipped":0,"pct":100},"branches":{"total":40,"covered":38,"skipped":0,"pct":95}}
,"/var/home/jflessenkemper/ASAP-discord/src/services/email.ts": {"lines":{"total":30,"covered":30,"skipped":0,"pct":100},"functions":{"total":7,"covered":7,"skipped":0,"pct":100},"statements":{"total":30,"covered":30,"skipped":0,"pct":100},"branches":{"total":11,"covered":10,"skipped":0,"pct":90.9}}
,"/var/home/jflessenkemper/ASAP-discord/src/services/github.ts": {"lines":{"total":48,"covered":48,"skipped":0,"pct":100},"functions":{"total":11,"covered":11,"skipped":0,"pct":100},"statements":{"total":52,"covered":52,"skipped":0,"pct":100},"branches":{"total":22,"covered":21,"skipped":0,"pct":95.45}}
,"/var/home/jflessenkemper/ASAP-discord/src/services/googleCredentials.ts": {"lines":{"total":104,"covered":101,"skipped":0,"pct":97.11},"functions":{"total":13,"covered":12,"skipped":0,"pct":92.3},"statements":{"total":105,"covered":101,"skipped":0,"pct":96.19},"branches":{"total":58,"covered":56,"skipped":0,"pct":96.55}}
,"/var/home/jflessenkemper/ASAP-discord/src/services/jobSearch.ts": {"lines":{"total":271,"covered":69,"skipped":0,"pct":25.46},"functions":{"total":62,"covered":15,"skipped":0,"pct":24.19},"statements":{"total":299,"covered":70,"skipped":0,"pct":23.41},"branches":{"total":240,"covered":31,"skipped":0,"pct":12.91}}
,"/var/home/jflessenkemper/ASAP-discord/src/services/runtimeSecrets.ts": {"lines":{"total":78,"covered":78,"skipped":0,"pct":100},"functions":{"total":9,"covered":8,"skipped":0,"pct":88.88},"statements":{"total":79,"covered":78,"skipped":0,"pct":98.73},"branches":{"total":36,"covered":34,"skipped":0,"pct":94.44}}
,"/var/home/jflessenkemper/ASAP-discord/src/services/visualRegression.ts": {"lines":{"total":114,"covered":110,"skipped":0,"pct":96.49},"functions":{"total":16,"covered":15,"skipped":0,"pct":93.75},"statements":{"total":115,"covered":111,"skipped":0,"pct":96.52},"branches":{"total":53,"covered":45,"skipped":0,"pct":84.9}}
,"/var/home/jflessenkemper/ASAP-discord/src/utils/errors.ts": {"lines":{"total":6,"covered":6,"skipped":0,"pct":100},"functions":{"total":1,"covered":1,"skipped":0,"pct":100},"statements":{"total":6,"covered":6,"skipped":0,"pct":100},"branches":{"total":6,"covered":6,"skipped":0,"pct":100}}
,"/var/home/jflessenkemper/ASAP-discord/src/utils/time.ts": {"lines":{"total":11,"covered":11,"skipped":0,"pct":100},"functions":{"total":1,"covered":1,"skipped":0,"pct":100},"statements":{"total":11,"covered":11,"skipped":0,"pct":100},"branches":{"total":10,"covered":10,"skipped":0,"pct":100}}
}
