{"total": {"lines":{"total":14030,"covered":2909,"skipped":0,"pct":20.73},"statements":{"total":14613,"covered":2972,"skipped":0,"pct":20.33},"functions":{"total":2108,"covered":432,"skipped":0,"pct":20.49},"branches":{"total":10615,"covered":1719,"skipped":0,"pct":16.19},"branchesTrue":{"total":0,"covered":0,"skipped":0,"pct":100}}
,"/var/home/jflessenkemper/ASAP-discord/src/db/checkAndGrantAgentMemoryPerms.ts": {"lines":{"total":134,"covered":0,"skipped":0,"pct":0},"functions":{"total":18,"covered":0,"skipped":0,"pct":0},"statements":{"total":135,"covered":0,"skipped":0,"pct":0},"branches":{"total":66,"covered":0,"skipped":0,"pct":0}}
,"/var/home/jflessenkemper/ASAP-discord/src/db/migrate.ts": {"lines":{"total":54,"covered":0,"skipped":0,"pct":0},"functions":{"total":8,"covered":0,"skipped":0,"pct":0},"statements":{"total":56,"covered":0,"skipped":0,"pct":0},"branches":{"total":17,"covered":0,"skipped":0,"pct":0}}
,"/var/home/jflessenkemper/ASAP-discord/src/db/pool.ts": {"lines":{"total":81,"covered":0,"skipped":0,"pct":0},"functions":{"total":11,"covered":0,"skipped":0,"pct":0},"statements":{"total":82,"covered":0,"skipped":0,"pct":0},"branches":{"total":91,"covered":0,"skipped":0,"pct":0}}
,"/var/home/jflessenkemper/ASAP-discord/src/db/seed.ts": {"lines":{"total":17,"covered":0,"skipped":0,"pct":0},"functions":{"total":3,"covered":0,"skipped":0,"pct":0},"statements":{"total":17,"covered":0,"skipped":0,"pct":0},"branches":{"total":9,"covered":0,"skipped":0,"pct":0}}
,"/var/home/jflessenkemper/ASAP-discord/src/discord/activityLog.ts": {"lines":{"total":44,"covered":29,"skipped":0,"pct":65.9},"functions":{"total":6,"covered":4,"skipped":0,"pct":66.66},"statements":{"total":44,"covered":29,"skipped":0,"pct":65.9},"branches":{"total":70,"covered":43,"skipped":0,"pct":61.42}}
,"/var/home/jflessenkemper/ASAP-discord/src/discord/agents.ts": {"lines":{"total":109,"covered":102,"skipped":0,"pct":93.57},"functions":{"total":23,"covered":23,"skipped":0,"pct":100},"statements":{"total":112,"covered":105,"skipped":0,"pct":93.75},"branches":{"total":55,"covered":43,"skipped":0,"pct":78.18}}
,"/var/home/jflessenkemper/ASAP-discord/src/discord/bot.single.ts": {"lines":{"total":23,"covered":23,"skipped":0,"pct":100},"functions":{"total":14,"covered":14,"skipped":0,"pct":100},"statements":{"total":37,"covered":37,"skipped":0,"pct":100},"branches":{"total":0,"covered":0,"skipped":0,"pct":100}}
,"/var/home/jflessenkemper/ASAP-discord/src/discord/bot.ts": {"lines":{"total":528,"covered":0,"skipped":0,"pct":0},"functions":{"total":72,"covered":0,"skipped":0,"pct":0},"statements":{"total":540,"covered":0,"skipped":0,"pct":0},"branches":{"total":415,"covered":0,"skipped":0,"pct":0}}
,"/var/home/jflessenkemper/ASAP-discord/src/discord/channelCompletionCheck.ts": {"lines":{"total":154,"covered":0,"skipped":0,"pct":0},"functions":{"total":32,"covered":0,"skipped":0,"pct":0},"statements":{"total":170,"covered":0,"skipped":0,"pct":0},"branches":{"total":89,"covered":0,"skipped":0,"pct":0}}
,"/var/home/jflessenkemper/ASAP-discord/src/discord/circuitBreaker.ts": {"lines":{"total":85,"covered":71,"skipped":0,"pct":83.52},"functions":{"total":16,"covered":12,"skipped":0,"pct":75},"statements":{"total":86,"covered":71,"skipped":0,"pct":82.55},"branches":{"total":33,"covered":20,"skipped":0,"pct":60.6}}
,"/var/home/jflessenkemper/ASAP-discord/src/discord/claude.ts": {"lines":{"total":1757,"covered":238,"skipped":0,"pct":13.54},"functions":{"total":253,"covered":12,"skipped":0,"pct":4.74},"statements":{"total":1839,"covered":240,"skipped":0,"pct":13.05},"branches":{"total":1747,"covered":218,"skipped":0,"pct":12.47}}
,"/var/home/jflessenkemper/ASAP-discord/src/discord/commands.ts": {"lines":{"total":15,"covered":15,"skipped":0,"pct":100},"functions":{"total":6,"covered":6,"skipped":0,"pct":100},"statements":{"total":15,"covered":15,"skipped":0,"pct":100},"branches":{"total":0,"covered":0,"skipped":0,"pct":100}}
,"/var/home/jflessenkemper/ASAP-discord/src/discord/contextCache.ts": {"lines":{"total":90,"covered":60,"skipped":0,"pct":66.66},"functions":{"total":8,"covered":6,"skipped":0,"pct":75},"statements":{"total":91,"covered":61,"skipped":0,"pct":67.03},"branches":{"total":47,"covered":27,"skipped":0,"pct":57.44}}
,"/var/home/jflessenkemper/ASAP-discord/src/discord/envSandbox.ts": {"lines":{"total":21,"covered":19,"skipped":0,"pct":90.47},"functions":{"total":3,"covered":3,"skipped":0,"pct":100},"statements":{"total":22,"covered":20,"skipped":0,"pct":90.9},"branches":{"total":8,"covered":6,"skipped":0,"pct":75}}
,"/var/home/jflessenkemper/ASAP-discord/src/discord/guardrails.ts": {"lines":{"total":146,"covered":62,"skipped":0,"pct":42.46},"functions":{"total":20,"covered":6,"skipped":0,"pct":30},"statements":{"total":160,"covered":62,"skipped":0,"pct":38.75},"branches":{"total":122,"covered":50,"skipped":0,"pct":40.98}}
,"/var/home/jflessenkemper/ASAP-discord/src/discord/handoff.ts": {"lines":{"total":47,"covered":43,"skipped":0,"pct":91.48},"functions":{"total":5,"covered":5,"skipped":0,"pct":100},"statements":{"total":47,"covered":43,"skipped":0,"pct":91.48},"branches":{"total":40,"covered":38,"skipped":0,"pct":95}}
,"/var/home/jflessenkemper/ASAP-discord/src/discord/memory.ts": {"lines":{"total":255,"covered":105,"skipped":0,"pct":41.17},"functions":{"total":49,"covered":21,"skipped":0,"pct":42.85},"statements":{"total":273,"covered":106,"skipped":0,"pct":38.82},"branches":{"total":162,"covered":55,"skipped":0,"pct":33.95}}
,"/var/home/jflessenkemper/ASAP-discord/src/discord/metrics.ts": {"lines":{"total":91,"covered":91,"skipped":0,"pct":100},"functions":{"total":21,"covered":21,"skipped":0,"pct":100},"statements":{"total":93,"covered":93,"skipped":0,"pct":100},"branches":{"total":38,"covered":29,"skipped":0,"pct":76.31}}
,"/var/home/jflessenkemper/ASAP-discord/src/discord/modelHealth.ts": {"lines":{"total":96,"covered":89,"skipped":0,"pct":92.7},"functions":{"total":14,"covered":14,"skipped":0,"pct":100},"statements":{"total":96,"covered":89,"skipped":0,"pct":92.7},"branches":{"total":59,"covered":45,"skipped":0,"pct":76.27}}
,"/var/home/jflessenkemper/ASAP-discord/src/discord/setup.ts": {"lines":{"total":250,"covered":0,"skipped":0,"pct":0},"functions":{"total":32,"covered":0,"skipped":0,"pct":0},"statements":{"total":271,"covered":0,"skipped":0,"pct":0},"branches":{"total":127,"covered":0,"skipped":0,"pct":0}}
,"/var/home/jflessenkemper/ASAP-discord/src/discord/test-definitions.ts": {"lines":{"total":6,"covered":6,"skipped":0,"pct":100},"functions":{"total":1,"covered":1,"skipped":0,"pct":100},"statements":{"total":6,"covered":6,"skipped":0,"pct":100},"branches":{"total":0,"covered":0,"skipped":0,"pct":100}}
,"/var/home/jflessenkemper/ASAP-discord/src/discord/tester.ts": {"lines":{"total":1258,"covered":0,"skipped":0,"pct":0},"functions":{"total":200,"covered":0,"skipped":0,"pct":0},"statements":{"total":1351,"covered":0,"skipped":0,"pct":0},"branches":{"total":1014,"covered":0,"skipped":0,"pct":0}}
,"/var/home/jflessenkemper/ASAP-discord/src/discord/tools.ts": {"lines":{"total":1582,"covered":203,"skipped":0,"pct":12.83},"functions":{"total":197,"covered":26,"skipped":0,"pct":13.19},"statements":{"total":1664,"covered":213,"skipped":0,"pct":12.8},"branches":{"total":1286,"covered":106,"skipped":0,"pct":8.24}}
,"/var/home/jflessenkemper/ASAP-discord/src/discord/toolsDb.ts": {"lines":{"total":108,"covered":86,"skipped":0,"pct":79.62},"functions":{"total":22,"covered":15,"skipped":0,"pct":68.18},"statements":{"total":125,"covered":93,"skipped":0,"pct":74.4},"branches":{"total":89,"covered":57,"skipped":0,"pct":64.04}}
,"/var/home/jflessenkemper/ASAP-discord/src/discord/toolsGcp.ts": {"lines":{"total":183,"covered":152,"skipped":0,"pct":83.06},"functions":{"total":27,"covered":27,"skipped":0,"pct":100},"statements":{"total":186,"covered":155,"skipped":0,"pct":83.33},"branches":{"total":96,"covered":54,"skipped":0,"pct":56.25}}
,"/var/home/jflessenkemper/ASAP-discord/src/discord/tracing.ts": {"lines":{"total":61,"covered":51,"skipped":0,"pct":83.6},"functions":{"total":11,"covered":11,"skipped":0,"pct":100},"statements":{"total":61,"covered":51,"skipped":0,"pct":83.6},"branches":{"total":82,"covered":63,"skipped":0,"pct":76.82}}
,"/var/home/jflessenkemper/ASAP-discord/src/discord/usage.ts": {"lines":{"total":398,"covered":241,"skipped":0,"pct":60.55},"functions":{"total":53,"covered":34,"skipped":0,"pct":64.15},"statements":{"total":401,"covered":243,"skipped":0,"pct":60.59},"branches":{"total":283,"covered":134,"skipped":0,"pct":47.34}}
,"/var/home/jflessenkemper/ASAP-discord/src/discord/vectorMemory.ts": {"lines":{"total":165,"covered":55,"skipped":0,"pct":33.33},"functions":{"total":26,"covered":9,"skipped":0,"pct":34.61},"statements":{"total":180,"covered":55,"skipped":0,"pct":30.55},"branches":{"total":132,"covered":42,"skipped":0,"pct":31.81}}
,"/var/home/jflessenkemper/ASAP-discord/src/discord/handlers/callSession.ts": {"lines":{"total":650,"covered":59,"skipped":0,"pct":9.07},"functions":{"total":74,"covered":2,"skipped":0,"pct":2.7},"statements":{"total":672,"covered":59,"skipped":0,"pct":8.77},"branches":{"total":491,"covered":56,"skipped":0,"pct":11.4}}
,"/var/home/jflessenkemper/ASAP-discord/src/discord/handlers/designDeliverable.ts": {"lines":{"total":17,"covered":17,"skipped":0,"pct":100},"functions":{"total":4,"covered":4,"skipped":0,"pct":100},"statements":{"total":17,"covered":17,"skipped":0,"pct":100},"branches":{"total":4,"covered":4,"skipped":0,"pct":100}}
,"/var/home/jflessenkemper/ASAP-discord/src/discord/handlers/documentation.ts": {"lines":{"total":15,"covered":15,"skipped":0,"pct":100},"functions":{"total":2,"covered":2,"skipped":0,"pct":100},"statements":{"total":15,"covered":15,"skipped":0,"pct":100},"branches":{"total":6,"covered":5,"skipped":0,"pct":83.33}}
,"/var/home/jflessenkemper/ASAP-discord/src/discord/handlers/github.ts": {"lines":{"total":93,"covered":91,"skipped":0,"pct":97.84},"functions":{"total":7,"covered":6,"skipped":0,"pct":85.71},"statements":{"total":93,"covered":91,"skipped":0,"pct":97.84},"branches":{"total":147,"covered":96,"skipped":0,"pct":65.3}}
,"/var/home/jflessenkemper/ASAP-discord/src/discord/handlers/goalState.ts": {"lines":{"total":60,"covered":60,"skipped":0,"pct":100},"functions":{"total":11,"covered":11,"skipped":0,"pct":100},"statements":{"total":60,"covered":60,"skipped":0,"pct":100},"branches":{"total":32,"covered":29,"skipped":0,"pct":90.62}}
,"/var/home/jflessenkemper/ASAP-discord/src/discord/handlers/groupchat.ts": {"lines":{"total":1851,"covered":0,"skipped":0,"pct":0},"functions":{"total":286,"covered":0,"skipped":0,"pct":0},"statements":{"total":1895,"covered":0,"skipped":0,"pct":0},"branches":{"total":1456,"covered":0,"skipped":0,"pct":0}}
,"/var/home/jflessenkemper/ASAP-discord/src/discord/handlers/responseNormalization.ts": {"lines":{"total":5,"covered":4,"skipped":0,"pct":80},"functions":{"total":1,"covered":0,"skipped":0,"pct":0},"statements":{"total":5,"covered":4,"skipped":0,"pct":80},"branches":{"total":0,"covered":0,"skipped":0,"pct":100}}
,"/var/home/jflessenkemper/ASAP-discord/src/discord/handlers/review.ts": {"lines":{"total":46,"covered":21,"skipped":0,"pct":45.65},"functions":{"total":4,"covered":1,"skipped":0,"pct":25},"statements":{"total":48,"covered":21,"skipped":0,"pct":43.75},"branches":{"total":14,"covered":6,"skipped":0,"pct":42.85}}
,"/var/home/jflessenkemper/ASAP-discord/src/discord/handlers/textChannel.ts": {"lines":{"total":458,"covered":56,"skipped":0,"pct":12.22},"functions":{"total":68,"covered":3,"skipped":0,"pct":4.41},"statements":{"total":465,"covered":56,"skipped":0,"pct":12.04},"branches":{"total":350,"covered":37,"skipped":0,"pct":10.57}}
,"/var/home/jflessenkemper/ASAP-discord/src/discord/services/agentErrors.ts": {"lines":{"total":16,"covered":16,"skipped":0,"pct":100},"functions":{"total":3,"covered":3,"skipped":0,"pct":100},"statements":{"total":16,"covered":16,"skipped":0,"pct":100},"branches":{"total":21,"covered":19,"skipped":0,"pct":90.47}}
,"/var/home/jflessenkemper/ASAP-discord/src/discord/services/browserRuntime.ts": {"lines":{"total":20,"covered":20,"skipped":0,"pct":100},"functions":{"total":2,"covered":2,"skipped":0,"pct":100},"statements":{"total":20,"covered":20,"skipped":0,"pct":100},"branches":{"total":19,"covered":18,"skipped":0,"pct":94.73}}
,"/var/home/jflessenkemper/ASAP-discord/src/discord/services/diagnosticsWebhook.ts": {"lines":{"total":44,"covered":37,"skipped":0,"pct":84.09},"functions":{"total":7,"covered":6,"skipped":0,"pct":85.71},"statements":{"total":45,"covered":37,"skipped":0,"pct":82.22},"branches":{"total":39,"covered":28,"skipped":0,"pct":71.79}}
,"/var/home/jflessenkemper/ASAP-discord/src/discord/services/mobileHarness.ts": {"lines":{"total":94,"covered":17,"skipped":0,"pct":18.08},"functions":{"total":23,"covered":2,"skipped":0,"pct":8.69},"statements":{"total":102,"covered":17,"skipped":0,"pct":16.66},"branches":{"total":50,"covered":7,"skipped":0,"pct":14}}
,"/var/home/jflessenkemper/ASAP-discord/src/discord/services/modelHealth.ts": {"lines":{"total":198,"covered":65,"skipped":0,"pct":32.82},"functions":{"total":25,"covered":12,"skipped":0,"pct":48},"statements":{"total":207,"covered":68,"skipped":0,"pct":32.85},"branches":{"total":126,"covered":38,"skipped":0,"pct":30.15}}
,"/var/home/jflessenkemper/ASAP-discord/src/discord/services/opsFeed.ts": {"lines":{"total":131,"covered":45,"skipped":0,"pct":34.35},"functions":{"total":28,"covered":8,"skipped":0,"pct":28.57},"statements":{"total":132,"covered":45,"skipped":0,"pct":34.09},"branches":{"total":111,"covered":27,"skipped":0,"pct":24.32}}
,"/var/home/jflessenkemper/ASAP-discord/src/discord/services/screenshots.ts": {"lines":{"total":120,"covered":58,"skipped":0,"pct":48.33},"functions":{"total":29,"covered":9,"skipped":0,"pct":31.03},"statements":{"total":128,"covered":60,"skipped":0,"pct":46.87},"branches":{"total":53,"covered":26,"skipped":0,"pct":49.05}}
,"/var/home/jflessenkemper/ASAP-discord/src/discord/services/telephony.ts": {"lines":{"total":349,"covered":67,"skipped":0,"pct":19.19},"functions":{"total":54,"covered":12,"skipped":0,"pct":22.22},"statements":{"total":373,"covered":69,"skipped":0,"pct":18.49},"branches":{"total":215,"covered":29,"skipped":0,"pct":13.48}}
,"/var/home/jflessenkemper/ASAP-discord/src/discord/services/webhooks.ts": {"lines":{"total":50,"covered":48,"skipped":0,"pct":96},"functions":{"total":7,"covered":7,"skipped":0,"pct":100},"statements":{"total":51,"covered":49,"skipped":0,"pct":96.07},"branches":{"total":43,"covered":38,"skipped":0,"pct":88.37}}
,"/var/home/jflessenkemper/ASAP-discord/src/discord/ui/constants.ts": {"lines":{"total":19,"covered":19,"skipped":0,"pct":100},"functions":{"total":2,"covered":2,"skipped":0,"pct":100},"statements":{"total":19,"covered":19,"skipped":0,"pct":100},"branches":{"total":10,"covered":10,"skipped":0,"pct":100}}
,"/var/home/jflessenkemper/ASAP-discord/src/discord/voice/connection.ts": {"lines":{"total":578,"covered":0,"skipped":0,"pct":0},"functions":{"total":84,"covered":0,"skipped":0,"pct":0},"statements":{"total":581,"covered":0,"skipped":0,"pct":0},"branches":{"total":299,"covered":0,"skipped":0,"pct":0}}
,"/var/home/jflessenkemper/ASAP-discord/src/discord/voice/deepgram.ts": {"lines":{"total":40,"covered":24,"skipped":0,"pct":60},"functions":{"total":8,"covered":4,"skipped":0,"pct":50},"statements":{"total":40,"covered":24,"skipped":0,"pct":60},"branches":{"total":29,"covered":6,"skipped":0,"pct":20.68}}
,"/var/home/jflessenkemper/ASAP-discord/src/discord/voice/elevenlabs.ts": {"lines":{"total":77,"covered":50,"skipped":0,"pct":64.93},"functions":{"total":12,"covered":8,"skipped":0,"pct":66.66},"statements":{"total":79,"covered":50,"skipped":0,"pct":63.29},"branches":{"total":51,"covered":25,"skipped":0,"pct":49.01}}
,"/var/home/jflessenkemper/ASAP-discord/src/discord/voice/elevenlabsConvai.ts": {"lines":{"total":105,"covered":13,"skipped":0,"pct":12.38},"functions":{"total":18,"covered":1,"skipped":0,"pct":5.55},"statements":{"total":106,"covered":13,"skipped":0,"pct":12.26},"branches":{"total":86,"covered":16,"skipped":0,"pct":18.6}}
,"/var/home/jflessenkemper/ASAP-discord/src/discord/voice/elevenlabsRealtime.ts": {"lines":{"total":103,"covered":6,"skipped":0,"pct":5.82},"functions":{"total":15,"covered":1,"skipped":0,"pct":6.66},"statements":{"total":106,"covered":6,"skipped":0,"pct":5.66},"branches":{"total":80,"covered":6,"skipped":0,"pct":7.5}}
,"/var/home/jflessenkemper/ASAP-discord/src/discord/voice/testerClient.ts": {"lines":{"total":192,"covered":22,"skipped":0,"pct":11.45},"functions":{"total":31,"covered":0,"skipped":0,"pct":0},"statements":{"total":193,"covered":22,"skipped":0,"pct":11.39},"branches":{"total":83,"covered":0,"skipped":0,"pct":0}}
,"/var/home/jflessenkemper/ASAP-discord/src/discord/voice/tts.ts": {"lines":{"total":168,"covered":40,"skipped":0,"pct":23.8},"functions":{"total":14,"covered":3,"skipped":0,"pct":21.42},"statements":{"total":173,"covered":41,"skipped":0,"pct":23.69},"branches":{"total":100,"covered":19,"skipped":0,"pct":19}}
,"/var/home/jflessenkemper/ASAP-discord/src/services/billing.ts": {"lines":{"total":63,"covered":11,"skipped":0,"pct":17.46},"functions":{"total":8,"covered":1,"skipped":0,"pct":12.5},"statements":{"total":63,"covered":11,"skipped":0,"pct":17.46},"branches":{"total":47,"covered":7,"skipped":0,"pct":14.89}}
,"/var/home/jflessenkemper/ASAP-discord/src/services/cloudrun.ts": {"lines":{"total":48,"covered":38,"skipped":0,"pct":79.16},"functions":{"total":10,"covered":8,"skipped":0,"pct":80},"statements":{"total":52,"covered":40,"skipped":0,"pct":76.92},"branches":{"total":40,"covered":24,"skipped":0,"pct":60}}
,"/var/home/jflessenkemper/ASAP-discord/src/services/email.ts": {"lines":{"total":30,"covered":13,"skipped":0,"pct":43.33},"functions":{"total":7,"covered":2,"skipped":0,"pct":28.57},"statements":{"total":30,"covered":13,"skipped":0,"pct":43.33},"branches":{"total":11,"covered":6,"skipped":0,"pct":54.54}}
,"/var/home/jflessenkemper/ASAP-discord/src/services/github.ts": {"lines":{"total":48,"covered":45,"skipped":0,"pct":93.75},"functions":{"total":11,"covered":11,"skipped":0,"pct":100},"statements":{"total":52,"covered":49,"skipped":0,"pct":94.23},"branches":{"total":22,"covered":17,"skipped":0,"pct":77.27}}
,"/var/home/jflessenkemper/ASAP-discord/src/services/googleCredentials.ts": {"lines":{"total":104,"covered":17,"skipped":0,"pct":16.34},"functions":{"total":13,"covered":2,"skipped":0,"pct":15.38},"statements":{"total":105,"covered":17,"skipped":0,"pct":16.19},"branches":{"total":58,"covered":10,"skipped":0,"pct":17.24}}
,"/var/home/jflessenkemper/ASAP-discord/src/services/jobSearch.ts": {"lines":{"total":271,"covered":69,"skipped":0,"pct":25.46},"functions":{"total":62,"covered":15,"skipped":0,"pct":24.19},"statements":{"total":299,"covered":70,"skipped":0,"pct":23.41},"branches":{"total":240,"covered":31,"skipped":0,"pct":12.91}}
,"/var/home/jflessenkemper/ASAP-discord/src/services/runtimeSecrets.ts": {"lines":{"total":78,"covered":25,"skipped":0,"pct":32.05},"functions":{"total":9,"covered":2,"skipped":0,"pct":22.22},"statements":{"total":79,"covered":25,"skipped":0,"pct":31.64},"branches":{"total":36,"covered":8,"skipped":0,"pct":22.22}}
,"/var/home/jflessenkemper/ASAP-discord/src/services/visualRegression.ts": {"lines":{"total":114,"covered":63,"skipped":0,"pct":55.26},"functions":{"total":16,"covered":10,"skipped":0,"pct":62.5},"statements":{"total":115,"covered":64,"skipped":0,"pct":55.65},"branches":{"total":53,"covered":25,"skipped":0,"pct":47.16}}
,"/var/home/jflessenkemper/ASAP-discord/src/utils/errors.ts": {"lines":{"total":6,"covered":6,"skipped":0,"pct":100},"functions":{"total":1,"covered":1,"skipped":0,"pct":100},"statements":{"total":6,"covered":6,"skipped":0,"pct":100},"branches":{"total":6,"covered":6,"skipped":0,"pct":100}}
,"/var/home/jflessenkemper/ASAP-discord/src/utils/time.ts": {"lines":{"total":11,"covered":11,"skipped":0,"pct":100},"functions":{"total":1,"covered":1,"skipped":0,"pct":100},"statements":{"total":11,"covered":11,"skipped":0,"pct":100},"branches":{"total":10,"covered":10,"skipped":0,"pct":100}}
}
