TN:
SF:src/db/checkAndGrantAgentMemoryPerms.ts
FN:2,(anonymous_0)
FN:12,parseTargetTables
FN:18,(anonymous_2)
FN:22,quoteIdentifier
FN:28,quoteLiteral
FN:31,hasRequiredPerms
FN:50,tableExists
FN:55,tryReadSecret
FN:72,getAdminDatabaseUrl
FN:82,stripSslParams
FN:85,(anonymous_10)
FN:92,isTlsCertError
FN:96,grantPerms
FN:104,main
FN:128,(anonymous_14)
FN:205,(anonymous_15)
FN:217,(anonymous_16)
FN:221,(anonymous_17)
FNF:18
FNH:0
FNDA:0,(anonymous_0)
FNDA:0,parseTargetTables
FNDA:0,(anonymous_2)
FNDA:0,quoteIdentifier
FNDA:0,quoteLiteral
FNDA:0,hasRequiredPerms
FNDA:0,tableExists
FNDA:0,tryReadSecret
FNDA:0,getAdminDatabaseUrl
FNDA:0,stripSslParams
FNDA:0,(anonymous_10)
FNDA:0,isTlsCertError
FNDA:0,grantPerms
FNDA:0,main
FNDA:0,(anonymous_14)
FNDA:0,(anonymous_15)
FNDA:0,(anonymous_16)
FNDA:0,(anonymous_17)
DA:2,0
DA:3,0
DA:5,0
DA:6,0
DA:7,0
DA:8,0
DA:9,0
DA:10,0
DA:11,0
DA:13,0
DA:14,0
DA:15,0
DA:16,0
DA:18,0
DA:20,0
DA:23,0
DA:24,0
DA:26,0
DA:29,0
DA:32,0
DA:33,0
DA:34,0
DA:41,0
DA:42,0
DA:43,0
DA:51,0
DA:52,0
DA:53,0
DA:56,0
DA:57,0
DA:66,0
DA:69,0
DA:73,0
DA:74,0
DA:75,0
DA:76,0
DA:77,0
DA:78,0
DA:79,0
DA:80,0
DA:83,0
DA:84,0
DA:85,0
DA:86,0
DA:89,0
DA:93,0
DA:94,0
DA:97,0
DA:98,0
DA:99,0
DA:100,0
DA:102,0
DA:105,0
DA:106,0
DA:107,0
DA:108,0
DA:109,0
DA:111,0
DA:112,0
DA:113,0
DA:114,0
DA:115,0
DA:118,0
DA:119,0
DA:120,0
DA:121,0
DA:122,0
DA:124,0
DA:125,0
DA:126,0
DA:128,0
DA:129,0
DA:130,0
DA:132,0
DA:133,0
DA:134,0
DA:136,0
DA:137,0
DA:138,0
DA:141,0
DA:142,0
DA:143,0
DA:144,0
DA:145,0
DA:146,0
DA:147,0
DA:148,0
DA:149,0
DA:150,0
DA:151,0
DA:153,0
DA:154,0
DA:155,0
DA:157,0
DA:158,0
DA:160,0
DA:161,0
DA:162,0
DA:163,0
DA:166,0
DA:169,0
DA:171,0
DA:172,0
DA:176,0
DA:177,0
DA:178,0
DA:179,0
DA:182,0
DA:185,0
DA:188,0
DA:189,0
DA:190,0
DA:191,0
DA:192,0
DA:193,0
DA:195,0
DA:196,0
DA:197,0
DA:199,0
DA:201,0
DA:202,0
DA:203,0
DA:205,0
DA:206,0
DA:207,0
DA:209,0
DA:210,0
DA:211,0
DA:213,0
DA:214,0
DA:216,0
DA:218,0
DA:219,0
DA:222,0
LF:134
LH:0
BRDA:2,0,0,0
BRDA:2,0,1,0
BRDA:2,0,2,0
BRDA:3,1,0,0
BRDA:3,1,1,0
BRDA:3,2,0,0
BRDA:3,2,1,0
BRDA:13,3,0,0
BRDA:13,3,1,0
BRDA:14,4,0,0
BRDA:14,4,1,0
BRDA:20,5,0,0
BRDA:20,5,1,0
BRDA:23,6,0,0
BRDA:23,6,1,0
BRDA:42,7,0,0
BRDA:42,7,1,0
BRDA:64,8,0,0
BRDA:64,8,1,0
BRDA:66,9,0,0
BRDA:66,9,1,0
BRDA:73,10,0,0
BRDA:73,10,1,0
BRDA:74,11,0,0
BRDA:74,11,1,0
BRDA:76,12,0,0
BRDA:76,12,1,0
BRDA:77,13,0,0
BRDA:77,13,1,0
BRDA:79,14,0,0
BRDA:79,14,1,0
BRDA:79,15,0,0
BRDA:79,15,1,0
BRDA:79,15,2,0
BRDA:106,16,0,0
BRDA:106,16,1,0
BRDA:107,17,0,0
BRDA:107,17,1,0
BRDA:108,18,0,0
BRDA:108,18,1,0
BRDA:114,19,0,0
BRDA:114,19,1,0
BRDA:118,20,0,0
BRDA:118,20,1,0
BRDA:130,21,0,0
BRDA:130,21,1,0
BRDA:130,21,2,0
BRDA:130,21,3,0
BRDA:132,22,0,0
BRDA:132,22,1,0
BRDA:142,23,0,0
BRDA:142,23,1,0
BRDA:171,24,0,0
BRDA:171,24,1,0
BRDA:171,25,0,0
BRDA:171,25,1,0
BRDA:188,26,0,0
BRDA:188,26,1,0
BRDA:189,27,0,0
BRDA:189,27,1,0
BRDA:207,28,0,0
BRDA:207,28,1,0
BRDA:207,28,2,0
BRDA:207,28,3,0
BRDA:209,29,0,0
BRDA:209,29,1,0
BRF:66
BRH:0
end_of_record
TN:
SF:src/db/migrate.ts
FN:2,(anonymous_0)
FN:16,getMissingTables
FN:26,assertAppliedMigrationExpectations
FN:37,assertRuntimeTablesReady
FN:44,migrate
FN:53,(anonymous_5)
FN:56,(anonymous_6)
FN:90,(anonymous_7)
FNF:8
FNH:0
FNDA:0,(anonymous_0)
FNDA:0,getMissingTables
FNDA:0,assertAppliedMigrationExpectations
FNDA:0,assertRuntimeTablesReady
FNDA:0,migrate
FNDA:0,(anonymous_5)
FNDA:0,(anonymous_6)
FNDA:0,(anonymous_7)
DA:2,0
DA:3,0
DA:5,0
DA:6,0
DA:7,0
DA:8,0
DA:9,0
DA:10,0
DA:15,0
DA:17,0
DA:18,0
DA:19,0
DA:20,0
DA:21,0
DA:24,0
DA:27,0
DA:28,0
DA:29,0
DA:30,0
DA:31,0
DA:32,0
DA:38,0
DA:39,0
DA:40,0
DA:46,0
DA:52,0
DA:53,0
DA:55,0
DA:56,0
DA:58,0
DA:59,0
DA:60,0
DA:61,0
DA:62,0
DA:63,0
DA:65,0
DA:66,0
DA:69,0
DA:70,0
DA:71,0
DA:72,0
DA:73,0
DA:74,0
DA:75,0
DA:76,0
DA:79,0
DA:80,0
DA:83,0
DA:86,0
DA:87,0
DA:88,0
DA:90,0
DA:91,0
DA:92,0
LF:54
LH:0
BRDA:2,0,0,0
BRDA:2,0,1,0
BRDA:2,0,2,0
BRDA:3,1,0,0
BRDA:3,1,1,0
BRDA:3,2,0,0
BRDA:3,2,1,0
BRDA:20,3,0,0
BRDA:20,3,1,0
BRDA:28,4,0,0
BRDA:28,4,1,0
BRDA:31,5,0,0
BRDA:31,5,1,0
BRDA:39,6,0,0
BRDA:39,6,1,0
BRDA:61,7,0,0
BRDA:61,7,1,0
BRF:17
BRH:0
end_of_record
TN:
SF:src/db/pool.ts
FN:2,(anonymous_0)
FN:11,warnIfCloudRunSocketUrlOutsideCloudRun
FN:25,getSslModeFromDatabaseUrl
FN:43,resolveSslMode
FN:54,parseBoolean
FN:64,normalizePemText
FN:67,getCaCertFromEnv
FN:92,buildSslConfig
FN:114,stripSslParams
FN:117,(anonymous_9)
FN:147,(anonymous_10)
FNF:11
FNH:0
FNDA:0,(anonymous_0)
FNDA:0,warnIfCloudRunSocketUrlOutsideCloudRun
FNDA:0,getSslModeFromDatabaseUrl
FNDA:0,resolveSslMode
FNDA:0,parseBoolean
FNDA:0,normalizePemText
FNDA:0,getCaCertFromEnv
FNDA:0,buildSslConfig
FNDA:0,stripSslParams
FNDA:0,(anonymous_9)
FNDA:0,(anonymous_10)
DA:2,0
DA:3,0
DA:5,0
DA:6,0
DA:7,0
DA:8,0
DA:9,0
DA:10,0
DA:12,0
DA:13,0
DA:14,0
DA:15,0
DA:16,0
DA:17,0
DA:19,0
DA:20,0
DA:21,0
DA:24,0
DA:26,0
DA:27,0
DA:28,0
DA:29,0
DA:30,0
DA:31,0
DA:32,0
DA:33,0
DA:34,0
DA:35,0
DA:37,0
DA:40,0
DA:44,0
DA:45,0
DA:46,0
DA:48,0
DA:49,0
DA:50,0
DA:52,0
DA:55,0
DA:56,0
DA:57,0
DA:58,0
DA:59,0
DA:60,0
DA:61,0
DA:62,0
DA:65,0
DA:68,0
DA:69,0
DA:70,0
DA:72,0
DA:73,0
DA:74,0
DA:75,0
DA:78,0
DA:81,0
DA:82,0
DA:83,0
DA:84,0
DA:87,0
DA:90,0
DA:93,0
DA:94,0
DA:95,0
DA:96,0
DA:97,0
DA:98,0
DA:99,0
DA:100,0
DA:101,0
DA:103,0
DA:108,0
DA:115,0
DA:116,0
DA:117,0
DA:118,0
DA:121,0
DA:125,0
DA:126,0
DA:147,0
DA:148,0
DA:150,0
LF:81
LH:0
BRDA:2,0,0,0
BRDA:2,0,1,0
BRDA:2,0,2,0
BRDA:3,1,0,0
BRDA:3,1,1,0
BRDA:3,2,0,0
BRDA:3,2,1,0
BRDA:10,3,0,0
BRDA:10,3,1,0
BRDA:12,4,0,0
BRDA:12,4,1,0
BRDA:13,5,0,0
BRDA:13,5,1,0
BRDA:15,6,0,0
BRDA:15,6,1,0
BRDA:17,7,0,0
BRDA:17,7,1,0
BRDA:19,8,0,0
BRDA:19,8,1,0
BRDA:27,9,0,0
BRDA:27,9,1,0
BRDA:32,10,0,0
BRDA:32,10,1,0
BRDA:34,11,0,0
BRDA:34,11,1,0
BRDA:45,12,0,0
BRDA:45,12,1,0
BRDA:45,13,0,0
BRDA:45,13,1,0
BRDA:49,14,0,0
BRDA:49,14,1,0
BRDA:52,15,0,0
BRDA:52,15,1,0
BRDA:55,16,0,0
BRDA:55,16,1,0
BRDA:58,17,0,0
BRDA:58,17,1,0
BRDA:58,18,0,0
BRDA:58,18,1,0
BRDA:58,18,2,0
BRDA:60,19,0,0
BRDA:60,19,1,0
BRDA:60,20,0,0
BRDA:60,20,1,0
BRDA:60,20,2,0
BRDA:69,21,0,0
BRDA:69,21,1,0
BRDA:69,22,0,0
BRDA:69,22,1,0
BRDA:73,23,0,0
BRDA:73,23,1,0
BRDA:73,24,0,0
BRDA:73,24,1,0
BRDA:81,25,0,0
BRDA:81,25,1,0
BRDA:82,26,0,0
BRDA:82,26,1,0
BRDA:82,27,0,0
BRDA:82,27,1,0
BRDA:94,28,0,0
BRDA:94,28,1,0
BRDA:97,29,0,0
BRDA:97,29,1,0
BRDA:99,30,0,0
BRDA:99,30,1,0
BRDA:100,31,0,0
BRDA:100,31,1,0
BRDA:100,32,0,0
BRDA:100,32,1,0
BRDA:105,33,0,0
BRDA:105,33,1,0
BRDA:126,34,0,0
BRDA:126,34,1,0
BRDA:130,35,0,0
BRDA:130,35,1,0
BRDA:134,36,0,0
BRDA:134,36,1,0
BRDA:140,37,0,0
BRDA:140,37,1,0
BRDA:141,38,0,0
BRDA:141,38,1,0
BRDA:142,39,0,0
BRDA:142,39,1,0
BRDA:143,40,0,0
BRDA:143,40,1,0
BRDA:144,41,0,0
BRDA:144,41,1,0
BRDA:145,42,0,0
BRDA:145,42,1,0
BRDA:145,43,0,0
BRDA:145,43,1,0
BRF:91
BRH:0
end_of_record
TN:
SF:src/db/seed.ts
FN:2,(anonymous_0)
FN:9,seed
FN:24,(anonymous_2)
FNF:3
FNH:0
FNDA:0,(anonymous_0)
FNDA:0,seed
FNDA:0,(anonymous_2)
DA:2,0
DA:3,0
DA:5,0
DA:6,0
DA:7,0
DA:8,0
DA:11,0
DA:12,0
DA:13,0
DA:14,0
DA:16,0
DA:19,0
DA:21,0
DA:22,0
DA:24,0
DA:25,0
DA:26,0
LF:17
LH:0
BRDA:2,0,0,0
BRDA:2,0,1,0
BRDA:2,0,2,0
BRDA:3,1,0,0
BRDA:3,1,1,0
BRDA:3,2,0,0
BRDA:3,2,1,0
BRDA:12,3,0,0
BRDA:12,3,1,0
BRF:9
BRH:0
end_of_record
TN:
SF:src/discord/activityLog.ts
FN:2,(anonymous_0)
FN:13,classifyAgentErrorLevel
FN:27,shouldPostAgentError
FN:44,isPermissionDeniedError
FN:49,logAgentEvent
FN:73,(anonymous_5)
FNF:6
FNH:4
FNDA:3,(anonymous_0)
FNDA:6,classifyAgentErrorLevel
FNDA:7,shouldPostAgentError
FNDA:0,isPermissionDeniedError
FNDA:18,logAgentEvent
FNDA:0,(anonymous_5)
DA:2,3
DA:3,3
DA:5,3
DA:6,3
DA:7,3
DA:8,3
DA:9,3
DA:10,3
DA:11,3
DA:12,3
DA:14,6
DA:15,6
DA:16,0
DA:18,6
DA:23,4
DA:25,2
DA:28,7
DA:29,7
DA:30,7
DA:31,7
DA:32,1
DA:34,6
DA:35,6
DA:36,0
DA:37,0
DA:38,0
DA:42,6
DA:45,0
DA:46,0
DA:47,0
DA:50,18
DA:51,18
DA:52,6
DA:57,6
DA:63,18
DA:64,0
DA:65,18
DA:74,0
DA:75,0
DA:76,0
DA:77,0
DA:78,0
DA:80,0
DA:81,0
LF:44
LH:29
BRDA:2,0,0,3
BRDA:2,0,1,3
BRDA:2,0,2,3
BRDA:3,1,0,3
BRDA:3,1,1,0
BRDA:3,2,0,3
BRDA:3,2,1,3
BRDA:11,3,0,3
BRDA:11,3,1,3
BRDA:14,4,0,6
BRDA:14,4,1,0
BRDA:15,5,0,0
BRDA:15,5,1,6
BRDA:18,6,0,4
BRDA:18,6,1,2
BRDA:18,7,0,6
BRDA:18,7,1,5
BRDA:18,7,2,4
BRDA:18,7,3,3
BRDA:18,7,4,2
BRDA:29,8,0,7
BRDA:29,8,1,0
BRDA:30,9,0,7
BRDA:30,9,1,6
BRDA:31,10,0,1
BRDA:31,10,1,6
BRDA:35,11,0,0
BRDA:35,11,1,6
BRDA:37,12,0,0
BRDA:37,12,1,0
BRDA:45,13,0,0
BRDA:45,13,1,0
BRDA:46,14,0,0
BRDA:46,14,1,0
BRDA:46,14,2,0
BRDA:47,15,0,0
BRDA:47,15,1,0
BRDA:50,16,0,18
BRDA:50,16,1,0
BRDA:51,17,0,6
BRDA:51,17,1,12
BRDA:51,18,0,18
BRDA:51,18,1,8
BRDA:51,18,2,7
BRDA:53,19,0,0
BRDA:53,19,1,6
BRDA:54,20,0,0
BRDA:54,20,1,6
BRDA:55,21,0,0
BRDA:55,21,1,6
BRDA:57,22,0,6
BRDA:57,22,1,0
BRDA:60,23,0,6
BRDA:60,23,1,6
BRDA:63,24,0,0
BRDA:63,24,1,18
BRDA:69,25,0,18
BRDA:69,25,1,0
BRDA:70,26,0,18
BRDA:70,26,1,16
BRDA:71,27,0,18
BRDA:71,27,1,17
BRDA:72,28,0,18
BRDA:72,28,1,17
BRDA:75,29,0,0
BRDA:75,29,1,0
BRDA:80,30,0,0
BRDA:80,30,1,0
BRDA:80,31,0,0
BRDA:80,31,1,0
BRF:70
BRH:43
end_of_record
TN:
SF:src/discord/agents.ts
FN:2,(anonymous_0)
FN:41,(anonymous_1)
FN:44,resolveGithubDir
FN:61,getGithubDir
FN:66,loadFileFromGithub
FN:77,loadSystemPrompt
FN:82,(anonymous_6)
FN:87,getRileyPersonality
FN:94,getRileyMemory
FN:102,getAgents
FN:130,getAgent
FN:133,setAgentRoleId
FN:140,getAgentRoleId
FN:143,getAgentMention
FN:150,getAgentAliases
FN:156,normalizeAgentToken
FN:159,resolveAgentId
FN:168,(anonymous_17)
FN:173,resolveAgentIdByRoleId
FN:180,buildAgentMentionGuide
FN:183,(anonymous_20)
FN:189,(anonymous_21)
FN:192,getAgentByChannelName
FNF:23
FNH:23
FNDA:2,(anonymous_0)
FNDA:13,(anonymous_1)
FNDA:1,resolveGithubDir
FNDA:15,getGithubDir
FNDA:15,loadFileFromGithub
FNDA:13,loadSystemPrompt
FNDA:91,(anonymous_6)
FNDA:1,getRileyPersonality
FNDA:1,getRileyMemory
FNDA:56,getAgents
FNDA:35,getAgent
FNDA:12,setAgentRoleId
FNDA:19,getAgentRoleId
FNDA:17,getAgentMention
FNDA:2,getAgentAliases
FNDA:14,normalizeAgentToken
FNDA:14,resolveAgentId
FNDA:341,(anonymous_17)
FNDA:2,resolveAgentIdByRoleId
FNDA:2,buildAgentMentionGuide
FNDA:15,(anonymous_20)
FNDA:15,(anonymous_21)
FNDA:3,getAgentByChannelName
DA:2,1
DA:3,2
DA:5,1
DA:6,1
DA:7,1
DA:8,1
DA:9,1
DA:10,1
DA:11,1
DA:12,1
DA:13,1
DA:14,1
DA:15,1
DA:16,1
DA:17,1
DA:18,1
DA:19,1
DA:20,1
DA:21,1
DA:26,1
DA:41,13
DA:42,1
DA:45,1
DA:51,1
DA:52,4
DA:53,4
DA:54,0
DA:58,1
DA:62,15
DA:63,1
DA:64,15
DA:67,15
DA:68,15
DA:69,15
DA:70,0
DA:71,0
DA:74,0
DA:78,13
DA:79,13
DA:80,0
DA:82,91
DA:83,13
DA:84,13
DA:88,1
DA:89,1
DA:91,1
DA:95,1
DA:96,1
DA:98,1
DA:100,1
DA:101,1
DA:103,56
DA:104,55
DA:105,1
DA:106,1
DA:107,1
DA:108,13
DA:109,13
DA:110,13
DA:111,13
DA:125,1
DA:126,1
DA:128,1
DA:131,35
DA:134,12
DA:135,4
DA:136,4
DA:138,8
DA:141,19
DA:144,17
DA:145,17
DA:146,1
DA:147,16
DA:148,16
DA:151,2
DA:152,2
DA:153,1
DA:154,1
DA:157,14
DA:160,14
DA:161,14
DA:162,128
DA:163,2
DA:164,126
DA:165,8
DA:166,118
DA:167,0
DA:168,341
DA:169,2
DA:171,2
DA:174,2
DA:175,1
DA:176,1
DA:178,1
DA:181,2
DA:182,2
DA:184,15
DA:185,15
DA:186,0
DA:187,15
DA:189,15
DA:193,3
DA:194,3
DA:195,3
DA:196,31
DA:197,31
DA:198,31
DA:199,2
DA:201,1
LF:109
LH:102
BRDA:2,0,0,1
BRDA:2,0,1,1
BRDA:2,0,2,1
BRDA:3,1,0,0
BRDA:3,1,1,2
BRDA:3,2,0,2
BRDA:3,2,1,2
BRDA:62,3,0,1
BRDA:62,3,1,14
BRDA:68,4,0,15
BRDA:68,4,1,0
BRDA:79,5,0,0
BRDA:79,5,1,13
BRDA:84,6,0,13
BRDA:84,6,1,0
BRDA:88,7,0,1
BRDA:88,7,1,0
BRDA:95,8,0,1
BRDA:95,8,1,0
BRDA:103,9,0,55
BRDA:103,9,1,1
BRDA:109,10,0,13
BRDA:109,10,1,0
BRDA:125,11,0,1
BRDA:125,11,1,0
BRDA:134,12,0,4
BRDA:134,12,1,8
BRDA:141,13,0,19
BRDA:141,13,1,17
BRDA:145,14,0,1
BRDA:145,14,1,16
BRDA:148,15,0,16
BRDA:148,15,1,0
BRDA:152,16,0,1
BRDA:152,16,1,1
BRDA:162,17,0,2
BRDA:162,17,1,126
BRDA:164,18,0,8
BRDA:164,18,1,118
BRDA:166,19,0,0
BRDA:166,19,1,118
BRDA:168,20,0,2
BRDA:168,20,1,116
BRDA:175,21,0,1
BRDA:175,21,1,0
BRDA:181,22,0,1
BRDA:181,22,1,1
BRDA:185,23,0,0
BRDA:185,23,1,15
BRDA:198,24,0,2
BRDA:198,24,1,29
BRDA:198,25,0,31
BRDA:198,25,1,30
BRDA:198,25,2,29
BRDA:198,25,3,29
BRF:55
BRH:43
end_of_record
TN:
SF:src/discord/bot.single.ts
FN:12,(anonymous_0)
FN:13,(anonymous_1)
FN:14,(anonymous_2)
FN:17,(anonymous_3)
FN:18,(anonymous_4)
FN:21,(anonymous_5)
FN:23,(anonymous_6)
FN:26,(anonymous_7)
FN:27,(anonymous_8)
FN:28,(anonymous_9)
FN:31,(anonymous_10)
FN:32,(anonymous_11)
FN:33,(anonymous_12)
FN:35,(anonymous_13)
FNF:14
FNH:14
FNDA:1,(anonymous_0)
FNDA:1,(anonymous_1)
FNDA:1,(anonymous_2)
FNDA:1,(anonymous_3)
FNDA:1,(anonymous_4)
FNDA:1,(anonymous_5)
FNDA:1,(anonymous_6)
FNDA:1,(anonymous_7)
FNDA:1,(anonymous_8)
FNDA:1,(anonymous_9)
FNDA:1,(anonymous_10)
FNDA:1,(anonymous_11)
FNDA:1,(anonymous_12)
FNDA:1,(anonymous_13)
DA:8,1
DA:9,1
DA:11,1
DA:12,1
DA:13,1
DA:14,1
DA:16,1
DA:17,1
DA:18,1
DA:20,1
DA:21,1
DA:22,1
DA:23,1
DA:25,1
DA:26,1
DA:27,1
DA:28,1
DA:30,1
DA:31,1
DA:32,1
DA:33,1
DA:34,1
DA:35,1
LF:23
LH:23
BRF:0
BRH:0
end_of_record
TN:
SF:src/discord/bot.ts
FN:2,(anonymous_0)
FN:64,getFeedContracts
FN:73,latestChannelMessageTimestamp
FN:74,(anonymous_3)
FN:78,runChannelHeartbeat
FN:109,(anonymous_5)
FN:130,(anonymous_6)
FN:133,normalizeUpgradeText
FN:141,classifyUpgrade
FN:157,mergeUpgradeEntry
FN:159,(anonymous_10)
FN:171,runUpgradesTriage
FN:173,(anonymous_12)
FN:182,(anonymous_13)
FN:198,(anonymous_14)
FN:207,(anonymous_15)
FN:212,(anonymous_16)
FN:215,(anonymous_17)
FN:218,(anonymous_18)
FN:222,(anonymous_19)
FN:224,(anonymous_20)
FN:229,startOpsMonitors
FN:234,(anonymous_22)
FN:235,(anonymous_23)
FN:237,(anonymous_24)
FN:238,(anonymous_25)
FN:240,(anonymous_26)
FN:241,(anonymous_27)
FN:243,decodeBotIdFromToken
FN:257,isTesterBotId
FN:260,(anonymous_30)
FN:266,ensureDedupeTable
FN:275,claimDiscordMessage
FN:281,(anonymous_33)
FN:285,getTesterSpeechBridgeText
FN:297,getBotChannels
FN:304,startBot
FN:326,(anonymous_37)
FN:351,(anonymous_38)
FN:359,(anonymous_39)
FN:364,(anonymous_40)
FN:381,(anonymous_41)
FN:408,(anonymous_42)
FN:422,(anonymous_43)
FN:424,(anonymous_44)
FN:440,(anonymous_45)
FN:469,(anonymous_46)
FN:472,(anonymous_47)
FN:481,(anonymous_48)
FN:482,(anonymous_49)
FN:506,(anonymous_50)
FN:534,(anonymous_51)
FN:537,(anonymous_52)
FN:570,(anonymous_53)
FN:581,(anonymous_54)
FN:584,(anonymous_55)
FN:588,(anonymous_56)
FN:606,(anonymous_57)
FN:619,(anonymous_58)
FN:640,(anonymous_59)
FN:701,(anonymous_60)
FN:709,(anonymous_61)
FN:714,handleApprovalDraft
FN:720,(anonymous_63)
FN:774,stopBot
FN:784,(anonymous_65)
FN:785,(anonymous_66)
FN:786,(anonymous_67)
FN:791,(anonymous_68)
FN:792,(anonymous_69)
FN:804,handleOpsInteraction
FN:841,buildDeployChecklist
FNF:72
FNH:0
FNDA:0,(anonymous_0)
FNDA:0,getFeedContracts
FNDA:0,latestChannelMessageTimestamp
FNDA:0,(anonymous_3)
FNDA:0,runChannelHeartbeat
FNDA:0,(anonymous_5)
FNDA:0,(anonymous_6)
FNDA:0,normalizeUpgradeText
FNDA:0,classifyUpgrade
FNDA:0,mergeUpgradeEntry
FNDA:0,(anonymous_10)
FNDA:0,runUpgradesTriage
FNDA:0,(anonymous_12)
FNDA:0,(anonymous_13)
FNDA:0,(anonymous_14)
FNDA:0,(anonymous_15)
FNDA:0,(anonymous_16)
FNDA:0,(anonymous_17)
FNDA:0,(anonymous_18)
FNDA:0,(anonymous_19)
FNDA:0,(anonymous_20)
FNDA:0,startOpsMonitors
FNDA:0,(anonymous_22)
FNDA:0,(anonymous_23)
FNDA:0,(anonymous_24)
FNDA:0,(anonymous_25)
FNDA:0,(anonymous_26)
FNDA:0,(anonymous_27)
FNDA:0,decodeBotIdFromToken
FNDA:0,isTesterBotId
FNDA:0,(anonymous_30)
FNDA:0,ensureDedupeTable
FNDA:0,claimDiscordMessage
FNDA:0,(anonymous_33)
FNDA:0,getTesterSpeechBridgeText
FNDA:0,getBotChannels
FNDA:0,startBot
FNDA:0,(anonymous_37)
FNDA:0,(anonymous_38)
FNDA:0,(anonymous_39)
FNDA:0,(anonymous_40)
FNDA:0,(anonymous_41)
FNDA:0,(anonymous_42)
FNDA:0,(anonymous_43)
FNDA:0,(anonymous_44)
FNDA:0,(anonymous_45)
FNDA:0,(anonymous_46)
FNDA:0,(anonymous_47)
FNDA:0,(anonymous_48)
FNDA:0,(anonymous_49)
FNDA:0,(anonymous_50)
FNDA:0,(anonymous_51)
FNDA:0,(anonymous_52)
FNDA:0,(anonymous_53)
FNDA:0,(anonymous_54)
FNDA:0,(anonymous_55)
FNDA:0,(anonymous_56)
FNDA:0,(anonymous_57)
FNDA:0,(anonymous_58)
FNDA:0,(anonymous_59)
FNDA:0,(anonymous_60)
FNDA:0,(anonymous_61)
FNDA:0,handleApprovalDraft
FNDA:0,(anonymous_63)
FNDA:0,stopBot
FNDA:0,(anonymous_65)
FNDA:0,(anonymous_66)
FNDA:0,(anonymous_67)
FNDA:0,(anonymous_68)
FNDA:0,(anonymous_69)
FNDA:0,handleOpsInteraction
FNDA:0,buildDeployChecklist
DA:2,0
DA:3,0
DA:5,0
DA:6,0
DA:7,0
DA:8,0
DA:9,0
DA:10,0
DA:11,0
DA:12,0
DA:13,0
DA:14,0
DA:15,0
DA:16,0
DA:17,0
DA:18,0
DA:19,0
DA:20,0
DA:21,0
DA:22,0
DA:23,0
DA:24,0
DA:25,0
DA:26,0
DA:27,0
DA:28,0
DA:29,0
DA:30,0
DA:31,0
DA:32,0
DA:33,0
DA:34,0
DA:35,0
DA:36,0
DA:45,0
DA:46,0
DA:47,0
DA:48,0
DA:49,0
DA:51,0
DA:52,0
DA:53,0
DA:54,0
DA:55,0
DA:56,0
DA:57,0
DA:58,0
DA:59,0
DA:60,0
DA:61,0
DA:62,0
DA:63,0
DA:65,0
DA:74,0
DA:75,0
DA:76,0
DA:79,0
DA:80,0
DA:81,0
DA:82,0
DA:83,0
DA:84,0
DA:85,0
DA:86,0
DA:87,0
DA:88,0
DA:89,0
DA:90,0
DA:91,0
DA:92,0
DA:98,0
DA:99,0
DA:100,0
DA:101,0
DA:102,0
DA:103,0
DA:104,0
DA:105,0
DA:106,0
DA:108,0
DA:109,0
DA:110,0
DA:114,0
DA:120,0
DA:123,0
DA:124,0
DA:130,0
DA:134,0
DA:142,0
DA:143,0
DA:144,0
DA:145,0
DA:146,0
DA:147,0
DA:148,0
DA:149,0
DA:150,0
DA:151,0
DA:152,0
DA:153,0
DA:154,0
DA:155,0
DA:158,0
DA:159,0
DA:160,0
DA:161,0
DA:162,0
DA:163,0
DA:164,0
DA:165,0
DA:167,0
DA:169,0
DA:172,0
DA:173,0
DA:174,0
DA:175,0
DA:176,0
DA:177,0
DA:178,0
DA:179,0
DA:180,0
DA:182,0
DA:184,0
DA:185,0
DA:186,0
DA:187,0
DA:188,0
DA:190,0
DA:191,0
DA:192,0
DA:193,0
DA:194,0
DA:195,0
DA:197,0
DA:198,0
DA:200,0
DA:207,0
DA:210,0
DA:211,0
DA:212,0
DA:215,0
DA:217,0
DA:218,0
DA:222,0
DA:223,0
DA:224,0
DA:225,0
DA:230,0
DA:231,0
DA:232,0
DA:233,0
DA:234,0
DA:235,0
DA:237,0
DA:238,0
DA:240,0
DA:241,0
DA:244,0
DA:245,0
DA:246,0
DA:247,0
DA:248,0
DA:249,0
DA:250,0
DA:251,0
DA:254,0
DA:258,0
DA:260,0
DA:262,0
DA:263,0
DA:264,0
DA:267,0
DA:268,0
DA:269,0
DA:273,0
DA:276,0
DA:277,0
DA:278,0
DA:279,0
DA:280,0
DA:281,0
DA:283,0
DA:286,0
DA:287,0
DA:288,0
DA:289,0
DA:290,0
DA:291,0
DA:292,0
DA:298,0
DA:305,0
DA:306,0
DA:307,0
DA:308,0
DA:309,0
DA:311,0
DA:312,0
DA:313,0
DA:315,0
DA:326,0
DA:327,0
DA:328,0
DA:329,0
DA:330,0
DA:331,0
DA:334,0
DA:335,0
DA:338,0
DA:339,0
DA:340,0
DA:341,0
DA:342,0
DA:343,0
DA:344,0
DA:345,0
DA:346,0
DA:347,0
DA:348,0
DA:349,0
DA:350,0
DA:351,0
DA:352,0
DA:353,0
DA:354,0
DA:355,0
DA:356,0
DA:358,0
DA:359,0
DA:360,0
DA:361,0
DA:362,0
DA:364,0
DA:365,0
DA:366,0
DA:367,0
DA:368,0
DA:369,0
DA:378,0
DA:379,0
DA:380,0
DA:381,0
DA:382,0
DA:383,0
DA:384,0
DA:385,0
DA:386,0
DA:387,0
DA:388,0
DA:389,0
DA:390,0
DA:391,0
DA:393,0
DA:396,0
DA:397,0
DA:398,0
DA:406,0
DA:407,0
DA:408,0
DA:409,0
DA:411,0
DA:419,0
DA:421,0
DA:422,0
DA:424,0
DA:425,0
DA:427,0
DA:428,0
DA:429,0
DA:432,0
DA:433,0
DA:434,0
DA:436,0
DA:437,0
DA:438,0
DA:439,0
DA:440,0
DA:441,0
DA:442,0
DA:443,0
DA:444,0
DA:445,0
DA:446,0
DA:449,0
DA:450,0
DA:451,0
DA:452,0
DA:453,0
DA:454,0
DA:458,0
DA:459,0
DA:460,0
DA:461,0
DA:462,0
DA:463,0
DA:464,0
DA:465,0
DA:466,0
DA:467,0
DA:468,0
DA:469,0
DA:472,0
DA:474,0
DA:475,0
DA:477,0
DA:478,0
DA:480,0
DA:481,0
DA:482,0
DA:483,0
DA:490,0
DA:491,0
DA:492,0
DA:493,0
DA:494,0
DA:495,0
DA:496,0
DA:497,0
DA:498,0
DA:499,0
DA:502,0
DA:504,0
DA:505,0
DA:506,0
DA:507,0
DA:508,0
DA:510,0
DA:511,0
DA:512,0
DA:513,0
DA:514,0
DA:515,0
DA:516,0
DA:517,0
DA:518,0
DA:520,0
DA:523,0
DA:524,0
DA:525,0
DA:526,0
DA:527,0
DA:532,0
DA:533,0
DA:534,0
DA:537,0
DA:539,0
DA:542,0
DA:543,0
DA:545,0
DA:546,0
DA:547,0
DA:548,0
DA:550,0
DA:552,0
DA:553,0
DA:554,0
DA:558,0
DA:559,0
DA:560,0
DA:563,0
DA:564,0
DA:570,0
DA:571,0
DA:572,0
DA:573,0
DA:574,0
DA:575,0
DA:576,0
DA:579,0
DA:580,0
DA:581,0
DA:584,0
DA:588,0
DA:589,0
DA:590,0
DA:591,0
DA:592,0
DA:593,0
DA:595,0
DA:596,0
DA:597,0
DA:598,0
DA:599,0
DA:601,0
DA:602,0
DA:603,0
DA:605,0
DA:606,0
DA:607,0
DA:608,0
DA:613,0
DA:614,0
DA:615,0
DA:619,0
DA:620,0
DA:621,0
DA:622,0
DA:623,0
DA:625,0
DA:626,0
DA:627,0
DA:628,0
DA:629,0
DA:630,0
DA:631,0
DA:632,0
DA:633,0
DA:636,0
DA:638,0
DA:639,0
DA:640,0
DA:644,0
DA:646,0
DA:649,0
DA:650,0
DA:651,0
DA:652,0
DA:653,0
DA:654,0
DA:655,0
DA:656,0
DA:657,0
DA:659,0
DA:660,0
DA:661,0
DA:662,0
DA:663,0
DA:665,0
DA:666,0
DA:667,0
DA:668,0
DA:669,0
DA:670,0
DA:671,0
DA:674,0
DA:679,0
DA:680,0
DA:681,0
DA:682,0
DA:683,0
DA:684,0
DA:685,0
DA:688,0
DA:689,0
DA:692,0
DA:693,0
DA:697,0
DA:700,0
DA:701,0
DA:703,0
DA:707,0
DA:708,0
DA:709,0
DA:715,0
DA:716,0
DA:717,0
DA:718,0
DA:719,0
DA:720,0
DA:721,0
DA:722,0
DA:723,0
DA:724,0
DA:725,0
DA:726,0
DA:728,0
DA:732,0
DA:741,0
DA:742,0
DA:744,0
DA:749,0
DA:758,0
DA:760,0
DA:762,0
DA:763,0
DA:766,0
DA:767,0
DA:768,0
DA:775,0
DA:776,0
DA:777,0
DA:779,0
DA:780,0
DA:781,0
DA:783,0
DA:784,0
DA:785,0
DA:786,0
DA:787,0
DA:788,0
DA:789,0
DA:790,0
DA:791,0
DA:792,0
DA:793,0
DA:794,0
DA:796,0
DA:797,0
DA:798,0
DA:799,0
DA:800,0
DA:801,0
DA:805,0
DA:806,0
DA:807,0
DA:808,0
DA:809,0
DA:810,0
DA:812,0
DA:813,0
DA:818,0
DA:819,0
DA:821,0
DA:822,0
DA:823,0
DA:828,0
DA:829,0
DA:831,0
DA:832,0
DA:833,0
DA:834,0
DA:839,0
DA:842,0
DA:850,0
DA:858,0
DA:859,0
DA:860,0
DA:861,0
DA:862,0
LF:528
LH:0
BRDA:2,0,0,0
BRDA:2,0,1,0
BRDA:2,0,2,0
BRDA:3,1,0,0
BRDA:3,1,1,0
BRDA:3,2,0,0
BRDA:3,2,1,0
BRDA:55,3,0,0
BRDA:55,3,1,0
BRDA:55,3,2,0
BRDA:59,4,0,0
BRDA:59,4,1,0
BRDA:60,5,0,0
BRDA:60,5,1,0
BRDA:61,6,0,0
BRDA:61,6,1,0
BRDA:62,7,0,0
BRDA:62,7,1,0
BRDA:76,8,0,0
BRDA:76,8,1,0
BRDA:85,9,0,0
BRDA:85,9,1,0
BRDA:86,10,0,0
BRDA:86,10,1,0
BRDA:87,11,0,0
BRDA:87,11,1,0
BRDA:87,12,0,0
BRDA:87,12,1,0
BRDA:88,13,0,0
BRDA:88,13,1,0
BRDA:89,14,0,0
BRDA:89,14,1,0
BRDA:90,15,0,0
BRDA:90,15,1,0
BRDA:94,16,0,0
BRDA:94,16,1,0
BRDA:98,17,0,0
BRDA:98,17,1,0
BRDA:99,18,0,0
BRDA:99,18,1,0
BRDA:99,19,0,0
BRDA:99,19,1,0
BRDA:104,20,0,0
BRDA:104,20,1,0
BRDA:108,21,0,0
BRDA:108,21,1,0
BRDA:123,22,0,0
BRDA:123,22,1,0
BRDA:129,23,0,0
BRDA:129,23,1,0
BRDA:130,24,0,0
BRDA:130,24,1,0
BRDA:134,25,0,0
BRDA:134,25,1,0
BRDA:143,26,0,0
BRDA:143,26,1,0
BRDA:143,26,2,0
BRDA:144,27,0,0
BRDA:144,27,1,0
BRDA:145,28,0,0
BRDA:145,28,1,0
BRDA:145,29,0,0
BRDA:145,29,1,0
BRDA:147,30,0,0
BRDA:147,30,1,0
BRDA:149,31,0,0
BRDA:149,31,1,0
BRDA:151,32,0,0
BRDA:151,32,1,0
BRDA:153,33,0,0
BRDA:153,33,1,0
BRDA:159,34,0,0
BRDA:159,34,1,0
BRDA:160,35,0,0
BRDA:160,35,1,0
BRDA:163,36,0,0
BRDA:163,36,1,0
BRDA:174,37,0,0
BRDA:174,37,1,0
BRDA:174,38,0,0
BRDA:174,38,1,0
BRDA:181,39,0,0
BRDA:181,39,1,0
BRDA:182,40,0,0
BRDA:182,40,1,0
BRDA:182,41,0,0
BRDA:182,41,1,0
BRDA:182,42,0,0
BRDA:182,42,1,0
BRDA:184,43,0,0
BRDA:184,43,1,0
BRDA:186,44,0,0
BRDA:186,44,1,0
BRDA:186,45,0,0
BRDA:186,45,1,0
BRDA:186,45,2,0
BRDA:191,46,0,0
BRDA:191,46,1,0
BRDA:195,47,0,0
BRDA:195,47,1,0
BRDA:198,48,0,0
BRDA:198,48,1,0
BRDA:206,49,0,0
BRDA:206,49,1,0
BRDA:211,50,0,0
BRDA:211,50,1,0
BRDA:217,51,0,0
BRDA:217,51,1,0
BRDA:217,52,0,0
BRDA:217,52,1,0
BRDA:222,53,0,0
BRDA:222,53,1,0
BRDA:223,54,0,0
BRDA:223,54,1,0
BRDA:223,55,0,0
BRDA:223,55,1,0
BRDA:230,56,0,0
BRDA:230,56,1,0
BRDA:232,57,0,0
BRDA:232,57,1,0
BRDA:245,58,0,0
BRDA:245,58,1,0
BRDA:246,59,0,0
BRDA:246,59,1,0
BRDA:251,60,0,0
BRDA:251,60,1,0
BRDA:258,61,0,0
BRDA:258,61,1,0
BRDA:262,62,0,0
BRDA:262,62,1,0
BRDA:263,63,0,0
BRDA:263,63,1,0
BRDA:267,64,0,0
BRDA:267,64,1,0
BRDA:279,65,0,0
BRDA:279,65,1,0
BRDA:283,66,0,0
BRDA:283,66,1,0
BRDA:286,67,0,0
BRDA:286,67,1,0
BRDA:287,68,0,0
BRDA:287,68,1,0
BRDA:290,69,0,0
BRDA:290,69,1,0
BRDA:292,70,0,0
BRDA:292,70,1,0
BRDA:307,71,0,0
BRDA:307,71,1,0
BRDA:311,72,0,0
BRDA:311,72,1,0
BRDA:329,73,0,0
BRDA:329,73,1,0
BRDA:351,74,0,0
BRDA:351,74,1,0
BRDA:354,75,0,0
BRDA:354,75,1,0
BRDA:366,76,0,0
BRDA:366,76,1,0
BRDA:368,77,0,0
BRDA:368,77,1,0
BRDA:374,78,0,0
BRDA:374,78,1,0
BRDA:375,79,0,0
BRDA:375,79,1,0
BRDA:383,80,0,0
BRDA:383,80,1,0
BRDA:386,81,0,0
BRDA:386,81,1,0
BRDA:387,82,0,0
BRDA:387,82,1,0
BRDA:389,83,0,0
BRDA:389,83,1,0
BRDA:393,84,0,0
BRDA:393,84,1,0
BRDA:432,85,0,0
BRDA:432,85,1,0
BRDA:432,86,0,0
BRDA:432,86,1,0
BRDA:450,87,0,0
BRDA:450,87,1,0
BRDA:458,88,0,0
BRDA:458,88,1,0
BRDA:469,89,0,0
BRDA:469,89,1,0
BRDA:474,90,0,0
BRDA:474,90,1,0
BRDA:474,91,0,0
BRDA:474,91,1,0
BRDA:475,92,0,0
BRDA:475,92,1,0
BRDA:477,93,0,0
BRDA:477,93,1,0
BRDA:477,94,0,0
BRDA:477,94,1,0
BRDA:478,95,0,0
BRDA:478,95,1,0
BRDA:479,96,0,0
BRDA:479,96,1,0
BRDA:480,97,0,0
BRDA:480,97,1,0
BRDA:490,98,0,0
BRDA:490,98,1,0
BRDA:492,99,0,0
BRDA:492,99,1,0
BRDA:492,100,0,0
BRDA:492,100,1,0
BRDA:493,101,0,0
BRDA:493,101,1,0
BRDA:493,102,0,0
BRDA:493,102,1,0
BRDA:496,103,0,0
BRDA:496,103,1,0
BRDA:497,104,0,0
BRDA:497,104,1,0
BRDA:504,105,0,0
BRDA:504,105,1,0
BRDA:510,106,0,0
BRDA:510,106,1,0
BRDA:515,107,0,0
BRDA:515,107,1,0
BRDA:517,108,0,0
BRDA:517,108,1,0
BRDA:523,109,0,0
BRDA:523,109,1,0
BRDA:524,110,0,0
BRDA:524,110,1,0
BRDA:526,111,0,0
BRDA:526,111,1,0
BRDA:529,112,0,0
BRDA:529,112,1,0
BRDA:529,112,2,0
BRDA:532,113,0,0
BRDA:532,113,1,0
BRDA:533,114,0,0
BRDA:533,114,1,0
BRDA:537,115,0,0
BRDA:537,115,1,0
BRDA:545,116,0,0
BRDA:545,116,1,0
BRDA:547,117,0,0
BRDA:547,117,1,0
BRDA:552,118,0,0
BRDA:552,118,1,0
BRDA:558,119,0,0
BRDA:558,119,1,0
BRDA:558,120,0,0
BRDA:558,120,1,0
BRDA:559,121,0,0
BRDA:559,121,1,0
BRDA:559,122,0,0
BRDA:559,122,1,0
BRDA:560,123,0,0
BRDA:560,123,1,0
BRDA:560,123,2,0
BRDA:560,123,3,0
BRDA:564,124,0,0
BRDA:564,124,1,0
BRDA:566,125,0,0
BRDA:566,125,1,0
BRDA:571,126,0,0
BRDA:571,126,1,0
BRDA:573,127,0,0
BRDA:573,127,1,0
BRDA:580,128,0,0
BRDA:580,128,1,0
BRDA:580,129,0,0
BRDA:580,129,1,0
BRDA:589,130,0,0
BRDA:589,130,1,0
BRDA:592,131,0,0
BRDA:592,131,1,0
BRDA:593,132,0,0
BRDA:593,132,1,0
BRDA:595,133,0,0
BRDA:595,133,1,0
BRDA:595,134,0,0
BRDA:595,134,1,0
BRDA:597,135,0,0
BRDA:597,135,1,0
BRDA:598,136,0,0
BRDA:598,136,1,0
BRDA:598,137,0,0
BRDA:598,137,1,0
BRDA:602,138,0,0
BRDA:602,138,1,0
BRDA:602,139,0,0
BRDA:602,139,1,0
BRDA:605,140,0,0
BRDA:605,140,1,0
BRDA:605,141,0,0
BRDA:605,141,1,0
BRDA:607,142,0,0
BRDA:607,142,1,0
BRDA:613,143,0,0
BRDA:613,143,1,0
BRDA:613,144,0,0
BRDA:613,144,1,0
BRDA:620,145,0,0
BRDA:620,145,1,0
BRDA:625,146,0,0
BRDA:625,146,1,0
BRDA:625,147,0,0
BRDA:625,147,1,0
BRDA:627,148,0,0
BRDA:627,148,1,0
BRDA:628,149,0,0
BRDA:628,149,1,0
BRDA:630,150,0,0
BRDA:630,150,1,0
BRDA:632,151,0,0
BRDA:632,151,1,0
BRDA:633,152,0,0
BRDA:633,152,1,0
BRDA:638,153,0,0
BRDA:638,153,1,0
BRDA:649,154,0,0
BRDA:649,154,1,0
BRDA:649,155,0,0
BRDA:649,155,1,0
BRDA:651,156,0,0
BRDA:651,156,1,0
BRDA:652,157,0,0
BRDA:652,157,1,0
BRDA:654,158,0,0
BRDA:654,158,1,0
BRDA:655,159,0,0
BRDA:655,159,1,0
BRDA:660,160,0,0
BRDA:660,160,1,0
BRDA:665,161,0,0
BRDA:665,161,1,0
BRDA:665,162,0,0
BRDA:665,162,1,0
BRDA:667,163,0,0
BRDA:667,163,1,0
BRDA:668,164,0,0
BRDA:668,164,1,0
BRDA:668,165,0,0
BRDA:668,165,1,0
BRDA:669,166,0,0
BRDA:669,166,1,0
BRDA:679,167,0,0
BRDA:679,167,1,0
BRDA:679,168,0,0
BRDA:679,168,1,0
BRDA:682,169,0,0
BRDA:682,169,1,0
BRDA:682,170,0,0
BRDA:682,170,1,0
BRDA:683,171,0,0
BRDA:683,171,1,0
BRDA:683,172,0,0
BRDA:683,172,1,0
BRDA:683,173,0,0
BRDA:683,173,1,0
BRDA:683,174,0,0
BRDA:683,174,1,0
BRDA:688,175,0,0
BRDA:688,175,1,0
BRDA:692,176,0,0
BRDA:692,176,1,0
BRDA:700,177,0,0
BRDA:700,177,1,0
BRDA:708,178,0,0
BRDA:708,178,1,0
BRDA:708,179,0,0
BRDA:708,179,1,0
BRDA:715,180,0,0
BRDA:715,180,1,0
BRDA:718,181,0,0
BRDA:718,181,1,0
BRDA:720,182,0,0
BRDA:720,182,1,0
BRDA:721,183,0,0
BRDA:721,183,1,0
BRDA:724,184,0,0
BRDA:724,184,1,0
BRDA:728,185,0,0
BRDA:728,185,1,0
BRDA:729,186,0,0
BRDA:729,186,1,0
BRDA:734,187,0,0
BRDA:734,187,1,0
BRDA:741,188,0,0
BRDA:741,188,1,0
BRDA:766,189,0,0
BRDA:766,189,1,0
BRDA:766,190,0,0
BRDA:766,190,1,0
BRDA:775,191,0,0
BRDA:775,191,1,0
BRDA:779,192,0,0
BRDA:779,192,1,0
BRDA:793,193,0,0
BRDA:793,193,1,0
BRDA:797,194,0,0
BRDA:797,194,1,0
BRDA:806,195,0,0
BRDA:806,195,1,0
BRDA:807,196,0,0
BRDA:807,196,1,0
BRDA:812,197,0,0
BRDA:812,197,1,0
BRDA:815,198,0,0
BRDA:815,198,1,0
BRDA:821,199,0,0
BRDA:821,199,1,0
BRDA:825,200,0,0
BRDA:825,200,1,0
BRDA:833,201,0,0
BRDA:833,201,1,0
BRDA:858,202,0,0
BRDA:858,202,1,0
BRDA:860,203,0,0
BRDA:860,203,1,0
BRF:415
BRH:0
end_of_record
TN:
SF:src/discord/channelCompletionCheck.ts
FN:2,(anonymous_0)
FN:12,sleep
FN:13,(anonymous_2)
FN:15,parseListArg
FN:16,(anonymous_4)
FN:22,(anonymous_5)
FN:25,parseNumberArg
FN:26,(anonymous_7)
FN:34,loadOptions
FN:46,jitter
FN:51,extractText
FN:56,isProgressPlaceholder
FN:64,waitForTokenReply
FN:68,(anonymous_13)
FN:70,(anonymous_14)
FN:107,buildPrompt
FN:115,chunk
FN:122,shouldIncludeAgent
FN:134,ensureReportsDir
FN:139,writeReport
FN:149,runAttempt
FN:154,main
FN:165,(anonymous_22)
FN:166,(anonymous_23)
FN:172,(anonymous_24)
FN:182,(anonymous_25)
FN:183,(anonymous_26)
FN:187,(anonymous_27)
FN:207,(anonymous_28)
FN:228,(anonymous_29)
FN:233,(anonymous_30)
FN:250,(anonymous_31)
FNF:32
FNH:0
FNDA:0,(anonymous_0)
FNDA:0,sleep
FNDA:0,(anonymous_2)
FNDA:0,parseListArg
FNDA:0,(anonymous_4)
FNDA:0,(anonymous_5)
FNDA:0,parseNumberArg
FNDA:0,(anonymous_7)
FNDA:0,loadOptions
FNDA:0,jitter
FNDA:0,extractText
FNDA:0,isProgressPlaceholder
FNDA:0,waitForTokenReply
FNDA:0,(anonymous_13)
FNDA:0,(anonymous_14)
FNDA:0,buildPrompt
FNDA:0,chunk
FNDA:0,shouldIncludeAgent
FNDA:0,ensureReportsDir
FNDA:0,writeReport
FNDA:0,runAttempt
FNDA:0,main
FNDA:0,(anonymous_22)
FNDA:0,(anonymous_23)
FNDA:0,(anonymous_24)
FNDA:0,(anonymous_25)
FNDA:0,(anonymous_26)
FNDA:0,(anonymous_27)
FNDA:0,(anonymous_28)
FNDA:0,(anonymous_29)
FNDA:0,(anonymous_30)
FNDA:0,(anonymous_31)
DA:2,0
DA:3,0
DA:5,0
DA:6,0
DA:7,0
DA:8,0
DA:9,0
DA:10,0
DA:11,0
DA:13,0
DA:16,0
DA:17,0
DA:18,0
DA:19,0
DA:20,0
DA:21,0
DA:22,0
DA:23,0
DA:26,0
DA:27,0
DA:28,0
DA:29,0
DA:30,0
DA:31,0
DA:32,0
DA:35,0
DA:47,0
DA:48,0
DA:49,0
DA:52,0
DA:53,0
DA:54,0
DA:57,0
DA:58,0
DA:59,0
DA:60,0
DA:61,0
DA:62,0
DA:65,0
DA:66,0
DA:67,0
DA:68,0
DA:69,0
DA:70,0
DA:71,0
DA:72,0
DA:73,0
DA:74,0
DA:75,0
DA:76,0
DA:77,0
DA:78,0
DA:79,0
DA:80,0
DA:81,0
DA:90,0
DA:92,0
DA:93,0
DA:101,0
DA:108,0
DA:116,0
DA:117,0
DA:118,0
DA:120,0
DA:123,0
DA:124,0
DA:125,0
DA:126,0
DA:127,0
DA:128,0
DA:129,0
DA:130,0
DA:132,0
DA:135,0
DA:136,0
DA:137,0
DA:140,0
DA:141,0
DA:142,0
DA:143,0
DA:144,0
DA:145,0
DA:146,0
DA:147,0
DA:150,0
DA:151,0
DA:152,0
DA:155,0
DA:156,0
DA:157,0
DA:158,0
DA:159,0
DA:160,0
DA:161,0
DA:162,0
DA:165,0
DA:166,0
DA:167,0
DA:168,0
DA:170,0
DA:171,0
DA:172,0
DA:173,0
DA:174,0
DA:175,0
DA:177,0
DA:178,0
DA:179,0
DA:180,0
DA:181,0
DA:182,0
DA:183,0
DA:184,0
DA:185,0
DA:187,0
DA:188,0
DA:189,0
DA:197,0
DA:198,0
DA:199,0
DA:200,0
DA:201,0
DA:202,0
DA:203,0
DA:204,0
DA:205,0
DA:207,0
DA:208,0
DA:216,0
DA:217,0
DA:218,0
DA:219,0
DA:220,0
DA:221,0
DA:223,0
DA:224,0
DA:225,0
DA:228,0
DA:229,0
DA:230,0
DA:231,0
DA:232,0
DA:233,0
DA:234,0
DA:235,0
DA:237,0
DA:244,0
DA:245,0
DA:246,0
DA:247,0
DA:248,0
DA:250,0
DA:251,0
DA:252,0
LF:154
LH:0
BRDA:2,0,0,0
BRDA:2,0,1,0
BRDA:2,0,2,0
BRDA:3,1,0,0
BRDA:3,1,1,0
BRDA:3,2,0,0
BRDA:3,2,1,0
BRDA:17,3,0,0
BRDA:17,3,1,0
BRDA:20,4,0,0
BRDA:20,4,1,0
BRDA:23,5,0,0
BRDA:23,5,1,0
BRDA:27,6,0,0
BRDA:27,6,1,0
BRDA:30,7,0,0
BRDA:30,7,1,0
BRDA:47,8,0,0
BRDA:47,8,1,0
BRDA:47,9,0,0
BRDA:47,9,1,0
BRDA:52,10,0,0
BRDA:52,10,1,0
BRDA:53,11,0,0
BRDA:53,11,1,0
BRDA:53,11,2,0
BRDA:54,12,0,0
BRDA:54,12,1,0
BRDA:58,13,0,0
BRDA:58,13,1,0
BRDA:60,14,0,0
BRDA:60,14,1,0
BRDA:69,15,0,0
BRDA:69,15,1,0
BRDA:72,16,0,0
BRDA:72,16,1,0
BRDA:74,17,0,0
BRDA:74,17,1,0
BRDA:74,18,0,0
BRDA:74,18,1,0
BRDA:77,19,0,0
BRDA:77,19,1,0
BRDA:77,20,0,0
BRDA:77,20,1,0
BRDA:80,21,0,0
BRDA:80,21,1,0
BRDA:92,22,0,0
BRDA:92,22,1,0
BRDA:123,23,0,0
BRDA:123,23,1,0
BRDA:126,24,0,0
BRDA:126,24,1,0
BRDA:129,25,0,0
BRDA:129,25,1,0
BRDA:158,26,0,0
BRDA:158,26,1,0
BRDA:160,27,0,0
BRDA:160,27,1,0
BRDA:173,28,0,0
BRDA:173,28,1,0
BRDA:184,29,0,0
BRDA:184,29,1,0
BRDA:184,30,0,0
BRDA:184,30,1,0
BRDA:187,31,0,0
BRDA:187,31,1,0
BRDA:187,31,2,0
BRDA:188,32,0,0
BRDA:188,32,1,0
BRDA:201,33,0,0
BRDA:201,33,1,0
BRDA:204,34,0,0
BRDA:204,34,1,0
BRDA:218,35,0,0
BRDA:218,35,1,0
BRDA:219,36,0,0
BRDA:219,36,1,0
BRDA:219,37,0,0
BRDA:219,37,1,0
BRDA:220,38,0,0
BRDA:220,38,1,0
BRDA:224,39,0,0
BRDA:224,39,1,0
BRDA:224,40,0,0
BRDA:224,40,1,0
BRDA:235,41,0,0
BRDA:235,41,1,0
BRDA:248,42,0,0
BRDA:248,42,1,0
BRF:89
BRH:0
end_of_record
TN:
SF:src/discord/circuitBreaker.ts
FN:22,(anonymous_0)
FN:41,(anonymous_1)
FN:51,(anonymous_2)
FN:79,(anonymous_3)
FN:90,(anonymous_4)
FN:97,(anonymous_5)
FN:101,(anonymous_6)
FN:105,(anonymous_7)
FN:117,(anonymous_8)
FN:127,(anonymous_9)
FN:144,(anonymous_10)
FN:194,getOrCreateBreaker
FN:206,getCircuitBreakerForTool
FN:215,getCircuitBreaker
FN:221,getAllCircuitBreakerStats
FN:222,(anonymous_15)
FNF:16
FNH:12
FNDA:2,(anonymous_0)
FNDA:10,(anonymous_1)
FNDA:25,(anonymous_2)
FNDA:4,(anonymous_3)
FNDA:2,(anonymous_4)
FNDA:2,(anonymous_5)
FNDA:3,(anonymous_6)
FNDA:13,(anonymous_7)
FNDA:7,(anonymous_8)
FNDA:22,(anonymous_9)
FNDA:29,(anonymous_10)
FNDA:0,getOrCreateBreaker
FNDA:1,getCircuitBreakerForTool
FNDA:0,getCircuitBreaker
FNDA:0,getAllCircuitBreakerStats
FNDA:0,(anonymous_15)
DA:15,3
DA:16,3
DA:17,3
DA:18,3
DA:19,3
DA:23,2
DA:24,2
DA:25,2
DA:28,3
DA:34,10
DA:35,10
DA:36,10
DA:37,10
DA:38,10
DA:39,10
DA:40,10
DA:42,10
DA:43,10
DA:44,10
DA:45,10
DA:52,25
DA:53,25
DA:54,3
DA:55,2
DA:58,1
DA:61,24
DA:62,2
DA:64,0
DA:66,2
DA:68,24
DA:69,24
DA:70,5
DA:71,5
DA:74,19
DA:75,19
DA:80,4
DA:81,4
DA:82,2
DA:83,2
DA:84,2
DA:87,0
DA:91,2
DA:92,2
DA:93,2
DA:94,2
DA:98,2
DA:102,3
DA:106,13
DA:118,7
DA:119,7
DA:120,7
DA:121,7
DA:123,1
DA:124,1
DA:128,22
DA:129,22
DA:130,22
DA:131,22
DA:133,1
DA:134,1
DA:135,1
DA:137,21
DA:138,7
DA:139,7
DA:140,7
DA:145,29
DA:146,29
DA:147,0
DA:148,0
DA:149,0
DA:150,0
DA:155,3
DA:158,3
DA:192,3
DA:195,0
DA:196,0
DA:197,0
DA:198,0
DA:200,0
DA:207,1
DA:208,1
DA:209,1
DA:210,0
DA:216,0
DA:222,0
LF:85
LH:71
BRDA:41,0,0,0
BRDA:41,1,0,0
BRDA:41,2,0,0
BRDA:53,3,0,3
BRDA:53,3,1,22
BRDA:54,4,0,2
BRDA:54,4,1,1
BRDA:61,5,0,2
BRDA:61,5,1,22
BRDA:62,6,0,0
BRDA:62,6,1,2
BRDA:81,7,0,2
BRDA:81,7,1,2
BRDA:83,8,0,2
BRDA:83,8,1,0
BRDA:121,9,0,1
BRDA:121,9,1,6
BRDA:131,10,0,1
BRDA:131,10,1,21
BRDA:137,11,0,7
BRDA:137,11,1,14
BRDA:146,12,0,0
BRDA:146,12,1,29
BRDA:146,13,0,29
BRDA:146,13,1,21
BRDA:149,14,0,0
BRDA:149,14,1,0
BRDA:149,15,0,0
BRDA:149,15,1,0
BRDA:196,16,0,0
BRDA:196,16,1,0
BRDA:208,17,0,1
BRDA:208,17,1,0
BRF:33
BRH:20
end_of_record
TN:
SF:src/discord/claude.ts
FN:73,normalizePromptForHeuristics
FN:86,isHighStakesPrompt
FN:89,isCodeWorkPrompt
FN:93,isSimpleFastPathPrompt
FN:101,isDirectAnswerOnlyPrompt
FN:109,isVerificationTaskPrompt
FN:115,isSmokePrompt
FN:118,extractSmokeToken
FN:122,ensureSmokeTokenEcho
FN:133,normalizeLowSignalFinalText
FN:143,hasValidationFailure
FN:148,hasToolFailureSignal
FN:163,resolveInitialToolBudget
FN:173,resolveEscalatedToolBudget
FN:179,resolveToolThreadKey
FN:182,(anonymous_15)
FN:197,isAgentModelLocked
FN:211,modelForAgent
FN:243,shouldFallbackToOpus
FN:255,hasFullRepoToolAccess
FN:258,toolsForAgent
FN:261,toolsForPrompt
FN:272,convertSchemaNode
FN:297,sanitizeSchemaNode
FN:329,(anonymous_24)
FN:330,(anonymous_25)
FN:337,toGeminiTools
FN:339,(anonymous_27)
FN:346,toAnthropicTools
FN:347,(anonymous_29)
FN:367,(anonymous_30)
FN:372,cloneHistory
FN:375,asVertexSystemInstruction
FN:380,userContentFromPayload
FN:386,parseRetryAfterMs
FN:399,makeVertexError
FN:408,makeVertexAnthropicError
FN:421,uniqueLocations
FN:433,preferredAnthropicLocations
FN:440,shouldTryAnotherAnthropicLocation
FN:450,isVertexCredentialsUnavailableError
FN:457,getVertexAccessToken
FN:459,(anonymous_42)
FN:480,(anonymous_43)
FN:492,(anonymous_44)
FN:525,callVertexGenerateContent
FN:583,callVertexAnthropicRawPredict
FN:630,callDirectAnthropicAPI
FN:659,createDirectAnthropicModel
FN:662,(anonymous_49)
FN:664,(anonymous_50)
FN:679,(anonymous_51)
FN:682,(anonymous_52)
FN:692,(anonymous_53)
FN:695,(anonymous_54)
FN:700,makeResponseLikeFromVertex
FN:705,(anonymous_56)
FN:705,(anonymous_57)
FN:705,(anonymous_58)
FN:706,(anonymous_59)
FN:707,(anonymous_60)
FN:708,(anonymous_61)
FN:716,createVertexModel
FN:717,(anonymous_63)
FN:727,(anonymous_64)
FN:730,(anonymous_65)
FN:744,(anonymous_66)
FN:747,(anonymous_67)
FN:756,getClient
FN:762,isAnthropicModel
FN:766,getNonAnthropicFallbackModel
FN:774,toAnthropicBlocks
FN:793,withAnthropicCacheControl
FN:796,(anonymous_73)
FN:812,enforceCacheControlLimit
FN:816,(anonymous_75)
FN:839,asAnthropicSystemInstruction
FN:846,geminiHistoryToAnthropicMessages
FN:848,(anonymous_78)
FN:852,(anonymous_79)
FN:854,anthropicHistoryToGemini
FN:855,(anonymous_81)
FN:858,(anonymous_82)
FN:859,(anonymous_83)
FN:862,makeResponseLikeFromAnthropic
FN:873,(anonymous_85)
FN:873,(anonymous_86)
FN:873,(anonymous_87)
FN:874,(anonymous_88)
FN:875,(anonymous_89)
FN:876,(anonymous_90)
FN:885,createVertexAnthropicModel
FN:888,(anonymous_92)
FN:890,(anonymous_93)
FN:903,(anonymous_94)
FN:906,(anonymous_95)
FN:916,(anonymous_96)
FN:919,(anonymous_97)
FN:924,createModel
FN:963,trimMiddle
FN:970,compactHistoryContent
FN:983,(anonymous_101)
FN:992,trimConversationHistory
FN:995,(anonymous_103)
FN:1019,normalizeHistoryContentForModel
FN:1026,truncateToolResult
FN:1037,getProjectContextForAgent
FN:1040,isCacheablePrompt
FN:1054,makeResponseCacheKey
FN:1058,(anonymous_109)
FN:1062,getCachedResponse
FN:1074,setCachedResponse
FN:1083,normalizeAgentResponseEnvelope
FN:1096,(anonymous_113)
FN:1099,(anonymous_114)
FN:1113,parseAgentResponseEnvelope
FN:1160,extractAgentResponseEnvelope
FN:1234,(anonymous_117)
FN:1235,(anonymous_118)
FN:1287,formatRecoveryTime
FN:1295,readUsageInt
FN:1303,extractUsageTelemetry
FN:1314,estimateHistoryChars
FN:1315,(anonymous_123)
FN:1315,(anonymous_124)
FN:1317,estimateToolSchemaChars
FN:1318,(anonymous_126)
FN:1320,estimateToolResultChars
FN:1321,(anonymous_128)
FN:1326,formatPromptBreakdownForLog
FN:1329,buildRuntimeStatusMessage
FN:1350,setRateLimitNotifyCallback
FN:1353,setQuotaFuseNotifyCallback
FN:1356,isAbortError
FN:1362,isGeminiQuotaError
FN:1373,isGeminiAuthError
FN:1384,isGeminiRateLimitError
FN:1389,isAnthropicRateLimitError
FN:1394,isContextOverflowError
FN:1405,extractObservedOverflowTokenCount
FN:1423,getLaneOverflowPenalty
FN:1438,wildcardToRegExp
FN:1442,matchesAnyWildcard
FN:1445,(anonymous_143)
FN:1447,isToolNamePrunable
FN:1459,getToolResultOutput
FN:1463,setToolResultOutput
FN:1472,estimateContextCharsWithToolResults
FN:1483,resolveContextWindowTokensForModel
FN:1493,softTrimToolOutput
FN:1501,findAssistantCutoffIndex
FN:1515,pruneContextToolResults
FN:1550,(anonymous_152)
FN:1583,applyContextPruningIfDue
FN:1609,markCacheTouched
FN:1617,applyPreemptiveContextGuard
FN:1637,isAnthropicAuthError
FN:1650,isCreditsExhaustedNow
FN:1655,triggerGeminiQuotaFuse
FN:1666,clearGeminiQuotaFuse
FN:1671,getGeminiQuotaFuseStatus
FN:1677,registerRateLimitHit
FN:1679,(anonymous_162)
FN:1692,waitForRateLimit
FN:1702,(anonymous_164)
FN:1705,normalizeModelKey
FN:1708,isPotentiallyMutatingCommand
FN:1714,getModelConcurrencyCap
FN:1718,getVoiceModelConcurrencyCap
FN:1722,getBackgroundModelConcurrencyCap
FN:1726,getModelPaceMs
FN:1730,getVoiceModelPaceMs
FN:1734,getBackgroundModelQueue
FN:1742,getModelQueue
FN:1750,getPriorityModelQueue
FN:1758,getVoiceModelQueue
FN:1766,waitForModelPace
FN:1775,(anonymous_177)
FN:1778,releaseNextQueued
FN:1854,withConcurrencyLimit
FN:1862,(anonymous_180)
FN:1865,(anonymous_181)
FN:1894,(anonymous_182)
FN:1897,(anonymous_183)
FN:1928,(anonymous_184)
FN:1931,(anonymous_185)
FN:1954,estimateMaxOutputTokens
FN:1967,resolveAdaptiveMaxOutputTokens
FN:1980,withRetry
FN:2013,(anonymous_189)
FN:2018,mergeStreamedText
FN:2029,sendMessageWithOptionalStream
FN:2062,agentRespond
FN:2193,(anonymous_193)
FN:2228,(anonymous_194)
FN:2237,(anonymous_195)
FN:2295,(anonymous_196)
FN:2295,(anonymous_197)
FN:2297,(anonymous_198)
FN:2332,(anonymous_199)
FN:2341,(anonymous_200)
FN:2345,(anonymous_201)
FN:2376,(anonymous_202)
FN:2376,(anonymous_203)
FN:2380,(anonymous_204)
FN:2387,(anonymous_205)
FN:2387,(anonymous_206)
FN:2427,(anonymous_207)
FN:2429,(anonymous_208)
FN:2429,(anonymous_209)
FN:2436,(anonymous_210)
FN:2449,(anonymous_211)
FN:2449,(anonymous_212)
FN:2456,(anonymous_213)
FN:2456,(anonymous_214)
FN:2462,(anonymous_215)
FN:2462,(anonymous_216)
FN:2471,(anonymous_217)
FN:2471,(anonymous_218)
FN:2599,(anonymous_219)
FN:2600,(anonymous_220)
FN:2627,(anonymous_221)
FN:2696,(anonymous_222)
FN:2696,(anonymous_223)
FN:2729,(anonymous_224)
FN:2731,(anonymous_225)
FN:2731,(anonymous_226)
FN:2753,(anonymous_227)
FN:2753,(anonymous_228)
FN:2762,(anonymous_229)
FN:2762,(anonymous_230)
FN:2770,(anonymous_231)
FN:2770,(anonymous_232)
FN:2781,(anonymous_233)
FN:2781,(anonymous_234)
FN:2832,sanitizeForCodeBlock
FN:2835,truncateCodeSnippet
FN:2845,codeFenceLanguage
FN:2876,renderCodeBlock
FN:2880,renderDiffBlock
FN:2881,(anonymous_240)
FN:2882,(anonymous_241)
FN:2885,renderWriteBlock
FN:2888,formatBatchEditSummary
FN:2890,(anonymous_244)
FN:2894,formatToolSummary
FN:3012,getContextRuntimeReport
FN:3028,summarizeCall
FN:3035,(anonymous_248)
FN:3035,(anonymous_249)
FN:3048,summarizeConversation
FN:3085,(anonymous_251)
FN:3085,(anonymous_252)
FNF:253
FNH:12
FNDA:0,normalizePromptForHeuristics
FNDA:0,isHighStakesPrompt
FNDA:0,isCodeWorkPrompt
FNDA:0,isSimpleFastPathPrompt
FNDA:0,isDirectAnswerOnlyPrompt
FNDA:0,isVerificationTaskPrompt
FNDA:0,isSmokePrompt
FNDA:0,extractSmokeToken
FNDA:0,ensureSmokeTokenEcho
FNDA:0,normalizeLowSignalFinalText
FNDA:0,hasValidationFailure
FNDA:0,hasToolFailureSignal
FNDA:0,resolveInitialToolBudget
FNDA:0,resolveEscalatedToolBudget
FNDA:0,resolveToolThreadKey
FNDA:0,(anonymous_15)
FNDA:0,isAgentModelLocked
FNDA:0,modelForAgent
FNDA:0,shouldFallbackToOpus
FNDA:0,hasFullRepoToolAccess
FNDA:0,toolsForAgent
FNDA:0,toolsForPrompt
FNDA:0,convertSchemaNode
FNDA:0,sanitizeSchemaNode
FNDA:0,(anonymous_24)
FNDA:0,(anonymous_25)
FNDA:0,toGeminiTools
FNDA:0,(anonymous_27)
FNDA:0,toAnthropicTools
FNDA:0,(anonymous_29)
FNDA:1,(anonymous_30)
FNDA:0,cloneHistory
FNDA:0,asVertexSystemInstruction
FNDA:0,userContentFromPayload
FNDA:0,parseRetryAfterMs
FNDA:0,makeVertexError
FNDA:0,makeVertexAnthropicError
FNDA:0,uniqueLocations
FNDA:0,preferredAnthropicLocations
FNDA:0,shouldTryAnotherAnthropicLocation
FNDA:0,isVertexCredentialsUnavailableError
FNDA:0,getVertexAccessToken
FNDA:0,(anonymous_42)
FNDA:0,(anonymous_43)
FNDA:0,(anonymous_44)
FNDA:0,callVertexGenerateContent
FNDA:0,callVertexAnthropicRawPredict
FNDA:0,callDirectAnthropicAPI
FNDA:0,createDirectAnthropicModel
FNDA:0,(anonymous_49)
FNDA:0,(anonymous_50)
FNDA:0,(anonymous_51)
FNDA:0,(anonymous_52)
FNDA:0,(anonymous_53)
FNDA:0,(anonymous_54)
FNDA:0,makeResponseLikeFromVertex
FNDA:0,(anonymous_56)
FNDA:0,(anonymous_57)
FNDA:0,(anonymous_58)
FNDA:0,(anonymous_59)
FNDA:0,(anonymous_60)
FNDA:0,(anonymous_61)
FNDA:0,createVertexModel
FNDA:0,(anonymous_63)
FNDA:0,(anonymous_64)
FNDA:0,(anonymous_65)
FNDA:0,(anonymous_66)
FNDA:0,(anonymous_67)
FNDA:0,getClient
FNDA:0,isAnthropicModel
FNDA:0,getNonAnthropicFallbackModel
FNDA:0,toAnthropicBlocks
FNDA:0,withAnthropicCacheControl
FNDA:0,(anonymous_73)
FNDA:0,enforceCacheControlLimit
FNDA:0,(anonymous_75)
FNDA:0,asAnthropicSystemInstruction
FNDA:0,geminiHistoryToAnthropicMessages
FNDA:0,(anonymous_78)
FNDA:0,(anonymous_79)
FNDA:0,anthropicHistoryToGemini
FNDA:0,(anonymous_81)
FNDA:0,(anonymous_82)
FNDA:0,(anonymous_83)
FNDA:0,makeResponseLikeFromAnthropic
FNDA:0,(anonymous_85)
FNDA:0,(anonymous_86)
FNDA:0,(anonymous_87)
FNDA:0,(anonymous_88)
FNDA:0,(anonymous_89)
FNDA:0,(anonymous_90)
FNDA:0,createVertexAnthropicModel
FNDA:0,(anonymous_92)
FNDA:0,(anonymous_93)
FNDA:0,(anonymous_94)
FNDA:0,(anonymous_95)
FNDA:0,(anonymous_96)
FNDA:0,(anonymous_97)
FNDA:0,createModel
FNDA:0,trimMiddle
FNDA:0,compactHistoryContent
FNDA:0,(anonymous_101)
FNDA:0,trimConversationHistory
FNDA:0,(anonymous_103)
FNDA:0,normalizeHistoryContentForModel
FNDA:0,truncateToolResult
FNDA:0,getProjectContextForAgent
FNDA:0,isCacheablePrompt
FNDA:0,makeResponseCacheKey
FNDA:0,(anonymous_109)
FNDA:0,getCachedResponse
FNDA:0,setCachedResponse
FNDA:11,normalizeAgentResponseEnvelope
FNDA:1,(anonymous_113)
FNDA:1,(anonymous_114)
FNDA:12,parseAgentResponseEnvelope
FNDA:12,extractAgentResponseEnvelope
FNDA:1,(anonymous_117)
FNDA:1,(anonymous_118)
FNDA:0,formatRecoveryTime
FNDA:0,readUsageInt
FNDA:0,extractUsageTelemetry
FNDA:0,estimateHistoryChars
FNDA:0,(anonymous_123)
FNDA:0,(anonymous_124)
FNDA:0,estimateToolSchemaChars
FNDA:0,(anonymous_126)
FNDA:0,estimateToolResultChars
FNDA:0,(anonymous_128)
FNDA:0,formatPromptBreakdownForLog
FNDA:0,buildRuntimeStatusMessage
FNDA:0,setRateLimitNotifyCallback
FNDA:0,setQuotaFuseNotifyCallback
FNDA:0,isAbortError
FNDA:0,isGeminiQuotaError
FNDA:0,isGeminiAuthError
FNDA:0,isGeminiRateLimitError
FNDA:0,isAnthropicRateLimitError
FNDA:0,isContextOverflowError
FNDA:0,extractObservedOverflowTokenCount
FNDA:0,getLaneOverflowPenalty
FNDA:0,wildcardToRegExp
FNDA:0,matchesAnyWildcard
FNDA:0,(anonymous_143)
FNDA:0,isToolNamePrunable
FNDA:0,getToolResultOutput
FNDA:0,setToolResultOutput
FNDA:0,estimateContextCharsWithToolResults
FNDA:0,resolveContextWindowTokensForModel
FNDA:0,softTrimToolOutput
FNDA:0,findAssistantCutoffIndex
FNDA:0,pruneContextToolResults
FNDA:0,(anonymous_152)
FNDA:0,applyContextPruningIfDue
FNDA:0,markCacheTouched
FNDA:0,applyPreemptiveContextGuard
FNDA:0,isAnthropicAuthError
FNDA:2,isCreditsExhaustedNow
FNDA:0,triggerGeminiQuotaFuse
FNDA:3,clearGeminiQuotaFuse
FNDA:2,getGeminiQuotaFuseStatus
FNDA:0,registerRateLimitHit
FNDA:0,(anonymous_162)
FNDA:0,waitForRateLimit
FNDA:0,(anonymous_164)
FNDA:0,normalizeModelKey
FNDA:0,isPotentiallyMutatingCommand
FNDA:0,getModelConcurrencyCap
FNDA:0,getVoiceModelConcurrencyCap
FNDA:0,getBackgroundModelConcurrencyCap
FNDA:0,getModelPaceMs
FNDA:0,getVoiceModelPaceMs
FNDA:0,getBackgroundModelQueue
FNDA:0,getModelQueue
FNDA:0,getPriorityModelQueue
FNDA:0,getVoiceModelQueue
FNDA:0,waitForModelPace
FNDA:0,(anonymous_177)
FNDA:0,releaseNextQueued
FNDA:0,withConcurrencyLimit
FNDA:0,(anonymous_180)
FNDA:0,(anonymous_181)
FNDA:0,(anonymous_182)
FNDA:0,(anonymous_183)
FNDA:0,(anonymous_184)
FNDA:0,(anonymous_185)
FNDA:0,estimateMaxOutputTokens
FNDA:0,resolveAdaptiveMaxOutputTokens
FNDA:0,withRetry
FNDA:0,(anonymous_189)
FNDA:0,mergeStreamedText
FNDA:0,sendMessageWithOptionalStream
FNDA:0,agentRespond
FNDA:0,(anonymous_193)
FNDA:0,(anonymous_194)
FNDA:0,(anonymous_195)
FNDA:0,(anonymous_196)
FNDA:0,(anonymous_197)
FNDA:0,(anonymous_198)
FNDA:0,(anonymous_199)
FNDA:0,(anonymous_200)
FNDA:0,(anonymous_201)
FNDA:0,(anonymous_202)
FNDA:0,(anonymous_203)
FNDA:0,(anonymous_204)
FNDA:0,(anonymous_205)
FNDA:0,(anonymous_206)
FNDA:0,(anonymous_207)
FNDA:0,(anonymous_208)
FNDA:0,(anonymous_209)
FNDA:0,(anonymous_210)
FNDA:0,(anonymous_211)
FNDA:0,(anonymous_212)
FNDA:0,(anonymous_213)
FNDA:0,(anonymous_214)
FNDA:0,(anonymous_215)
FNDA:0,(anonymous_216)
FNDA:0,(anonymous_217)
FNDA:0,(anonymous_218)
FNDA:0,(anonymous_219)
FNDA:0,(anonymous_220)
FNDA:0,(anonymous_221)
FNDA:0,(anonymous_222)
FNDA:0,(anonymous_223)
FNDA:0,(anonymous_224)
FNDA:0,(anonymous_225)
FNDA:0,(anonymous_226)
FNDA:0,(anonymous_227)
FNDA:0,(anonymous_228)
FNDA:0,(anonymous_229)
FNDA:0,(anonymous_230)
FNDA:0,(anonymous_231)
FNDA:0,(anonymous_232)
FNDA:0,(anonymous_233)
FNDA:0,(anonymous_234)
FNDA:0,sanitizeForCodeBlock
FNDA:0,truncateCodeSnippet
FNDA:0,codeFenceLanguage
FNDA:0,renderCodeBlock
FNDA:0,renderDiffBlock
FNDA:0,(anonymous_240)
FNDA:0,(anonymous_241)
FNDA:0,renderWriteBlock
FNDA:0,formatBatchEditSummary
FNDA:0,(anonymous_244)
FNDA:0,formatToolSummary
FNDA:2,getContextRuntimeReport
FNDA:0,summarizeCall
FNDA:0,(anonymous_248)
FNDA:0,(anonymous_249)
FNDA:0,summarizeConversation
FNDA:0,(anonymous_251)
FNDA:0,(anonymous_252)
DA:2,1
DA:3,1
DA:4,1
DA:5,1
DA:6,1
DA:7,1
DA:8,1
DA:9,1
DA:10,1
DA:11,1
DA:12,1
DA:13,1
DA:14,1
DA:15,1
DA:16,1
DA:17,1
DA:18,1
DA:19,1
DA:20,1
DA:21,1
DA:22,1
DA:23,1
DA:24,1
DA:25,1
DA:26,1
DA:27,1
DA:28,1
DA:29,1
DA:30,1
DA:35,1
DA:36,1
DA:37,1
DA:38,1
DA:43,1
DA:44,0
DA:47,0
DA:49,1
DA:50,1
DA:51,1
DA:53,1
DA:54,1
DA:55,1
DA:56,1
DA:57,1
DA:58,1
DA:59,1
DA:60,1
DA:61,1
DA:62,1
DA:63,1
DA:64,1
DA:65,1
DA:66,1
DA:67,1
DA:68,1
DA:69,1
DA:70,1
DA:71,1
DA:72,1
DA:74,0
DA:85,1
DA:87,0
DA:90,0
DA:91,0
DA:94,0
DA:95,0
DA:96,0
DA:97,0
DA:98,0
DA:99,0
DA:102,0
DA:103,0
DA:104,0
DA:105,0
DA:106,0
DA:107,0
DA:110,0
DA:111,0
DA:112,0
DA:113,0
DA:116,0
DA:119,0
DA:120,0
DA:123,0
DA:124,0
DA:125,0
DA:126,0
DA:127,0
DA:128,0
DA:129,0
DA:130,0
DA:131,0
DA:134,0
DA:135,0
DA:136,0
DA:137,0
DA:138,0
DA:140,0
DA:144,0
DA:145,0
DA:146,0
DA:149,0
DA:150,0
DA:151,0
DA:152,0
DA:153,0
DA:154,0
DA:155,0
DA:156,0
DA:157,0
DA:158,0
DA:159,0
DA:161,0
DA:164,0
DA:169,0
DA:170,0
DA:171,0
DA:174,0
DA:175,0
DA:176,0
DA:177,0
DA:180,0
DA:181,0
DA:182,0
DA:183,0
DA:184,0
DA:199,0
DA:200,0
DA:201,0
DA:202,0
DA:204,0
DA:205,0
DA:207,0
DA:208,0
DA:209,0
DA:212,0
DA:213,0
DA:216,0
DA:217,0
DA:218,0
DA:220,0
DA:221,0
DA:222,0
DA:223,0
DA:225,0
DA:226,0
DA:229,0
DA:230,0
DA:232,0
DA:233,0
DA:235,0
DA:236,0
DA:238,0
DA:239,0
DA:241,0
DA:244,0
DA:245,0
DA:246,0
DA:251,1
DA:252,1
DA:253,1
DA:254,1
DA:256,0
DA:259,0
DA:262,0
DA:263,0
DA:265,0
DA:266,0
DA:273,0
DA:274,0
DA:275,0
DA:276,0
DA:277,0
DA:278,0
DA:279,0
DA:280,0
DA:282,0
DA:283,0
DA:284,0
DA:285,0
DA:288,0
DA:289,0
DA:292,0
DA:295,0
DA:298,0
DA:299,0
DA:300,0
DA:301,0
DA:302,0
DA:303,0
DA:304,0
DA:305,0
DA:307,0
DA:308,0
DA:309,0
DA:311,0
DA:312,0
DA:313,0
DA:314,0
DA:316,0
DA:318,0
DA:319,0
DA:321,0
DA:323,0
DA:327,0
DA:328,0
DA:329,0
DA:330,0
DA:331,0
DA:332,0
DA:335,0
DA:338,0
DA:339,0
DA:347,0
DA:353,1
DA:354,1
DA:355,1
DA:356,1
DA:357,1
DA:358,1
DA:359,1
DA:360,1
DA:361,1
DA:362,1
DA:363,1
DA:364,1
DA:365,1
DA:367,1
DA:369,1
DA:370,1
DA:371,1
DA:373,0
DA:376,0
DA:377,0
DA:378,0
DA:381,0
DA:382,0
DA:384,0
DA:387,0
DA:388,0
DA:389,0
DA:390,0
DA:391,0
DA:393,0
DA:394,0
DA:395,0
DA:397,0
DA:400,0
DA:401,0
DA:402,0
DA:403,0
DA:404,0
DA:406,0
DA:409,0
DA:410,0
DA:411,0
DA:412,0
DA:413,0
DA:414,0
DA:416,0
DA:417,0
DA:419,0
DA:422,0
DA:423,0
DA:424,0
DA:425,0
DA:426,0
DA:427,0
DA:428,0
DA:429,0
DA:431,0
DA:434,0
DA:435,0
DA:436,0
DA:438,0
DA:441,0
DA:442,0
DA:443,0
DA:444,0
DA:445,0
DA:446,0
DA:447,0
DA:448,0
DA:451,0
DA:452,0
DA:458,0
DA:459,0
DA:460,0
DA:461,0
DA:462,0
DA:465,0
DA:466,0
DA:467,0
DA:468,0
DA:472,0
DA:474,0
DA:476,0
DA:477,0
DA:478,0
DA:480,0
DA:481,0
DA:482,0
DA:486,0
DA:487,0
DA:488,0
DA:491,0
DA:492,0
DA:493,0
DA:494,0
DA:495,0
DA:496,0
DA:499,0
DA:500,0
DA:501,0
DA:505,0
DA:507,0
DA:508,0
DA:512,0
DA:515,0
DA:516,0
DA:517,0
DA:519,0
DA:523,0
DA:526,0
DA:527,0
DA:529,0
DA:530,0
DA:535,0
DA:536,0
DA:537,0
DA:538,0
DA:539,0
DA:540,0
DA:541,0
DA:542,0
DA:543,0
DA:544,0
DA:545,0
DA:548,0
DA:549,0
DA:550,0
DA:559,0
DA:560,0
DA:563,0
DA:564,0
DA:565,0
DA:566,0
DA:567,0
DA:568,0
DA:570,0
DA:571,0
DA:572,0
DA:573,0
DA:574,0
DA:575,0
DA:577,0
DA:579,0
DA:580,0
DA:581,0
DA:584,0
DA:585,0
DA:587,0
DA:588,0
DA:589,0
DA:590,0
DA:591,0
DA:592,0
DA:593,0
DA:594,0
DA:603,0
DA:604,0
DA:607,0
DA:608,0
DA:609,0
DA:610,0
DA:611,0
DA:612,0
DA:614,0
DA:615,0
DA:616,0
DA:617,0
DA:618,0
DA:619,0
DA:620,0
DA:622,0
DA:624,0
DA:625,0
DA:627,0
DA:631,0
DA:632,0
DA:634,0
DA:635,0
DA:636,0
DA:646,0
DA:647,0
DA:649,0
DA:650,0
DA:651,0
DA:652,0
DA:653,0
DA:654,0
DA:655,0
DA:657,0
DA:660,0
DA:661,0
DA:662,0
DA:663,0
DA:664,0
DA:666,0
DA:668,0
DA:669,0
DA:676,0
DA:678,0
DA:680,0
DA:681,0
DA:683,0
DA:686,0
DA:687,0
DA:688,0
DA:689,0
DA:690,0
DA:692,0
DA:696,0
DA:701,0
DA:702,0
DA:703,0
DA:705,0
DA:706,0
DA:707,0
DA:708,0
DA:713,0
DA:714,0
DA:717,0
DA:718,0
DA:724,0
DA:726,0
DA:728,0
DA:729,0
DA:731,0
DA:732,0
DA:733,0
DA:734,0
DA:735,0
DA:736,0
DA:739,0
DA:740,0
DA:742,0
DA:744,0
DA:748,0
DA:752,1
DA:753,1
DA:754,1
DA:755,1
DA:757,0
DA:758,0
DA:760,0
DA:763,0
DA:764,0
DA:767,0
DA:768,0
DA:769,0
DA:770,0
DA:771,0
DA:772,0
DA:775,0
DA:776,0
DA:777,0
DA:778,0
DA:780,0
DA:781,0
DA:782,0
DA:791,0
DA:794,0
DA:795,0
DA:796,0
DA:797,0
DA:798,0
DA:799,0
DA:800,0
DA:801,0
DA:802,0
DA:803,0
DA:804,0
DA:814,0
DA:815,0
DA:816,0
DA:818,0
DA:820,0
DA:821,0
DA:822,0
DA:823,0
DA:824,0
DA:825,0
DA:826,0
DA:827,0
DA:831,0
DA:832,0
DA:834,0
DA:835,0
DA:836,0
DA:840,0
DA:841,0
DA:842,0
DA:843,0
DA:844,0
DA:847,0
DA:848,0
DA:852,0
DA:855,0
DA:858,0
DA:859,0
DA:863,0
DA:864,0
DA:873,0
DA:874,0
DA:875,0
DA:876,0
DA:882,0
DA:883,0
DA:886,0
DA:887,0
DA:888,0
DA:889,0
DA:890,0
DA:892,0
DA:900,0
DA:902,0
DA:904,0
DA:905,0
DA:907,0
DA:910,0
DA:911,0
DA:912,0
DA:913,0
DA:914,0
DA:916,0
DA:920,0
DA:925,0
DA:926,0
DA:927,0
DA:928,0
DA:930,0
DA:931,0
DA:933,0
DA:934,0
DA:937,0
DA:938,0
DA:940,0
DA:941,0
DA:942,0
DA:943,0
DA:945,0
DA:946,0
DA:948,0
DA:950,0
DA:952,0
DA:953,0
DA:955,0
DA:956,0
DA:964,0
DA:965,0
DA:966,0
DA:967,0
DA:968,0
DA:971,0
DA:976,0
DA:977,0
DA:978,0
DA:981,0
DA:983,0
DA:984,0
DA:985,0
DA:987,0
DA:990,0
DA:993,0
DA:994,0
DA:995,0
DA:996,0
DA:997,0
DA:998,0
DA:999,0
DA:1000,0
DA:1001,0
DA:1002,0
DA:1003,0
DA:1004,0
DA:1005,0
DA:1006,0
DA:1007,0
DA:1008,0
DA:1009,0
DA:1011,0
DA:1012,0
DA:1013,0
DA:1014,0
DA:1015,0
DA:1017,0
DA:1020,0
DA:1027,0
DA:1028,0
DA:1029,0
DA:1030,0
DA:1031,0
DA:1032,0
DA:1033,0
DA:1038,0
DA:1041,0
DA:1042,0
DA:1043,0
DA:1044,0
DA:1045,0
DA:1046,0
DA:1047,0
DA:1048,0
DA:1050,0
DA:1051,0
DA:1052,0
DA:1055,0
DA:1056,0
DA:1058,0
DA:1060,0
DA:1063,0
DA:1064,0
DA:1065,0
DA:1066,0
DA:1067,0
DA:1068,0
DA:1070,0
DA:1071,0
DA:1072,0
DA:1075,0
DA:1076,0
DA:1077,0
DA:1078,0
DA:1079,0
DA:1080,0
DA:1084,11
DA:1085,0
DA:1086,11
DA:1087,11
DA:1088,11
DA:1089,4
DA:1090,7
DA:1091,7
DA:1092,5
DA:1094,2
DA:1095,2
DA:1096,1
DA:1098,2
DA:1099,1
DA:1101,2
DA:1102,2
DA:1103,2
DA:1104,1
DA:1105,2
DA:1106,1
DA:1107,2
DA:1108,1
DA:1109,2
DA:1110,1
DA:1111,1
DA:1114,12
DA:1115,12
DA:1116,1
DA:1117,11
DA:1118,11
DA:1119,11
DA:1120,1
DA:1121,11
DA:1122,11
DA:1123,11
DA:1124,9
DA:1126,11
DA:1127,15
DA:1128,15
DA:1129,11
DA:1130,11
DA:1131,7
DA:1137,4
DA:1139,4
DA:1140,0
DA:1146,0
DA:1147,0
DA:1152,4
DA:1153,4
DA:1154,1
DA:1155,1
DA:1156,1
DA:1158,3
DA:1161,12
DA:1164,1
DA:1165,1
DA:1166,1
DA:1168,1
DA:1170,1
DA:1172,1
DA:1174,1
DA:1175,1
DA:1176,1
DA:1181,1
DA:1183,1
DA:1184,1
DA:1185,1
DA:1186,1
DA:1187,1
DA:1188,1
DA:1189,1
DA:1190,1
DA:1191,1
DA:1192,1
DA:1193,1
DA:1195,1
DA:1197,1
DA:1199,1
DA:1200,1
DA:1201,1
DA:1202,1
DA:1204,1
DA:1205,1
DA:1206,1
DA:1207,1
DA:1208,1
DA:1209,1
DA:1210,1
DA:1211,1
DA:1212,1
DA:1213,1
DA:1214,1
DA:1215,1
DA:1216,1
DA:1217,1
DA:1218,1
DA:1219,1
DA:1220,1
DA:1221,1
DA:1222,1
DA:1223,1
DA:1224,1
DA:1225,1
DA:1226,1
DA:1227,1
DA:1228,1
DA:1229,1
DA:1230,1
DA:1231,1
DA:1232,1
DA:1233,1
DA:1234,1
DA:1235,1
DA:1236,1
DA:1237,1
DA:1238,1
DA:1239,1
DA:1240,1
DA:1241,1
DA:1242,1
DA:1243,1
DA:1244,1
DA:1245,1
DA:1246,1
DA:1247,1
DA:1248,1
DA:1249,1
DA:1250,1
DA:1251,1
DA:1252,1
DA:1253,1
DA:1254,1
DA:1255,1
DA:1256,1
DA:1257,1
DA:1258,1
DA:1259,1
DA:1260,1
DA:1261,1
DA:1262,1
DA:1263,1
DA:1264,1
DA:1265,1
DA:1271,1
DA:1272,1
DA:1273,1
DA:1274,1
DA:1275,1
DA:1276,1
DA:1277,1
DA:1278,1
DA:1288,0
DA:1296,0
DA:1297,0
DA:1298,0
DA:1299,0
DA:1301,0
DA:1304,0
DA:1305,0
DA:1306,0
DA:1307,0
DA:1315,0
DA:1318,0
DA:1321,0
DA:1322,0
DA:1323,0
DA:1327,0
DA:1330,0
DA:1331,0
DA:1332,0
DA:1333,0
DA:1335,0
DA:1336,0
DA:1339,0
DA:1342,0
DA:1343,0
DA:1345,0
DA:1346,0
DA:1348,0
DA:1351,0
DA:1354,0
DA:1357,0
DA:1358,0
DA:1359,0
DA:1360,0
DA:1363,0
DA:1364,0
DA:1365,0
DA:1370,0
DA:1374,0
DA:1375,0
DA:1376,0
DA:1385,0
DA:1386,0
DA:1387,0
DA:1390,0
DA:1391,0
DA:1392,0
DA:1395,0
DA:1396,0
DA:1406,0
DA:1407,0
DA:1413,0
DA:1414,0
DA:1415,0
DA:1416,0
DA:1417,0
DA:1418,0
DA:1419,0
DA:1421,0
DA:1424,0
DA:1425,0
DA:1426,0
DA:1427,0
DA:1428,0
DA:1429,0
DA:1430,0
DA:1432,0
DA:1433,0
DA:1439,0
DA:1440,0
DA:1443,0
DA:1444,0
DA:1445,0
DA:1448,0
DA:1449,0
DA:1450,0
DA:1451,0
DA:1452,0
DA:1454,0
DA:1455,0
DA:1457,0
DA:1460,0
DA:1461,0
DA:1464,0
DA:1465,0
DA:1466,0
DA:1467,0
DA:1468,0
DA:1470,0
DA:1473,0
DA:1474,0
DA:1475,0
DA:1476,0
DA:1477,0
DA:1478,0
DA:1481,0
DA:1484,0
DA:1485,0
DA:1486,0
DA:1488,0
DA:1489,0
DA:1491,0
DA:1494,0
DA:1495,0
DA:1496,0
DA:1497,0
DA:1498,0
DA:1499,0
DA:1502,0
DA:1503,0
DA:1504,0
DA:1505,0
DA:1506,0
DA:1507,0
DA:1508,0
DA:1509,0
DA:1513,0
DA:1516,0
DA:1517,0
DA:1518,0
DA:1519,0
DA:1526,0
DA:1527,0
DA:1529,0
DA:1530,0
DA:1531,0
DA:1533,0
DA:1534,0
DA:1535,0
DA:1536,0
DA:1537,0
DA:1538,0
DA:1539,0
DA:1540,0
DA:1541,0
DA:1542,0
DA:1543,0
DA:1544,0
DA:1545,0
DA:1546,0
DA:1547,0
DA:1550,0
DA:1551,0
DA:1552,0
DA:1553,0
DA:1554,0
DA:1555,0
DA:1556,0
DA:1557,0
DA:1558,0
DA:1559,0
DA:1560,0
DA:1561,0
DA:1562,0
DA:1563,0
DA:1566,0
DA:1567,0
DA:1568,0
DA:1569,0
DA:1570,0
DA:1571,0
DA:1572,0
DA:1573,0
DA:1574,0
DA:1575,0
DA:1576,0
DA:1580,0
DA:1581,0
DA:1584,0
DA:1585,0
DA:1586,0
DA:1587,0
DA:1599,0
DA:1600,0
DA:1601,0
DA:1602,0
DA:1603,0
DA:1604,0
DA:1605,0
DA:1607,0
DA:1610,0
DA:1611,0
DA:1612,0
DA:1613,0
DA:1615,0
DA:1618,0
DA:1619,0
DA:1621,0
DA:1622,0
DA:1623,0
DA:1624,0
DA:1626,0
DA:1632,0
DA:1633,0
DA:1635,0
DA:1638,0
DA:1639,0
DA:1640,0
DA:1651,2
DA:1652,0
DA:1653,2
DA:1656,0
DA:1657,0
DA:1658,0
DA:1660,0
DA:1661,0
DA:1662,0
DA:1663,0
DA:1667,3
DA:1668,3
DA:1669,3
DA:1672,2
DA:1678,0
DA:1679,0
DA:1680,0
DA:1681,0
DA:1682,0
DA:1683,0
DA:1684,0
DA:1685,0
DA:1687,0
DA:1688,0
DA:1689,0
DA:1693,0
DA:1694,0
DA:1695,0
DA:1696,0
DA:1697,0
DA:1698,0
DA:1699,0
DA:1700,0
DA:1702,0
DA:1706,0
DA:1709,0
DA:1710,0
DA:1711,0
DA:1712,0
DA:1715,0
DA:1716,0
DA:1719,0
DA:1720,0
DA:1723,0
DA:1724,0
DA:1727,0
DA:1728,0
DA:1731,0
DA:1732,0
DA:1735,0
DA:1736,0
DA:1737,0
DA:1738,0
DA:1739,0
DA:1740,0
DA:1743,0
DA:1744,0
DA:1745,0
DA:1746,0
DA:1747,0
DA:1748,0
DA:1751,0
DA:1752,0
DA:1753,0
DA:1754,0
DA:1755,0
DA:1756,0
DA:1759,0
DA:1760,0
DA:1761,0
DA:1762,0
DA:1763,0
DA:1764,0
DA:1767,0
DA:1768,0
DA:1769,0
DA:1774,0
DA:1775,0
DA:1779,0
DA:1782,0
DA:1783,0
DA:1784,0
DA:1785,0
DA:1786,0
DA:1787,0
DA:1789,0
DA:1790,0
DA:1791,0
DA:1792,0
DA:1794,0
DA:1795,0
DA:1796,0
DA:1797,0
DA:1798,0
DA:1801,0
DA:1803,0
DA:1804,0
DA:1805,0
DA:1806,0
DA:1807,0
DA:1808,0
DA:1810,0
DA:1811,0
DA:1812,0
DA:1813,0
DA:1815,0
DA:1816,0
DA:1817,0
DA:1818,0
DA:1819,0
DA:1822,0
DA:1824,0
DA:1825,0
DA:1826,0
DA:1827,0
DA:1828,0
DA:1830,0
DA:1831,0
DA:1832,0
DA:1833,0
DA:1835,0
DA:1836,0
DA:1837,0
DA:1838,0
DA:1839,0
DA:1841,0
DA:1842,0
DA:1843,0
DA:1844,0
DA:1846,0
DA:1847,0
DA:1848,0
DA:1849,0
DA:1850,0
DA:1855,0
DA:1856,0
DA:1857,0
DA:1858,0
DA:1859,0
DA:1860,0
DA:1861,0
DA:1862,0
DA:1865,0
DA:1867,0
DA:1869,0
DA:1870,0
DA:1871,0
DA:1872,0
DA:1873,0
DA:1876,0
DA:1877,0
DA:1878,0
DA:1879,0
DA:1882,0
DA:1884,0
DA:1885,0
DA:1888,0
DA:1889,0
DA:1890,0
DA:1891,0
DA:1892,0
DA:1893,0
DA:1894,0
DA:1897,0
DA:1899,0
DA:1901,0
DA:1902,0
DA:1903,0
DA:1904,0
DA:1905,0
DA:1908,0
DA:1909,0
DA:1910,0
DA:1911,0
DA:1914,0
DA:1916,0
DA:1917,0
DA:1920,0
DA:1921,0
DA:1922,0
DA:1923,0
DA:1924,0
DA:1925,0
DA:1926,0
DA:1927,0
DA:1928,0
DA:1931,0
DA:1933,0
DA:1935,0
DA:1936,0
DA:1937,0
DA:1938,0
DA:1939,0
DA:1942,0
DA:1943,0
DA:1944,0
DA:1945,0
DA:1948,0
DA:1950,0
DA:1951,0
DA:1955,0
DA:1956,0
DA:1957,0
DA:1960,0
DA:1961,0
DA:1962,0
DA:1963,0
DA:1965,0
DA:1968,0
DA:1969,0
DA:1970,0
DA:1971,0
DA:1972,0
DA:1973,0
DA:1976,0
DA:1977,0
DA:1978,0
DA:1981,0
DA:1982,0
DA:1983,0
DA:1986,0
DA:1987,0
DA:1988,0
DA:1989,0
DA:1990,0
DA:1991,0
DA:1992,0
DA:1994,0
DA:1995,0
DA:1996,0
DA:1997,0
DA:1998,0
DA:1999,0
DA:2000,0
DA:2001,0
DA:2002,0
DA:2003,0
DA:2004,0
DA:2005,0
DA:2006,0
DA:2007,0
DA:2010,0
DA:2011,0
DA:2013,0
DA:2016,0
DA:2019,0
DA:2020,0
DA:2021,0
DA:2022,0
DA:2023,0
DA:2024,0
DA:2025,0
DA:2026,0
DA:2027,0
DA:2030,0
DA:2031,0
DA:2032,0
DA:2033,0
DA:2035,0
DA:2036,0
DA:2037,0
DA:2038,0
DA:2039,0
DA:2040,0
DA:2041,0
DA:2042,0
DA:2045,0
DA:2047,0
DA:2048,0
DA:2049,0
DA:2050,0
DA:2052,0
DA:2053,0
DA:2063,0
DA:2064,0
DA:2065,0
DA:2066,0
DA:2067,0
DA:2068,0
DA:2069,0
DA:2070,0
DA:2072,0
DA:2073,0
DA:2074,0
DA:2075,0
DA:2081,0
DA:2084,0
DA:2085,0
DA:2086,0
DA:2087,0
DA:2088,0
DA:2089,0
DA:2090,0
DA:2093,0
DA:2100,0
DA:2101,0
DA:2104,0
DA:2105,0
DA:2106,0
DA:2107,0
DA:2108,0
DA:2109,0
DA:2110,0
DA:2112,0
DA:2113,0
DA:2114,0
DA:2115,0
DA:2119,0
DA:2120,0
DA:2121,0
DA:2122,0
DA:2123,0
DA:2126,0
DA:2127,0
DA:2128,0
DA:2129,0
DA:2133,0
DA:2134,0
DA:2135,0
DA:2141,0
DA:2144,0
DA:2147,0
DA:2168,0
DA:2169,0
DA:2187,0
DA:2192,0
DA:2194,0
DA:2195,0
DA:2196,0
DA:2197,0
DA:2198,0
DA:2199,0
DA:2200,0
DA:2201,0
DA:2204,0
DA:2224,0
DA:2225,0
DA:2226,0
DA:2227,0
DA:2228,0
DA:2232,0
DA:2233,0
DA:2234,0
DA:2235,0
DA:2236,0
DA:2237,0
DA:2239,0
DA:2240,0
DA:2245,0
DA:2246,0
DA:2247,0
DA:2250,0
DA:2251,0
DA:2256,0
DA:2261,0
DA:2266,0
DA:2267,0
DA:2269,0
DA:2270,0
DA:2271,0
DA:2272,0
DA:2273,0
DA:2274,0
DA:2275,0
DA:2277,0
DA:2294,0
DA:2295,0
DA:2297,0
DA:2298,0
DA:2314,0
DA:2315,0
DA:2316,0
DA:2318,0
DA:2326,0
DA:2327,0
DA:2328,0
DA:2329,0
DA:2330,0
DA:2332,0
DA:2333,0
DA:2334,0
DA:2335,0
DA:2336,0
DA:2337,0
DA:2338,0
DA:2341,0
DA:2342,0
DA:2343,0
DA:2345,0
DA:2346,0
DA:2347,0
DA:2348,0
DA:2354,0
DA:2355,0
DA:2356,0
DA:2357,0
DA:2358,0
DA:2361,0
DA:2363,0
DA:2364,0
DA:2365,0
DA:2366,0
DA:2369,0
DA:2370,0
DA:2371,0
DA:2372,0
DA:2373,0
DA:2374,0
DA:2375,0
DA:2376,0
DA:2379,0
DA:2380,0
DA:2381,0
DA:2382,0
DA:2383,0
DA:2384,0
DA:2387,0
DA:2388,0
DA:2389,0
DA:2390,0
DA:2391,0
DA:2392,0
DA:2393,0
DA:2394,0
DA:2395,0
DA:2396,0
DA:2397,0
DA:2403,0
DA:2407,0
DA:2408,0
DA:2409,0
DA:2410,0
DA:2411,0
DA:2414,0
DA:2415,0
DA:2416,0
DA:2418,0
DA:2419,0
DA:2420,0
DA:2421,0
DA:2423,0
DA:2424,0
DA:2425,0
DA:2426,0
DA:2427,0
DA:2428,0
DA:2429,0
DA:2430,0
DA:2431,0
DA:2434,0
DA:2435,0
DA:2436,0
DA:2440,0
DA:2444,0
DA:2447,0
DA:2448,0
DA:2449,0
DA:2452,0
DA:2453,0
DA:2454,0
DA:2455,0
DA:2456,0
DA:2458,0
DA:2459,0
DA:2460,0
DA:2461,0
DA:2462,0
DA:2464,0
DA:2465,0
DA:2468,0
DA:2469,0
DA:2470,0
DA:2471,0
DA:2473,0
DA:2474,0
DA:2475,0
DA:2477,0
DA:2478,0
DA:2479,0
DA:2480,0
DA:2488,0
DA:2489,0
DA:2490,0
DA:2493,0
DA:2497,0
DA:2509,0
DA:2510,0
DA:2511,0
DA:2512,0
DA:2513,0
DA:2514,0
DA:2515,0
DA:2516,0
DA:2519,0
DA:2520,0
DA:2521,0
DA:2522,0
DA:2523,0
DA:2524,0
DA:2528,0
DA:2532,0
DA:2533,0
DA:2534,0
DA:2536,0
DA:2537,0
DA:2538,0
DA:2540,0
DA:2541,0
DA:2542,0
DA:2543,0
DA:2550,0
DA:2551,0
DA:2552,0
DA:2554,0
DA:2555,0
DA:2556,0
DA:2557,0
DA:2560,0
DA:2561,0
DA:2563,0
DA:2564,0
DA:2566,0
DA:2567,0
DA:2568,0
DA:2571,0
DA:2581,0
DA:2582,0
DA:2584,0
DA:2589,0
DA:2591,0
DA:2592,0
DA:2599,0
DA:2600,0
DA:2601,0
DA:2602,0
DA:2603,0
DA:2604,0
DA:2605,0
DA:2606,0
DA:2607,0
DA:2610,0
DA:2611,0
DA:2612,0
DA:2613,0
DA:2614,0
DA:2622,0
DA:2625,0
DA:2626,0
DA:2627,0
DA:2628,0
DA:2629,0
DA:2630,0
DA:2631,0
DA:2634,0
DA:2638,0
DA:2639,0
DA:2641,0
DA:2642,0
DA:2644,0
DA:2645,0
DA:2646,0
DA:2647,0
DA:2648,0
DA:2649,0
DA:2650,0
DA:2651,0
DA:2654,0
DA:2657,0
DA:2665,0
DA:2666,0
DA:2667,0
DA:2669,0
DA:2670,0
DA:2672,0
DA:2677,0
DA:2678,0
DA:2679,0
DA:2680,0
DA:2681,0
DA:2682,0
DA:2683,0
DA:2684,0
DA:2685,0
DA:2688,0
DA:2695,0
DA:2696,0
DA:2697,0
DA:2698,0
DA:2699,0
DA:2700,0
DA:2701,0
DA:2702,0
DA:2703,0
DA:2704,0
DA:2705,0
DA:2710,0
DA:2711,0
DA:2712,0
DA:2713,0
DA:2714,0
DA:2716,0
DA:2717,0
DA:2718,0
DA:2720,0
DA:2721,0
DA:2722,0
DA:2723,0
DA:2725,0
DA:2726,0
DA:2727,0
DA:2728,0
DA:2729,0
DA:2730,0
DA:2731,0
DA:2732,0
DA:2733,0
DA:2736,0
DA:2737,0
DA:2738,0
DA:2742,0
DA:2743,0
DA:2747,0
DA:2750,0
DA:2751,0
DA:2752,0
DA:2753,0
DA:2754,0
DA:2757,0
DA:2758,0
DA:2759,0
DA:2760,0
DA:2761,0
DA:2762,0
DA:2763,0
DA:2765,0
DA:2766,0
DA:2767,0
DA:2768,0
DA:2769,0
DA:2770,0
DA:2771,0
DA:2773,0
DA:2774,0
DA:2777,0
DA:2778,0
DA:2779,0
DA:2780,0
DA:2781,0
DA:2782,0
DA:2784,0
DA:2785,0
DA:2786,0
DA:2788,0
DA:2789,0
DA:2790,0
DA:2791,0
DA:2799,0
DA:2800,0
DA:2801,0
DA:2803,0
DA:2806,0
DA:2807,0
DA:2808,0
DA:2809,0
DA:2815,0
DA:2816,0
DA:2819,0
DA:2820,0
DA:2827,0
DA:2828,0
DA:2833,0
DA:2836,0
DA:2837,0
DA:2840,0
DA:2841,0
DA:2842,0
DA:2843,0
DA:2846,0
DA:2849,0
DA:2854,0
DA:2856,0
DA:2858,0
DA:2860,0
DA:2862,0
DA:2864,0
DA:2866,0
DA:2869,0
DA:2871,0
DA:2873,0
DA:2877,0
DA:2878,0
DA:2881,0
DA:2882,0
DA:2883,0
DA:2886,0
DA:2889,0
DA:2890,0
DA:2891,0
DA:2892,0
DA:2895,0
DA:2897,0
DA:2899,0
DA:2901,0
DA:2903,0
DA:2905,0
DA:2907,0
DA:2909,0
DA:2911,0
DA:2913,0
DA:2915,0
DA:2917,0
DA:2919,0
DA:2921,0
DA:2923,0
DA:2925,0
DA:2927,0
DA:2929,0
DA:2931,0
DA:2933,0
DA:2935,0
DA:2937,0
DA:2939,0
DA:2941,0
DA:2943,0
DA:2944,0
DA:2947,0
DA:2949,0
DA:2951,0
DA:2953,0
DA:2955,0
DA:2957,0
DA:2959,0
DA:2961,0
DA:2963,0
DA:2965,0
DA:2967,0
DA:2969,0
DA:2971,0
DA:2973,0
DA:2975,0
DA:2977,0
DA:2979,0
DA:2981,0
DA:2983,0
DA:2985,0
DA:2987,0
DA:2989,0
DA:2991,0
DA:2993,0
DA:2995,0
DA:2997,0
DA:2999,0
DA:3001,0
DA:3003,0
DA:3005,0
DA:3007,0
DA:3009,0
DA:3013,2
DA:3016,2
DA:3029,0
DA:3030,0
DA:3032,0
DA:3035,0
DA:3036,0
DA:3037,0
DA:3049,0
DA:3050,0
DA:3052,0
DA:3082,0
DA:3085,0
DA:3086,0
DA:3087,0
LF:1757
LH:238
BRDA:43,0,0,0
BRDA:43,0,1,1
BRDA:49,1,0,1
BRDA:49,1,1,1
BRDA:50,2,0,1
BRDA:50,2,1,0
BRDA:53,3,0,1
BRDA:53,3,1,1
BRDA:55,4,0,1
BRDA:55,4,1,1
BRDA:56,5,0,1
BRDA:56,5,1,1
BRDA:57,6,0,1
BRDA:57,6,1,1
BRDA:58,7,0,1
BRDA:58,7,1,1
BRDA:60,8,0,1
BRDA:60,8,1,1
BRDA:61,9,0,1
BRDA:61,9,1,1
BRDA:62,10,0,1
BRDA:62,10,1,1
BRDA:74,11,0,0
BRDA:74,11,1,0
BRDA:95,12,0,0
BRDA:95,12,1,0
BRDA:95,13,0,0
BRDA:95,13,1,0
BRDA:97,14,0,0
BRDA:97,14,1,0
BRDA:97,15,0,0
BRDA:97,15,1,0
BRDA:99,16,0,0
BRDA:99,16,1,0
BRDA:103,17,0,0
BRDA:103,17,1,0
BRDA:103,18,0,0
BRDA:103,18,1,0
BRDA:105,19,0,0
BRDA:105,19,1,0
BRDA:105,20,0,0
BRDA:105,20,1,0
BRDA:107,21,0,0
BRDA:107,21,1,0
BRDA:111,22,0,0
BRDA:111,22,1,0
BRDA:111,23,0,0
BRDA:111,23,1,0
BRDA:116,24,0,0
BRDA:116,24,1,0
BRDA:119,25,0,0
BRDA:119,25,1,0
BRDA:120,26,0,0
BRDA:120,26,1,0
BRDA:124,27,0,0
BRDA:124,27,1,0
BRDA:125,28,0,0
BRDA:125,28,1,0
BRDA:126,29,0,0
BRDA:126,29,1,0
BRDA:127,30,0,0
BRDA:127,30,1,0
BRDA:129,31,0,0
BRDA:129,31,1,0
BRDA:134,32,0,0
BRDA:134,32,1,0
BRDA:135,33,0,0
BRDA:135,33,1,0
BRDA:137,34,0,0
BRDA:137,34,1,0
BRDA:137,35,0,0
BRDA:137,35,1,0
BRDA:137,35,2,0
BRDA:137,35,3,0
BRDA:144,36,0,0
BRDA:144,36,1,0
BRDA:144,37,0,0
BRDA:144,37,1,0
BRDA:149,38,0,0
BRDA:149,38,1,0
BRDA:150,39,0,0
BRDA:150,39,1,0
BRDA:152,40,0,0
BRDA:152,40,1,0
BRDA:154,41,0,0
BRDA:154,41,1,0
BRDA:156,42,0,0
BRDA:156,42,1,0
BRDA:157,43,0,0
BRDA:157,43,1,0
BRDA:164,44,0,0
BRDA:164,44,1,0
BRDA:165,45,0,0
BRDA:165,45,1,0
BRDA:166,46,0,0
BRDA:166,46,1,0
BRDA:167,47,0,0
BRDA:167,47,1,0
BRDA:168,48,0,0
BRDA:168,48,1,0
BRDA:169,49,0,0
BRDA:169,49,1,0
BRDA:169,50,0,0
BRDA:169,50,1,0
BRDA:174,51,0,0
BRDA:174,51,1,0
BRDA:176,52,0,0
BRDA:176,52,1,0
BRDA:176,53,0,0
BRDA:176,53,1,0
BRDA:180,54,0,0
BRDA:180,54,1,0
BRDA:182,55,0,0
BRDA:182,55,1,0
BRDA:183,56,0,0
BRDA:183,56,1,0
BRDA:183,57,0,0
BRDA:183,57,1,0
BRDA:201,58,0,0
BRDA:201,58,1,0
BRDA:204,59,0,0
BRDA:204,59,1,0
BRDA:207,60,0,0
BRDA:207,60,1,0
BRDA:207,61,0,0
BRDA:207,61,1,0
BRDA:212,62,0,0
BRDA:212,62,1,0
BRDA:217,63,0,0
BRDA:217,63,1,0
BRDA:222,64,0,0
BRDA:222,64,1,0
BRDA:225,65,0,0
BRDA:225,65,1,0
BRDA:225,66,0,0
BRDA:225,66,1,0
BRDA:229,67,0,0
BRDA:229,67,1,0
BRDA:232,68,0,0
BRDA:232,68,1,0
BRDA:235,69,0,0
BRDA:235,69,1,0
BRDA:235,70,0,0
BRDA:235,70,1,0
BRDA:238,71,0,0
BRDA:238,71,1,0
BRDA:238,72,0,0
BRDA:238,72,1,0
BRDA:244,73,0,0
BRDA:244,73,1,0
BRDA:244,74,0,0
BRDA:244,74,1,0
BRDA:252,75,0,1
BRDA:252,75,1,1
BRDA:253,76,0,1
BRDA:253,76,1,1
BRDA:254,77,0,1
BRDA:254,77,1,1
BRDA:262,78,0,0
BRDA:262,78,1,0
BRDA:273,79,0,0
BRDA:273,79,1,0
BRDA:273,80,0,0
BRDA:273,80,1,0
BRDA:275,81,0,0
BRDA:275,81,1,0
BRDA:279,82,0,0
BRDA:279,82,1,0
BRDA:279,83,0,0
BRDA:279,83,1,0
BRDA:282,84,0,0
BRDA:282,84,1,0
BRDA:282,85,0,0
BRDA:282,85,1,0
BRDA:282,85,2,0
BRDA:288,86,0,0
BRDA:288,86,1,0
BRDA:298,87,0,0
BRDA:298,87,1,0
BRDA:298,88,0,0
BRDA:298,88,1,0
BRDA:300,89,0,0
BRDA:300,89,1,0
BRDA:304,90,0,0
BRDA:304,90,1,0
BRDA:304,91,0,0
BRDA:304,91,1,0
BRDA:304,91,2,0
BRDA:304,91,3,0
BRDA:307,92,0,0
BRDA:307,92,1,0
BRDA:308,93,0,0
BRDA:308,93,1,0
BRDA:311,94,0,0
BRDA:311,94,1,0
BRDA:311,95,0,0
BRDA:311,95,1,0
BRDA:311,95,2,0
BRDA:312,96,0,0
BRDA:312,96,1,0
BRDA:313,97,0,0
BRDA:313,97,1,0
BRDA:318,98,0,0
BRDA:318,98,1,0
BRDA:323,99,0,0
BRDA:323,99,1,0
BRDA:323,100,0,0
BRDA:323,100,1,0
BRDA:323,100,2,0
BRDA:323,100,3,0
BRDA:329,101,0,0
BRDA:329,101,1,0
BRDA:330,102,0,0
BRDA:330,102,1,0
BRDA:331,103,0,0
BRDA:331,103,1,0
BRDA:341,104,0,0
BRDA:341,104,1,0
BRDA:349,105,0,0
BRDA:349,105,1,0
BRDA:359,106,0,1
BRDA:359,106,1,1
BRDA:361,107,0,1
BRDA:361,107,1,1
BRDA:361,107,2,1
BRDA:361,107,3,1
BRDA:362,108,0,1
BRDA:362,108,1,1
BRDA:364,109,0,1
BRDA:364,109,1,1
BRDA:364,109,2,1
BRDA:365,110,0,1
BRDA:365,110,1,1
BRDA:369,111,0,1
BRDA:369,111,1,1
BRDA:373,112,0,0
BRDA:373,112,1,0
BRDA:376,113,0,0
BRDA:376,113,1,0
BRDA:381,114,0,0
BRDA:381,114,1,0
BRDA:387,115,0,0
BRDA:387,115,1,0
BRDA:390,116,0,0
BRDA:390,116,1,0
BRDA:390,117,0,0
BRDA:390,117,1,0
BRDA:394,118,0,0
BRDA:394,118,1,0
BRDA:394,119,0,0
BRDA:394,119,1,0
BRDA:403,120,0,0
BRDA:403,120,1,0
BRDA:403,121,0,0
BRDA:403,121,1,0
BRDA:409,122,0,0
BRDA:409,122,1,0
BRDA:413,123,0,0
BRDA:413,123,1,0
BRDA:413,124,0,0
BRDA:413,124,1,0
BRDA:416,125,0,0
BRDA:416,125,1,0
BRDA:425,126,0,0
BRDA:425,126,1,0
BRDA:426,127,0,0
BRDA:426,127,1,0
BRDA:426,128,0,0
BRDA:426,128,1,0
BRDA:434,129,0,0
BRDA:434,129,1,0
BRDA:435,130,0,0
BRDA:435,130,1,0
BRDA:441,131,0,0
BRDA:441,131,1,0
BRDA:442,132,0,0
BRDA:442,132,1,0
BRDA:444,133,0,0
BRDA:444,133,1,0
BRDA:446,134,0,0
BRDA:446,134,1,0
BRDA:446,135,0,0
BRDA:446,135,1,0
BRDA:446,135,2,0
BRDA:451,136,0,0
BRDA:451,136,1,0
BRDA:451,136,2,0
BRDA:452,137,0,0
BRDA:452,137,1,0
BRDA:452,137,2,0
BRDA:452,137,3,0
BRDA:458,138,0,0
BRDA:458,138,1,0
BRDA:460,139,0,0
BRDA:460,139,1,0
BRDA:465,140,0,0
BRDA:465,140,1,0
BRDA:467,141,0,0
BRDA:467,141,1,0
BRDA:477,142,0,0
BRDA:477,142,1,0
BRDA:477,143,0,0
BRDA:477,143,1,0
BRDA:481,144,0,0
BRDA:481,144,1,0
BRDA:491,145,0,0
BRDA:491,145,1,0
BRDA:493,146,0,0
BRDA:493,146,1,0
BRDA:500,147,0,0
BRDA:500,147,1,0
BRDA:515,148,0,0
BRDA:515,148,1,0
BRDA:516,149,0,0
BRDA:516,149,1,0
BRDA:526,150,0,0
BRDA:526,150,1,0
BRDA:529,151,0,0
BRDA:529,151,1,0
BRDA:530,152,0,0
BRDA:530,152,1,0
BRDA:532,153,0,0
BRDA:532,153,1,0
BRDA:536,154,0,0
BRDA:536,154,1,0
BRDA:538,155,0,0
BRDA:538,155,1,0
BRDA:545,156,0,0
BRDA:545,156,1,0
BRDA:548,157,0,0
BRDA:548,157,1,0
BRDA:559,158,0,0
BRDA:559,158,1,0
BRDA:563,159,0,0
BRDA:563,159,1,0
BRDA:563,160,0,0
BRDA:563,160,1,0
BRDA:572,161,0,0
BRDA:572,161,1,0
BRDA:573,162,0,0
BRDA:573,162,1,0
BRDA:579,163,0,0
BRDA:579,163,1,0
BRDA:584,164,0,0
BRDA:584,164,1,0
BRDA:603,165,0,0
BRDA:603,165,1,0
BRDA:607,166,0,0
BRDA:607,166,1,0
BRDA:607,167,0,0
BRDA:607,167,1,0
BRDA:618,168,0,0
BRDA:618,168,1,0
BRDA:618,169,0,0
BRDA:618,169,1,0
BRDA:624,170,0,0
BRDA:624,170,1,0
BRDA:631,171,0,0
BRDA:631,171,1,0
BRDA:646,172,0,0
BRDA:646,172,1,0
BRDA:654,173,0,0
BRDA:654,173,1,0
BRDA:654,174,0,0
BRDA:654,174,1,0
BRDA:660,175,0,0
BRDA:660,175,1,0
BRDA:661,176,0,0
BRDA:661,176,1,0
BRDA:663,177,0,0
BRDA:663,177,1,0
BRDA:664,178,0,0
BRDA:664,178,1,0
BRDA:674,179,0,0
BRDA:674,179,1,0
BRDA:680,180,0,0
BRDA:680,180,1,0
BRDA:683,181,0,0
BRDA:683,181,1,0
BRDA:688,182,0,0
BRDA:688,182,1,0
BRDA:701,183,0,0
BRDA:701,183,1,0
BRDA:702,184,0,0
BRDA:702,184,1,0
BRDA:704,185,0,0
BRDA:704,185,1,0
BRDA:710,186,0,0
BRDA:710,186,1,0
BRDA:728,187,0,0
BRDA:728,187,1,0
BRDA:736,188,0,0
BRDA:736,188,1,0
BRDA:736,189,0,0
BRDA:736,189,1,0
BRDA:739,190,0,0
BRDA:739,190,1,0
BRDA:753,191,0,1
BRDA:753,191,1,1
BRDA:754,192,0,1
BRDA:754,192,1,1
BRDA:757,193,0,0
BRDA:757,193,1,0
BRDA:758,194,0,0
BRDA:758,194,1,0
BRDA:763,195,0,0
BRDA:763,195,1,0
BRDA:764,196,0,0
BRDA:764,196,1,0
BRDA:764,196,2,0
BRDA:767,197,0,0
BRDA:767,197,1,0
BRDA:767,197,2,0
BRDA:768,198,0,0
BRDA:768,198,1,0
BRDA:768,199,0,0
BRDA:768,199,1,0
BRDA:770,200,0,0
BRDA:770,200,1,0
BRDA:776,201,0,0
BRDA:776,201,1,0
BRDA:777,202,0,0
BRDA:777,202,1,0
BRDA:777,203,0,0
BRDA:777,203,1,0
BRDA:781,204,0,0
BRDA:781,204,1,0
BRDA:784,205,0,0
BRDA:784,205,1,0
BRDA:784,205,2,0
BRDA:785,206,0,0
BRDA:785,206,1,0
BRDA:787,207,0,0
BRDA:787,207,1,0
BRDA:791,208,0,0
BRDA:791,208,1,0
BRDA:794,209,0,0
BRDA:794,209,1,0
BRDA:794,210,0,0
BRDA:794,210,1,0
BRDA:797,211,0,0
BRDA:797,211,1,0
BRDA:797,212,0,0
BRDA:797,212,1,0
BRDA:799,213,0,0
BRDA:799,213,1,0
BRDA:801,214,0,0
BRDA:801,214,1,0
BRDA:802,215,0,0
BRDA:802,215,1,0
BRDA:812,216,0,0
BRDA:815,217,0,0
BRDA:815,217,1,0
BRDA:823,218,0,0
BRDA:823,218,1,0
BRDA:826,219,0,0
BRDA:826,219,1,0
BRDA:831,220,0,0
BRDA:831,220,1,0
BRDA:840,221,0,0
BRDA:840,221,1,0
BRDA:842,222,0,0
BRDA:842,222,1,0
BRDA:849,223,0,0
BRDA:849,223,1,0
BRDA:856,224,0,0
BRDA:856,224,1,0
BRDA:857,225,0,0
BRDA:857,225,1,0
BRDA:858,226,0,0
BRDA:858,226,1,0
BRDA:863,227,0,0
BRDA:863,227,1,0
BRDA:866,228,0,0
BRDA:866,228,1,0
BRDA:867,229,0,0
BRDA:867,229,1,0
BRDA:868,230,0,0
BRDA:868,230,1,0
BRDA:869,231,0,0
BRDA:869,231,1,0
BRDA:870,232,0,0
BRDA:870,232,1,0
BRDA:871,233,0,0
BRDA:871,233,1,0
BRDA:873,234,0,0
BRDA:873,234,1,0
BRDA:875,235,0,0
BRDA:875,235,1,0
BRDA:878,236,0,0
BRDA:878,236,1,0
BRDA:879,237,0,0
BRDA:879,237,1,0
BRDA:886,238,0,0
BRDA:886,238,1,0
BRDA:887,239,0,0
BRDA:887,239,1,0
BRDA:889,240,0,0
BRDA:889,240,1,0
BRDA:890,241,0,0
BRDA:890,241,1,0
BRDA:898,242,0,0
BRDA:898,242,1,0
BRDA:904,243,0,0
BRDA:904,243,1,0
BRDA:907,244,0,0
BRDA:907,244,1,0
BRDA:912,245,0,0
BRDA:912,245,1,0
BRDA:925,246,0,0
BRDA:925,246,1,0
BRDA:926,247,0,0
BRDA:926,247,1,0
BRDA:926,247,2,0
BRDA:928,248,0,0
BRDA:928,248,1,0
BRDA:930,249,0,0
BRDA:930,249,1,0
BRDA:930,250,0,0
BRDA:930,250,1,0
BRDA:933,251,0,0
BRDA:933,251,1,0
BRDA:937,252,0,0
BRDA:937,252,1,0
BRDA:940,253,0,0
BRDA:940,253,1,0
BRDA:941,254,0,0
BRDA:941,254,1,0
BRDA:941,255,0,0
BRDA:941,255,1,0
BRDA:941,255,2,0
BRDA:945,256,0,0
BRDA:945,256,1,0
BRDA:952,257,0,0
BRDA:952,257,1,0
BRDA:964,258,0,0
BRDA:964,258,1,0
BRDA:976,259,0,0
BRDA:976,259,1,0
BRDA:978,260,0,0
BRDA:978,260,1,0
BRDA:978,261,0,0
BRDA:978,261,1,0
BRDA:978,261,2,0
BRDA:984,262,0,0
BRDA:984,262,1,0
BRDA:987,263,0,0
BRDA:987,263,1,0
BRDA:993,264,0,0
BRDA:993,264,1,0
BRDA:995,265,0,0
BRDA:995,265,1,0
BRDA:1000,266,0,0
BRDA:1000,266,1,0
BRDA:1000,267,0,0
BRDA:1000,267,1,0
BRDA:1003,268,0,0
BRDA:1003,268,1,0
BRDA:1006,269,0,0
BRDA:1006,269,1,0
BRDA:1006,270,0,0
BRDA:1006,270,1,0
BRDA:1012,271,0,0
BRDA:1012,271,1,0
BRDA:1013,272,0,0
BRDA:1013,272,1,0
BRDA:1014,273,0,0
BRDA:1014,273,1,0
BRDA:1026,274,0,0
BRDA:1027,275,0,0
BRDA:1027,275,1,0
BRDA:1030,276,0,0
BRDA:1030,276,1,0
BRDA:1038,277,0,0
BRDA:1038,277,1,0
BRDA:1041,278,0,0
BRDA:1041,278,1,0
BRDA:1041,279,0,0
BRDA:1041,279,1,0
BRDA:1041,279,2,0
BRDA:1043,280,0,0
BRDA:1043,280,1,0
BRDA:1045,281,0,0
BRDA:1045,281,1,0
BRDA:1047,282,0,0
BRDA:1047,282,1,0
BRDA:1050,283,0,0
BRDA:1050,283,1,0
BRDA:1064,284,0,0
BRDA:1064,284,1,0
BRDA:1066,285,0,0
BRDA:1066,285,1,0
BRDA:1078,286,0,0
BRDA:1078,286,1,0
BRDA:1084,287,0,0
BRDA:1084,287,1,11
BRDA:1084,288,0,11
BRDA:1084,288,1,11
BRDA:1084,288,2,11
BRDA:1087,289,0,11
BRDA:1087,289,1,4
BRDA:1088,290,0,4
BRDA:1088,290,1,7
BRDA:1091,291,0,5
BRDA:1091,291,1,2
BRDA:1091,292,0,7
BRDA:1091,292,1,2
BRDA:1091,292,2,2
BRDA:1095,293,0,2
BRDA:1095,293,1,0
BRDA:1096,294,0,1
BRDA:1096,294,1,0
BRDA:1098,295,0,2
BRDA:1098,295,1,0
BRDA:1099,296,0,1
BRDA:1099,296,1,0
BRDA:1101,297,0,1
BRDA:1101,297,1,1
BRDA:1103,298,0,1
BRDA:1103,298,1,1
BRDA:1103,299,0,2
BRDA:1103,299,1,2
BRDA:1105,300,0,1
BRDA:1105,300,1,1
BRDA:1105,301,0,2
BRDA:1105,301,1,2
BRDA:1107,302,0,1
BRDA:1107,302,1,1
BRDA:1109,303,0,1
BRDA:1109,303,1,1
BRDA:1114,304,0,12
BRDA:1114,304,1,1
BRDA:1115,305,0,1
BRDA:1115,305,1,11
BRDA:1119,306,0,1
BRDA:1119,306,1,10
BRDA:1123,307,0,9
BRDA:1123,307,1,2
BRDA:1123,308,0,11
BRDA:1123,308,1,9
BRDA:1130,309,0,7
BRDA:1130,309,1,4
BRDA:1137,310,0,4
BRDA:1137,310,1,3
BRDA:1139,311,0,0
BRDA:1139,311,1,4
BRDA:1146,312,0,0
BRDA:1146,312,1,0
BRDA:1153,313,0,1
BRDA:1153,313,1,3
BRDA:1155,314,0,1
BRDA:1155,314,1,0
BRDA:1164,315,0,1
BRDA:1164,315,1,1
BRDA:1165,316,0,1
BRDA:1165,316,1,1
BRDA:1166,317,0,1
BRDA:1166,317,1,1
BRDA:1168,318,0,1
BRDA:1168,318,1,1
BRDA:1170,319,0,1
BRDA:1170,319,1,1
BRDA:1172,320,0,1
BRDA:1172,320,1,1
BRDA:1174,321,0,1
BRDA:1174,321,1,1
BRDA:1175,322,0,1
BRDA:1175,322,1,1
BRDA:1176,323,0,1
BRDA:1176,323,1,1
BRDA:1181,324,0,1
BRDA:1181,324,1,1
BRDA:1183,325,0,1
BRDA:1183,325,1,1
BRDA:1184,326,0,1
BRDA:1184,326,1,1
BRDA:1185,327,0,1
BRDA:1185,327,1,1
BRDA:1187,328,0,1
BRDA:1187,328,1,1
BRDA:1188,329,0,1
BRDA:1188,329,1,1
BRDA:1189,330,0,1
BRDA:1189,330,1,1
BRDA:1190,331,0,1
BRDA:1190,331,1,1
BRDA:1191,332,0,1
BRDA:1191,332,1,1
BRDA:1192,333,0,1
BRDA:1192,333,1,1
BRDA:1193,334,0,1
BRDA:1193,334,1,1
BRDA:1195,335,0,1
BRDA:1195,335,1,1
BRDA:1197,336,0,1
BRDA:1197,336,1,1
BRDA:1199,337,0,1
BRDA:1199,337,1,1
BRDA:1200,338,0,1
BRDA:1200,338,1,1
BRDA:1201,339,0,1
BRDA:1201,339,1,1
BRDA:1202,340,0,1
BRDA:1202,340,1,1
BRDA:1204,341,0,1
BRDA:1204,341,1,1
BRDA:1205,342,0,1
BRDA:1205,342,1,1
BRDA:1207,343,0,1
BRDA:1207,343,1,1
BRDA:1208,344,0,1
BRDA:1208,344,1,1
BRDA:1209,345,0,1
BRDA:1209,345,1,1
BRDA:1210,346,0,1
BRDA:1210,346,1,1
BRDA:1211,347,0,1
BRDA:1211,347,1,1
BRDA:1212,348,0,1
BRDA:1212,348,1,1
BRDA:1213,349,0,1
BRDA:1213,349,1,1
BRDA:1215,350,0,1
BRDA:1215,350,1,1
BRDA:1216,351,0,1
BRDA:1216,351,1,1
BRDA:1217,352,0,1
BRDA:1217,352,1,1
BRDA:1219,353,0,1
BRDA:1219,353,1,1
BRDA:1220,354,0,1
BRDA:1220,354,1,1
BRDA:1221,355,0,1
BRDA:1221,355,1,1
BRDA:1222,356,0,1
BRDA:1222,356,1,1
BRDA:1223,357,0,1
BRDA:1223,357,1,1
BRDA:1224,358,0,1
BRDA:1224,358,1,1
BRDA:1225,359,0,1
BRDA:1225,359,1,1
BRDA:1226,360,0,1
BRDA:1226,360,1,1
BRDA:1228,361,0,1
BRDA:1228,361,1,1
BRDA:1229,362,0,1
BRDA:1229,362,1,1
BRDA:1230,363,0,1
BRDA:1230,363,1,1
BRDA:1231,364,0,1
BRDA:1231,364,1,1
BRDA:1232,365,0,1
BRDA:1232,365,1,1
BRDA:1233,366,0,1
BRDA:1233,366,1,1
BRDA:1234,367,0,1
BRDA:1234,367,1,1
BRDA:1235,368,0,1
BRDA:1235,368,1,1
BRDA:1236,369,0,1
BRDA:1236,369,1,1
BRDA:1237,370,0,1
BRDA:1237,370,1,1
BRDA:1238,371,0,1
BRDA:1238,371,1,1
BRDA:1239,372,0,1
BRDA:1239,372,1,1
BRDA:1240,373,0,1
BRDA:1240,373,1,1
BRDA:1241,374,0,1
BRDA:1241,374,1,1
BRDA:1243,375,0,1
BRDA:1243,375,1,1
BRDA:1298,376,0,0
BRDA:1298,376,1,0
BRDA:1298,377,0,0
BRDA:1298,377,1,0
BRDA:1304,378,0,0
BRDA:1304,378,1,0
BRDA:1305,379,0,0
BRDA:1305,379,1,0
BRDA:1306,380,0,0
BRDA:1306,380,1,0
BRDA:1306,380,2,0
BRDA:1306,380,3,0
BRDA:1315,381,0,0
BRDA:1315,381,1,0
BRDA:1315,382,0,0
BRDA:1315,382,1,0
BRDA:1321,383,0,0
BRDA:1321,383,1,0
BRDA:1323,384,0,0
BRDA:1323,384,1,0
BRDA:1327,385,0,0
BRDA:1327,385,1,0
BRDA:1327,386,0,0
BRDA:1327,386,1,0
BRDA:1327,387,0,0
BRDA:1327,387,1,0
BRDA:1327,388,0,0
BRDA:1327,388,1,0
BRDA:1327,389,0,0
BRDA:1327,389,1,0
BRDA:1332,390,0,0
BRDA:1332,390,1,0
BRDA:1332,391,0,0
BRDA:1332,391,1,0
BRDA:1336,392,0,0
BRDA:1336,392,1,0
BRDA:1339,393,0,0
BRDA:1339,393,1,0
BRDA:1342,394,0,0
BRDA:1342,394,1,0
BRDA:1345,395,0,0
BRDA:1345,395,1,0
BRDA:1357,396,0,0
BRDA:1357,396,1,0
BRDA:1358,397,0,0
BRDA:1358,397,1,0
BRDA:1359,398,0,0
BRDA:1359,398,1,0
BRDA:1359,398,2,0
BRDA:1360,399,0,0
BRDA:1360,399,1,0
BRDA:1360,399,2,0
BRDA:1360,399,3,0
BRDA:1363,400,0,0
BRDA:1363,400,1,0
BRDA:1363,400,2,0
BRDA:1364,401,0,0
BRDA:1364,401,1,0
BRDA:1365,402,0,0
BRDA:1365,402,1,0
BRDA:1365,402,2,0
BRDA:1365,402,3,0
BRDA:1365,402,4,0
BRDA:1370,403,0,0
BRDA:1370,403,1,0
BRDA:1370,403,2,0
BRDA:1374,404,0,0
BRDA:1374,404,1,0
BRDA:1374,404,2,0
BRDA:1375,405,0,0
BRDA:1375,405,1,0
BRDA:1376,406,0,0
BRDA:1376,406,1,0
BRDA:1376,406,2,0
BRDA:1376,406,3,0
BRDA:1376,406,4,0
BRDA:1376,406,5,0
BRDA:1376,406,6,0
BRDA:1385,407,0,0
BRDA:1385,407,1,0
BRDA:1385,407,2,0
BRDA:1386,408,0,0
BRDA:1386,408,1,0
BRDA:1387,409,0,0
BRDA:1387,409,1,0
BRDA:1387,409,2,0
BRDA:1390,410,0,0
BRDA:1390,410,1,0
BRDA:1390,410,2,0
BRDA:1391,411,0,0
BRDA:1391,411,1,0
BRDA:1392,412,0,0
BRDA:1392,412,1,0
BRDA:1392,412,2,0
BRDA:1395,413,0,0
BRDA:1395,413,1,0
BRDA:1395,413,2,0
BRDA:1396,414,0,0
BRDA:1396,414,1,0
BRDA:1396,414,2,0
BRDA:1396,414,3,0
BRDA:1396,414,4,0
BRDA:1396,414,5,0
BRDA:1396,414,6,0
BRDA:1396,414,7,0
BRDA:1406,415,0,0
BRDA:1406,415,1,0
BRDA:1406,415,2,0
BRDA:1415,416,0,0
BRDA:1415,416,1,0
BRDA:1418,417,0,0
BRDA:1418,417,1,0
BRDA:1418,418,0,0
BRDA:1418,418,1,0
BRDA:1425,419,0,0
BRDA:1425,419,1,0
BRDA:1428,420,0,0
BRDA:1428,420,1,0
BRDA:1443,421,0,0
BRDA:1443,421,1,0
BRDA:1443,422,0,0
BRDA:1443,422,1,0
BRDA:1448,423,0,0
BRDA:1448,423,1,0
BRDA:1449,424,0,0
BRDA:1449,424,1,0
BRDA:1451,425,0,0
BRDA:1451,425,1,0
BRDA:1451,426,0,0
BRDA:1451,426,1,0
BRDA:1454,427,0,0
BRDA:1454,427,1,0
BRDA:1454,428,0,0
BRDA:1454,428,1,0
BRDA:1461,429,0,0
BRDA:1461,429,1,0
BRDA:1461,430,0,0
BRDA:1461,430,1,0
BRDA:1464,431,0,0
BRDA:1464,431,1,0
BRDA:1466,432,0,0
BRDA:1466,432,1,0
BRDA:1466,433,0,0
BRDA:1466,433,1,0
BRDA:1474,434,0,0
BRDA:1474,434,1,0
BRDA:1475,435,0,0
BRDA:1475,435,1,0
BRDA:1477,436,0,0
BRDA:1477,436,1,0
BRDA:1485,437,0,0
BRDA:1485,437,1,0
BRDA:1485,438,0,0
BRDA:1485,438,1,0
BRDA:1485,438,2,0
BRDA:1488,439,0,0
[...]
FNDA:2,summarizeFuelPrices
FNDA:0,(anonymous_6)
FNDA:0,searchBestPrices
FNDA:0,(anonymous_8)
FNDA:8,intelligentSearch
DA:2,2
DA:3,2
DA:4,2
DA:5,2
DA:6,2
DA:7,2
DA:8,2
DA:9,2
DA:10,2
DA:11,2
DA:15,12
DA:18,0
DA:31,4
DA:33,4
DA:34,4
DA:39,0
DA:41,0
DA:42,0
DA:50,0
DA:51,0
DA:52,0
DA:54,0
DA:55,0
DA:56,0
DA:58,0
DA:59,0
DA:66,0
DA:67,0
DA:68,0
DA:69,0
DA:70,0
DA:71,0
DA:72,0
DA:79,0
DA:80,0
DA:85,0
DA:86,0
DA:87,0
DA:88,0
DA:89,0
DA:93,0
DA:94,0
DA:95,0
DA:96,0
DA:100,2
DA:101,2
DA:102,2
DA:104,0
DA:105,0
DA:114,0
DA:115,0
DA:119,2
DA:120,2
DA:121,2
DA:123,0
DA:125,0
DA:127,0
DA:133,0
DA:134,0
DA:135,0
DA:138,0
DA:139,0
DA:143,0
DA:144,0
DA:145,0
DA:146,0
DA:147,0
DA:160,0
DA:161,0
DA:162,0
DA:163,0
DA:164,0
DA:165,0
DA:166,0
DA:167,0
DA:176,0
DA:177,0
DA:181,8
DA:182,8
DA:184,8
DA:185,8
DA:186,3
DA:188,5
DA:189,2
DA:191,3
DA:192,2
DA:194,1
DA:196,0
DA:197,0
DA:198,0
DA:216,0
DA:217,0
DA:218,0
DA:219,0
DA:220,0
DA:221,0
DA:222,0
DA:223,0
DA:224,0
DA:225,0
DA:232,0
DA:234,0
DA:235,0
DA:236,0
DA:237,0
DA:238,0
DA:239,0
DA:240,0
DA:241,0
LF:109
LH:30
BRDA:11,0,0,0
BRDA:11,0,1,2
BRDA:15,1,0,12
BRDA:15,1,1,12
BRDA:18,2,0,0
BRDA:18,2,1,0
BRDA:30,3,0,4
BRDA:31,4,0,4
BRDA:31,4,1,0
BRDA:42,5,0,0
BRDA:42,5,1,0
BRDA:47,6,0,0
BRDA:47,6,1,0
BRDA:55,7,0,0
BRDA:55,7,1,0
BRDA:70,8,0,0
BRDA:70,8,1,0
BRDA:86,9,0,0
BRDA:86,9,1,0
BRDA:94,10,0,0
BRDA:94,10,1,0
BRDA:101,11,0,2
BRDA:101,11,1,0
BRDA:120,12,0,2
BRDA:120,12,1,0
BRDA:120,13,0,2
BRDA:120,13,1,0
BRDA:143,14,0,0
BRDA:143,14,1,0
BRDA:144,15,0,0
BRDA:144,15,1,0
BRDA:164,16,0,0
BRDA:164,16,1,0
BRDA:168,17,0,0
BRDA:168,17,1,0
BRDA:169,18,0,0
BRDA:169,18,1,0
BRDA:170,19,0,0
BRDA:170,19,1,0
BRDA:171,20,0,0
BRDA:171,20,1,0
BRDA:172,21,0,0
BRDA:172,21,1,0
BRDA:172,22,0,0
BRDA:172,22,1,0
BRDA:182,23,0,8
BRDA:182,23,1,0
BRDA:185,24,0,3
BRDA:185,24,1,5
BRDA:188,25,0,2
BRDA:188,25,1,3
BRDA:191,26,0,2
BRDA:191,26,1,1
BRDA:197,27,0,0
BRDA:197,27,1,0
BRDA:197,28,0,0
BRDA:197,28,1,0
BRDA:220,29,0,0
BRDA:220,29,1,0
BRDA:224,30,0,0
BRDA:224,30,1,0
BRDA:227,31,0,0
BRDA:227,31,1,0
BRDA:228,32,0,0
BRDA:228,32,1,0
BRDA:235,33,0,0
BRDA:235,33,1,0
BRDA:237,34,0,0
BRDA:237,34,1,0
BRDA:239,35,0,0
BRDA:239,35,1,0
BRF:71
BRH:15
end_of_record
TN:
SF:src/services/github.ts
FN:13,getOctokit
FN:25,createBranch
FN:44,createPullRequest
FN:59,mergePullRequest
FN:73,addPRComment
FN:85,listPullRequests
FN:93,(anonymous_6)
FN:102,searchGitHub
FN:111,(anonymous_8)
FN:117,(anonymous_9)
FN:123,(anonymous_10)
FNF:11
FNH:11
FNDA:9,getOctokit
FNDA:1,createBranch
FNDA:1,createPullRequest
FNDA:1,mergePullRequest
FNDA:1,addPRComment
FNDA:1,listPullRequests
FNDA:1,(anonymous_6)
FNDA:4,searchGitHub
FNDA:1,(anonymous_8)
FNDA:1,(anonymous_9)
FNDA:1,(anonymous_10)
DA:2,1
DA:3,1
DA:4,1
DA:5,1
DA:6,1
DA:7,1
DA:8,1
DA:9,1
DA:10,1
DA:11,1
DA:12,1
DA:14,9
DA:15,1
DA:16,1
DA:17,0
DA:18,1
DA:20,9
DA:26,1
DA:28,1
DA:33,1
DA:39,1
DA:45,1
DA:46,1
DA:54,1
DA:60,1
DA:61,1
DA:68,1
DA:74,1
DA:75,1
DA:86,1
DA:87,1
DA:93,1
DA:103,4
DA:104,4
DA:105,4
DA:106,4
DA:108,2
DA:109,2
DA:110,1
DA:111,1
DA:114,1
DA:115,1
DA:116,0
DA:117,1
DA:120,1
DA:121,1
DA:122,0
DA:123,1
LF:48
LH:45
BRDA:10,0,0,1
BRDA:10,0,1,1
BRDA:11,1,0,1
BRDA:11,1,1,1
BRDA:14,2,0,1
BRDA:14,2,1,8
BRDA:16,3,0,0
BRDA:16,3,1,1
BRDA:25,4,0,0
BRDA:44,5,0,1
BRDA:68,6,0,1
BRDA:68,6,1,0
BRDA:102,7,0,1
BRDA:106,8,0,2
BRDA:106,8,1,1
BRDA:106,8,2,1
BRDA:109,9,0,1
BRDA:109,9,1,1
BRDA:115,10,0,0
BRDA:115,10,1,1
BRDA:121,11,0,0
BRDA:121,11,1,1
BRF:22
BRH:17
end_of_record
TN:
SF:src/services/googleCredentials.ts
FN:2,(anonymous_0)
FN:19,maybeParseJsonPayload
FN:45,writeCredentialFile
FN:59,hasUsableCredentialFile
FN:65,readSecretViaGoogleAuthAsync
FN:81,(anonymous_5)
FN:90,readSecretViaGcloud
FN:100,getAccessTokenViaGcloud
FN:116,isMissingAdcError
FN:120,resolveCredentialSecretCandidates
FN:127,(anonymous_10)
FN:130,ensureGoogleCredentials
FN:177,getGoogleCredentialBootstrapState
FNF:13
FNH:2
FNDA:10,(anonymous_0)
FNDA:0,maybeParseJsonPayload
FNDA:0,writeCredentialFile
FNDA:0,hasUsableCredentialFile
FNDA:0,readSecretViaGoogleAuthAsync
FNDA:0,(anonymous_5)
FNDA:0,readSecretViaGcloud
FNDA:0,getAccessTokenViaGcloud
FNDA:0,isMissingAdcError
FNDA:0,resolveCredentialSecretCandidates
FNDA:0,(anonymous_10)
FNDA:0,ensureGoogleCredentials
FNDA:1,getGoogleCredentialBootstrapState
DA:2,5
DA:3,10
DA:5,5
DA:6,5
DA:7,5
DA:8,5
DA:9,5
DA:10,5
DA:11,5
DA:12,5
DA:13,5
DA:14,5
DA:15,5
DA:16,5
DA:17,5
DA:18,5
DA:20,0
DA:21,0
DA:22,0
DA:24,0
DA:25,0
DA:26,0
DA:27,0
DA:30,0
DA:34,0
DA:35,0
DA:36,0
DA:37,0
DA:38,0
DA:39,0
DA:42,0
DA:46,0
DA:47,0
DA:48,0
DA:49,0
DA:50,0
DA:51,0
DA:55,0
DA:56,0
DA:57,0
DA:60,0
DA:61,0
DA:62,0
DA:63,0
DA:66,0
DA:67,0
DA:68,0
DA:69,0
DA:70,0
DA:71,0
DA:72,0
DA:73,0
DA:80,0
DA:81,0
DA:82,0
DA:84,0
DA:85,0
DA:86,0
DA:87,0
DA:88,0
DA:91,0
DA:101,0
DA:102,0
DA:110,0
DA:113,0
DA:117,0
DA:118,0
DA:121,0
DA:127,0
DA:131,0
DA:132,0
DA:133,0
DA:134,0
DA:135,0
DA:136,0
DA:138,0
DA:139,0
DA:140,0
DA:141,0
DA:143,0
DA:144,0
DA:145,0
DA:146,0
DA:147,0
DA:149,0
DA:150,0
DA:151,0
DA:152,0
DA:153,0
DA:154,0
DA:155,0
DA:156,0
DA:159,0
DA:160,0
DA:162,0
DA:163,0
DA:164,0
DA:165,0
DA:166,0
DA:167,0
DA:168,0
DA:174,0
DA:175,0
DA:178,1
LF:104
LH:17
BRDA:2,0,0,5
BRDA:2,0,1,5
BRDA:2,0,2,5
BRDA:3,1,0,0
BRDA:3,1,1,10
BRDA:3,2,0,10
BRDA:3,2,1,10
BRDA:15,3,0,5
BRDA:15,3,1,5
BRDA:15,3,2,5
BRDA:15,3,3,5
BRDA:20,4,0,0
BRDA:20,4,1,0
BRDA:21,5,0,0
BRDA:21,5,1,0
BRDA:24,6,0,0
BRDA:24,6,1,0
BRDA:36,7,0,0
BRDA:36,7,1,0
BRDA:60,8,0,0
BRDA:60,8,1,0
BRDA:61,9,0,0
BRDA:61,9,1,0
BRDA:69,10,0,0
BRDA:69,10,1,0
BRDA:70,11,0,0
BRDA:70,11,1,0
BRDA:80,12,0,0
BRDA:80,12,1,0
BRDA:86,13,0,0
BRDA:86,13,1,0
BRDA:110,14,0,0
BRDA:110,14,1,0
BRDA:127,15,0,0
BRDA:127,15,1,0
BRDA:131,16,0,0
BRDA:131,16,1,0
BRDA:133,17,0,0
BRDA:133,17,1,0
BRDA:134,18,0,0
BRDA:134,18,1,0
BRDA:138,19,0,0
BRDA:138,19,1,0
BRDA:139,20,0,0
BRDA:139,20,1,0
BRDA:143,21,0,0
BRDA:143,21,1,0
BRDA:143,21,2,0
BRDA:145,22,0,0
BRDA:145,22,1,0
BRDA:145,23,0,0
BRDA:145,23,1,0
BRDA:153,24,0,0
BRDA:153,24,1,0
BRDA:159,25,0,0
BRDA:159,25,1,0
BRDA:165,26,0,0
BRDA:165,26,1,0
BRF:58
BRH:10
end_of_record
TN:
SF:src/services/jobSearch.ts
FN:2,(anonymous_0)
FN:6,(anonymous_1)
FN:9,(anonymous_2)
FN:13,(anonymous_3)
FN:15,(anonymous_4)
FN:18,(anonymous_5)
FN:19,(anonymous_6)
FN:20,(anonymous_7)
FN:27,(anonymous_8)
FN:35,(anonymous_9)
FN:64,adzunaFetch
FN:72,(anonymous_11)
FN:73,(anonymous_12)
FN:75,(anonymous_13)
FN:76,(anonymous_14)
FN:85,(anonymous_15)
FN:89,atsFetch
FN:90,(anonymous_17)
FN:97,(anonymous_18)
FN:99,(anonymous_19)
FN:100,(anonymous_20)
FN:109,(anonymous_21)
FN:112,parseGreenhouse
FN:114,(anonymous_23)
FN:123,parseAshby
FN:125,(anonymous_25)
FN:134,parseLever
FN:137,(anonymous_27)
FN:147,getSeenUrls
FN:149,(anonymous_29)
FN:151,markSeen
FN:164,getTitleFilter
FN:173,matchesTitleFilter
FN:175,(anonymous_33)
FN:176,(anonymous_34)
FN:180,isAustralianLocation
FN:188,(anonymous_36)
FN:191,scanAdzuna
FN:250,scanPortals
FN:295,insertListings
FN:303,getListingsByStatus
FN:307,updateListingStatus
FN:310,updateListingByMsgId
FN:314,setListingDiscordMsg
FN:317,updateListingScore
FN:320,getTrackerSummary
FN:328,getProfile
FN:332,upsertProfile
FN:349,(anonymous_48)
FN:353,seedDefaultPortals
FN:375,getListingById
FN:379,saveDraft
FN:382,getPortalByCompany
FN:390,draftApplication
FN:424,(anonymous_54)
FN:453,guessCompanyEmail
FN:470,submitToGreenhouse
FN:497,(anonymous_57)
FN:507,(anonymous_58)
FN:509,(anonymous_59)
FN:510,(anonymous_60)
FN:519,(anonymous_61)
FNF:62
FNH:15
FNDA:0,(anonymous_0)
FNDA:0,(anonymous_1)
FNDA:0,(anonymous_2)
FNDA:0,(anonymous_3)
FNDA:0,(anonymous_4)
FNDA:1,(anonymous_5)
FNDA:0,(anonymous_6)
FNDA:0,(anonymous_7)
FNDA:0,(anonymous_8)
FNDA:2,(anonymous_9)
FNDA:0,adzunaFetch
FNDA:0,(anonymous_11)
FNDA:0,(anonymous_12)
FNDA:0,(anonymous_13)
FNDA:0,(anonymous_14)
FNDA:0,(anonymous_15)
FNDA:0,atsFetch
FNDA:0,(anonymous_17)
FNDA:0,(anonymous_18)
FNDA:0,(anonymous_19)
FNDA:0,(anonymous_20)
FNDA:0,(anonymous_21)
FNDA:0,parseGreenhouse
FNDA:0,(anonymous_23)
FNDA:0,parseAshby
FNDA:0,(anonymous_25)
FNDA:0,parseLever
FNDA:0,(anonymous_27)
FNDA:0,getSeenUrls
FNDA:0,(anonymous_29)
FNDA:0,markSeen
FNDA:0,getTitleFilter
FNDA:0,matchesTitleFilter
FNDA:0,(anonymous_33)
FNDA:0,(anonymous_34)
FNDA:0,isAustralianLocation
FNDA:0,(anonymous_36)
FNDA:0,scanAdzuna
FNDA:0,scanPortals
FNDA:0,insertListings
FNDA:2,getListingsByStatus
FNDA:1,updateListingStatus
FNDA:2,updateListingByMsgId
FNDA:1,setListingDiscordMsg
FNDA:1,updateListingScore
FNDA:2,getTrackerSummary
FNDA:4,getProfile
FNDA:2,upsertProfile
FNDA:3,(anonymous_48)
FNDA:0,seedDefaultPortals
FNDA:2,getListingById
FNDA:1,saveDraft
FNDA:4,getPortalByCompany
FNDA:0,draftApplication
FNDA:0,(anonymous_54)
FNDA:2,guessCompanyEmail
FNDA:0,submitToGreenhouse
FNDA:0,(anonymous_57)
FNDA:0,(anonymous_58)
FNDA:0,(anonymous_59)
FNDA:0,(anonymous_60)
FNDA:0,(anonymous_61)
DA:2,1
DA:3,0
DA:4,0
DA:5,0
DA:6,0
DA:8,0
DA:10,0
DA:11,0
DA:13,1
DA:14,0
DA:16,0
DA:18,1
DA:19,1
DA:20,0
DA:21,0
DA:22,0
DA:23,0
DA:25,0
DA:27,1
DA:28,0
DA:29,0
DA:30,0
DA:31,0
DA:32,0
DA:35,1
DA:36,2
DA:38,1
DA:39,1
DA:40,1
DA:41,1
DA:42,1
DA:43,1
DA:44,1
DA:45,1
DA:46,1
DA:47,1
DA:48,1
DA:49,1
DA:50,1
DA:51,1
DA:52,1
DA:53,1
DA:54,1
DA:55,1
DA:60,1
DA:61,1
DA:62,1
DA:65,0
DA:66,0
DA:67,0
DA:68,0
DA:70,0
DA:71,0
DA:72,0
DA:73,0
DA:74,0
DA:75,0
DA:76,0
DA:77,0
DA:78,0
DA:79,0
DA:81,0
DA:84,0
DA:85,0
DA:90,0
DA:91,0
DA:92,0
DA:98,0
DA:99,0
DA:100,0
DA:101,0
DA:102,0
DA:103,0
DA:105,0
DA:108,0
DA:109,0
DA:113,0
DA:114,0
DA:124,0
DA:125,0
DA:135,0
DA:136,0
DA:137,0
DA:148,0
DA:149,0
DA:152,0
DA:153,0
DA:154,0
DA:155,0
DA:156,0
DA:157,0
DA:158,0
DA:159,0
DA:161,0
DA:165,0
DA:166,0
DA:167,0
DA:168,0
DA:174,0
DA:175,0
DA:176,0
DA:177,0
DA:181,0
DA:182,0
DA:183,0
DA:184,0
DA:188,0
DA:192,0
DA:193,0
DA:198,0
DA:199,0
DA:200,0
DA:201,0
DA:202,0
DA:203,0
DA:204,0
DA:205,0
DA:207,0
DA:208,0
DA:209,0
DA:210,0
DA:211,0
DA:212,0
DA:213,0
DA:214,0
DA:215,0
DA:216,0
DA:217,0
DA:218,0
DA:219,0
DA:221,0
DA:222,0
DA:223,0
DA:225,0
DA:226,0
DA:244,0
DA:245,0
DA:246,0
DA:248,0
DA:251,0
DA:252,0
DA:253,0
DA:254,0
DA:255,0
DA:256,0
DA:257,0
DA:260,0
DA:261,0
DA:262,0
DA:264,0
DA:265,0
DA:266,0
DA:268,0
DA:269,0
DA:270,0
DA:273,0
DA:275,0
DA:276,0
DA:277,0
DA:278,0
DA:279,0
DA:280,0
DA:281,0
DA:282,0
DA:286,0
DA:289,0
DA:290,0
DA:291,0
DA:293,0
DA:296,0
DA:297,0
DA:304,2
DA:305,2
DA:308,1
DA:311,2
DA:312,2
DA:315,1
DA:318,1
DA:321,2
DA:322,2
DA:323,2
DA:324,3
DA:326,2
DA:329,4
DA:330,4
DA:333,2
DA:334,2
DA:335,1
DA:336,1
DA:337,1
DA:338,1
DA:339,1
DA:340,1
DA:342,1
DA:343,1
DA:344,1
DA:347,1
DA:348,1
DA:349,3
DA:350,1
DA:354,0
DA:366,0
DA:367,0
DA:368,0
DA:369,0
DA:370,0
DA:372,0
DA:376,2
DA:377,2
DA:380,1
DA:383,4
DA:384,4
DA:391,0
DA:392,0
DA:393,0
DA:394,0
DA:395,0
DA:396,0
DA:397,0
DA:424,0
DA:425,0
DA:426,0
DA:427,0
DA:428,0
DA:430,0
DA:431,0
DA:432,0
DA:433,0
DA:434,0
DA:437,0
DA:438,0
DA:439,0
DA:443,0
DA:444,0
DA:446,0
DA:447,0
DA:454,2
DA:455,2
DA:456,1
DA:457,1
DA:458,1
DA:463,1
DA:464,1
DA:471,0
DA:472,0
DA:473,0
DA:476,0
DA:477,0
DA:478,0
DA:479,0
DA:480,0
DA:481,0
DA:482,0
DA:483,0
DA:484,0
DA:485,0
DA:486,0
DA:487,0
DA:488,0
DA:496,0
DA:497,0
DA:498,0
DA:508,0
DA:509,0
DA:510,0
DA:511,0
DA:512,0
DA:515,0
DA:519,0
DA:520,0
DA:521,0
LF:271
LH:69
BRDA:2,0,0,1
BRDA:2,0,1,1
BRDA:2,0,2,1
BRDA:2,1,0,1
BRDA:2,1,1,0
BRDA:3,2,0,0
BRDA:3,2,1,0
BRDA:5,3,0,0
BRDA:5,3,1,0
BRDA:5,4,0,0
BRDA:5,4,1,0
BRDA:5,5,0,0
BRDA:5,5,1,0
BRDA:5,6,0,0
BRDA:5,6,1,0
BRDA:10,7,0,0
BRDA:10,7,1,0
BRDA:13,8,0,1
BRDA:13,8,1,1
BRDA:13,8,2,1
BRDA:13,9,0,1
BRDA:13,9,1,0
BRDA:18,10,0,1
BRDA:18,10,1,1
BRDA:18,10,2,1
BRDA:20,11,0,0
BRDA:20,11,1,0
BRDA:22,12,0,0
BRDA:22,12,1,0
BRDA:28,13,0,0
BRDA:28,13,1,0
BRDA:28,14,0,0
BRDA:28,14,1,0
BRDA:30,15,0,0
BRDA:30,15,1,0
BRDA:30,16,0,0
BRDA:30,16,1,0
BRDA:35,17,0,1
BRDA:35,17,1,1
BRDA:35,17,2,1
BRDA:36,18,0,1
BRDA:36,18,1,1
BRDA:36,19,0,2
BRDA:36,19,1,2
BRDA:67,20,0,0
BRDA:67,20,1,0
BRDA:67,21,0,0
BRDA:67,21,1,0
BRDA:70,22,0,0
BRDA:70,22,1,0
BRDA:77,23,0,0
BRDA:77,23,1,0
BRDA:101,24,0,0
BRDA:101,24,1,0
BRDA:113,25,0,0
BRDA:113,25,1,0
BRDA:116,26,0,0
BRDA:116,26,1,0
BRDA:117,27,0,0
BRDA:117,27,1,0
BRDA:119,28,0,0
BRDA:119,28,1,0
BRDA:120,29,0,0
BRDA:120,29,1,0
BRDA:124,30,0,0
BRDA:124,30,1,0
BRDA:127,31,0,0
BRDA:127,31,1,0
BRDA:128,32,0,0
BRDA:128,32,1,0
BRDA:130,33,0,0
BRDA:130,33,1,0
BRDA:131,34,0,0
BRDA:131,34,1,0
BRDA:135,35,0,0
BRDA:135,35,1,0
BRDA:139,36,0,0
BRDA:139,36,1,0
BRDA:140,37,0,0
BRDA:140,37,1,0
BRDA:142,38,0,0
BRDA:142,38,1,0
BRDA:143,39,0,0
BRDA:143,39,1,0
BRDA:152,40,0,0
BRDA:152,40,1,0
BRDA:166,41,0,0
BRDA:166,41,1,0
BRDA:169,42,0,0
BRDA:169,42,1,0
BRDA:170,43,0,0
BRDA:170,43,1,0
BRDA:175,44,0,0
BRDA:175,44,1,0
BRDA:177,45,0,0
BRDA:177,45,1,0
BRDA:181,46,0,0
BRDA:181,46,1,0
BRDA:193,47,0,0
BRDA:193,47,1,0
BRDA:195,48,0,0
BRDA:195,48,1,0
BRDA:195,49,0,0
BRDA:195,49,1,0
BRDA:198,50,0,0
BRDA:198,50,1,0
BRDA:209,51,0,0
BRDA:209,51,1,0
BRDA:214,52,0,0
BRDA:214,52,1,0
BRDA:215,53,0,0
BRDA:215,53,1,0
BRDA:216,54,0,0
BRDA:216,54,1,0
BRDA:217,55,0,0
BRDA:217,55,1,0
BRDA:217,56,0,0
BRDA:217,56,1,0
BRDA:217,56,2,0
BRDA:221,57,0,0
BRDA:221,57,1,0
BRDA:221,58,0,0
BRDA:221,58,1,0
BRDA:228,59,0,0
BRDA:228,59,1,0
BRDA:229,60,0,0
BRDA:229,60,1,0
BRDA:230,61,0,0
BRDA:230,61,1,0
BRDA:231,62,0,0
BRDA:231,62,1,0
BRDA:235,63,0,0
BRDA:235,63,1,0
BRDA:244,64,0,0
BRDA:244,64,1,0
BRDA:260,65,0,0
BRDA:260,65,1,0
BRDA:260,66,0,0
BRDA:260,66,1,0
BRDA:264,67,0,0
BRDA:264,67,1,0
BRDA:264,68,0,0
BRDA:264,68,1,0
BRDA:268,69,0,0
BRDA:268,69,1,0
BRDA:268,70,0,0
BRDA:268,70,1,0
BRDA:276,71,0,0
BRDA:276,71,1,0
BRDA:276,72,0,0
BRDA:276,72,1,0
BRDA:278,73,0,0
BRDA:278,73,1,0
BRDA:280,74,0,0
BRDA:280,74,1,0
BRDA:289,75,0,0
BRDA:289,75,1,0
BRDA:299,76,0,0
BRDA:299,76,1,0
BRDA:299,77,0,0
BRDA:299,77,1,0
BRDA:300,78,0,0
BRDA:300,78,1,0
BRDA:300,79,0,0
BRDA:300,79,1,0
BRDA:300,80,0,0
BRDA:300,80,1,0
BRDA:303,81,0,1
BRDA:312,82,0,2
BRDA:312,82,1,1
BRDA:330,83,0,4
BRDA:330,83,1,2
BRDA:334,84,0,1
BRDA:334,84,1,1
BRDA:369,85,0,0
BRDA:369,85,1,0
BRDA:369,86,0,0
BRDA:369,86,1,0
BRDA:377,87,0,2
BRDA:377,87,1,1
BRDA:384,88,0,4
BRDA:384,88,1,2
BRDA:392,89,0,0
BRDA:392,89,1,0
BRDA:395,90,0,0
BRDA:395,90,1,0
BRDA:400,91,0,0
BRDA:400,91,1,0
BRDA:400,92,0,0
BRDA:400,92,1,0
BRDA:401,93,0,0
BRDA:401,93,1,0
BRDA:402,94,0,0
BRDA:402,94,1,0
BRDA:403,95,0,0
BRDA:403,95,1,0
BRDA:404,96,0,0
BRDA:404,96,1,0
BRDA:405,97,0,0
BRDA:405,97,1,0
BRDA:406,98,0,0
BRDA:406,98,1,0
BRDA:411,99,0,0
BRDA:411,99,1,0
BRDA:412,100,0,0
BRDA:412,100,1,0
BRDA:412,101,0,0
BRDA:412,101,1,0
BRDA:413,102,0,0
BRDA:413,102,1,0
BRDA:426,103,0,0
BRDA:426,103,1,0
BRDA:437,104,0,0
BRDA:437,104,1,0
BRDA:455,105,0,1
BRDA:455,105,1,1
BRDA:472,106,0,0
BRDA:472,106,1,0
BRDA:472,107,0,0
BRDA:472,107,1,0
BRDA:472,107,2,0
BRDA:477,108,0,0
BRDA:477,108,1,0
BRDA:480,109,0,0
BRDA:480,109,1,0
BRDA:481,110,0,0
BRDA:481,110,1,0
BRDA:483,111,0,0
BRDA:483,111,1,0
BRDA:486,112,0,0
BRDA:486,112,1,0
BRDA:492,113,0,0
BRDA:492,113,1,0
BRDA:493,114,0,0
BRDA:493,114,1,0
BRDA:511,115,0,0
BRDA:511,115,1,0
BRDA:511,116,0,0
BRDA:511,116,1,0
BRDA:511,116,2,0
BRF:240
BRH:31
end_of_record
TN:
SF:src/services/runtimeSecrets.ts
FN:12,isSecretManagerEnabled
FN:16,isMissingAdcError
FN:20,resolveSecretName
FN:26,getAccessToken
FN:35,readSecret
FN:47,(anonymous_5)
FN:74,ensureEnvFromSecret
FN:106,loadRuntimeSecrets
FN:107,(anonymous_8)
FNF:9
FNH:2
FNDA:0,isSecretManagerEnabled
FNDA:0,isMissingAdcError
FNDA:0,resolveSecretName
FNDA:0,getAccessToken
FNDA:0,readSecret
FNDA:0,(anonymous_5)
FNDA:24,ensureEnvFromSecret
FNDA:3,loadRuntimeSecrets
FNDA:0,(anonymous_8)
DA:2,1
DA:3,1
DA:4,1
DA:5,1
DA:6,1
DA:7,1
DA:8,1
DA:9,1
DA:10,1
DA:11,1
DA:13,0
DA:14,0
DA:17,0
DA:18,0
DA:21,0
DA:22,0
DA:23,0
DA:24,0
DA:27,0
DA:28,0
DA:29,0
DA:30,0
DA:31,0
DA:32,0
DA:33,0
DA:36,0
DA:37,0
DA:38,0
DA:39,0
DA:46,0
DA:47,0
DA:48,0
DA:50,0
DA:51,0
DA:52,0
DA:53,0
DA:54,0
DA:57,0
DA:58,0
DA:59,0
DA:60,0
DA:70,0
DA:75,24
DA:76,1
DA:77,23
DA:78,23
DA:79,0
DA:80,0
DA:81,0
DA:82,0
DA:83,0
DA:84,0
DA:85,0
DA:86,0
DA:87,0
DA:88,0
DA:90,0
DA:91,0
DA:94,0
DA:95,0
DA:96,0
DA:97,0
DA:98,0
DA:100,0
DA:102,0
DA:103,0
DA:107,3
DA:108,3
DA:109,3
DA:110,0
DA:112,3
DA:113,3
DA:114,3
DA:115,3
DA:116,3
DA:117,3
DA:118,3
DA:119,3
LF:78
LH:25
BRDA:8,0,0,1
BRDA:8,0,1,1
BRDA:8,0,2,1
BRDA:8,0,3,1
BRDA:13,1,0,0
BRDA:13,1,1,0
BRDA:22,2,0,0
BRDA:22,2,1,0
BRDA:22,3,0,0
BRDA:22,3,1,0
BRDA:30,4,0,0
BRDA:30,4,1,0
BRDA:31,5,0,0
BRDA:31,5,1,0
BRDA:46,6,0,0
BRDA:46,6,1,0
BRDA:52,7,0,0
BRDA:52,7,1,0
BRDA:57,8,0,0
BRDA:57,8,1,0
BRDA:75,9,0,1
BRDA:75,9,1,23
BRDA:77,10,0,23
BRDA:77,10,1,0
BRDA:79,11,0,0
BRDA:79,11,1,0
BRDA:81,12,0,0
BRDA:81,12,1,0
BRDA:86,13,0,0
BRDA:86,13,1,0
BRDA:94,14,0,0
BRDA:94,14,1,0
BRDA:96,15,0,0
BRDA:96,15,1,0
BRDA:109,16,0,0
BRDA:109,16,1,3
BRF:36
BRH:8
end_of_record
TN:
SF:src/services/storage.ts
FN:10,uploadEvidence
FNF:1
FNH:1
FNDA:3,uploadEvidence
DA:2,3
DA:3,3
DA:4,3
DA:5,3
DA:6,3
DA:9,3
DA:11,3
DA:12,3
DA:13,3
DA:14,3
DA:15,3
DA:19,3
DA:23,3
LF:13
LH:13
BRDA:9,0,0,3
BRDA:9,0,1,3
BRDA:11,1,0,3
BRDA:11,1,1,0
BRF:4
BRH:3
end_of_record
TN:
SF:src/services/visualRegression.ts
FN:2,(anonymous_0)
FN:29,ensureDir
FN:32,normalizeName
FN:35,parseTargets
FN:43,(anonymous_4)
FN:56,(anonymous_5)
FN:58,withPage
FN:70,fileHash
FN:73,comparePngWithDiff
FN:88,captureSet
FN:102,(anonymous_10)
FN:119,createVisualBaseline
FN:126,runVisualRegressionCheck
FN:164,(anonymous_13)
FN:170,main
FN:180,(anonymous_15)
FNF:16
FNH:10
FNDA:3,(anonymous_0)
FNDA:5,ensureDir
FNDA:2,normalizeName
FNDA:1,parseTargets
FNDA:0,(anonymous_4)
FNDA:0,(anonymous_5)
FNDA:2,withPage
FNDA:0,fileHash
FNDA:0,comparePngWithDiff
FNDA:1,captureSet
FNDA:2,(anonymous_10)
FNDA:1,createVisualBaseline
FNDA:2,runVisualRegressionCheck
FNDA:0,(anonymous_13)
FNDA:1,main
FNDA:0,(anonymous_15)
DA:2,1
DA:3,3
DA:5,1
DA:6,1
DA:7,1
DA:8,1
DA:9,1
DA:10,1
DA:11,1
DA:12,1
DA:15,1
DA:17,1
DA:18,1
DA:22,1
DA:23,1
DA:24,1
DA:25,1
DA:26,1
DA:27,1
DA:28,1
DA:30,5
DA:33,2
DA:36,1
DA:37,1
DA:38,1
DA:39,1
DA:41,0
DA:44,0
DA:45,0
DA:46,0
DA:47,0
DA:48,0
DA:49,0
DA:50,0
DA:53,0
DA:56,0
DA:59,2
DA:60,2
DA:66,2
DA:67,2
DA:68,2
DA:71,0
DA:74,0
DA:75,0
DA:76,0
DA:77,0
DA:79,0
DA:80,0
DA:81,0
DA:82,0
DA:83,0
DA:84,0
DA:86,0
DA:89,1
DA:90,1
DA:91,1
DA:92,0
DA:94,1
DA:95,1
DA:96,1
DA:97,1
DA:98,1
DA:99,2
DA:100,2
DA:101,2
DA:102,2
DA:103,2
DA:104,2
DA:105,2
DA:106,2
DA:109,2
DA:115,1
DA:117,1
DA:120,1
DA:121,1
DA:122,1
DA:123,1
DA:124,1
DA:127,2
DA:128,2
DA:129,2
DA:131,0
DA:132,0
DA:133,0
DA:134,0
DA:135,0
DA:136,0
DA:137,0
DA:138,0
DA:139,0
DA:140,0
DA:141,0
DA:142,0
DA:143,0
DA:145,0
DA:146,0
DA:148,0
DA:149,0
DA:150,0
DA:151,0
DA:155,0
DA:156,0
DA:159,0
DA:160,0
DA:162,0
DA:164,0
DA:171,1
DA:172,1
DA:175,1
DA:176,1
DA:177,0
DA:180,1
DA:181,0
DA:182,0
LF:114
LH:63
BRDA:2,0,0,1
BRDA:2,0,1,1
BRDA:2,0,2,1
BRDA:3,1,0,1
BRDA:3,1,1,2
BRDA:3,2,0,3
BRDA:3,2,1,3
BRDA:27,3,0,1
BRDA:27,3,1,1
BRDA:28,4,0,1
BRDA:28,4,1,1
BRDA:36,5,0,1
BRDA:36,5,1,1
BRDA:37,6,0,1
BRDA:37,6,1,0
BRDA:38,7,0,1
BRDA:38,7,1,1
BRDA:45,8,0,0
BRDA:45,8,1,0
BRDA:49,9,0,0
BRDA:49,9,1,0
BRDA:49,10,0,0
BRDA:49,10,1,0
BRDA:64,11,0,2
BRDA:64,11,1,0
BRDA:76,12,0,0
BRDA:76,12,1,0
BRDA:76,13,0,0
BRDA:76,13,1,0
BRDA:82,14,0,0
BRDA:82,14,1,0
BRDA:83,15,0,0
BRDA:83,15,1,0
BRDA:91,16,0,0
BRDA:91,16,1,1
BRDA:128,17,0,2
BRDA:128,17,1,0
BRDA:141,18,0,0
BRDA:141,18,1,0
BRDA:145,19,0,0
BRDA:145,19,1,0
BRDA:150,20,0,0
BRDA:150,20,1,0
BRDA:159,21,0,0
BRDA:159,21,1,0
BRDA:171,22,0,1
BRDA:171,22,1,1
BRDA:172,23,0,0
BRDA:172,23,1,1
BRDA:176,24,0,0
BRDA:176,24,1,1
BRDA:176,25,0,1
BRDA:176,25,1,1
BRF:53
BRH:25
end_of_record
TN:
SF:src/utils/errors.ts
FN:5,errMsg
FNF:1
FNH:1
FNDA:18,errMsg
DA:2,49
DA:3,49
DA:6,18
DA:7,10
DA:8,8
DA:9,8
LF:6
LH:6
BRDA:6,0,0,10
BRDA:6,0,1,8
BRDA:8,1,0,8
BRDA:8,1,1,2
BRDA:9,2,0,8
BRDA:9,2,1,3
BRF:6
BRH:6
end_of_record
TN:
SF:src/utils/time.ts
FN:8,formatAge
FNF:1
FNH:1
FNDA:18,formatAge
DA:2,3
DA:3,3
DA:9,18
DA:10,4
DA:11,14
DA:12,5
DA:13,9
DA:14,3
DA:15,6
DA:16,3
DA:17,3
LF:11
LH:11
BRDA:9,0,0,4
BRDA:9,0,1,14
BRDA:9,1,0,18
BRDA:9,1,1,16
BRDA:11,2,0,5
BRDA:11,2,1,9
BRDA:13,3,0,3
BRDA:13,3,1,6
BRDA:15,4,0,3
BRDA:15,4,1,3
BRF:10
BRH:10
end_of_record
